#
# A fatal error has been detected by the Java Runtime Environment:
#
#  SIGSEGV (0xb) at pc=0x00007f0c4f2199f5, pid=3745, tid=0x00007f0c4e527700
#
# JRE version: OpenJDK Runtime Environment (8.0_131-b11) (build 1.8.0_131-8u131-b11-2ubuntu1.16.04.3-b11)
# Java VM: OpenJDK 64-Bit Server VM (25.131-b11 mixed mode linux-amd64 compressed oops)
# Problematic frame:
# C  [libnvidia-opencl.so.1+0xbc9f5]
#
# Failed to write core dump. Core dumps have been disabled. To enable core dumping, try "ulimit -c unlimited" before starting Java again
#
# If you would like to submit a bug report, please visit:
#   http://bugreport.java.com/bugreport/crash.jsp
# The crash happened outside the Java Virtual Machine in native code.
# See problematic frame for where to report the bug.
#

---------------  T H R E A D  ---------------

Current thread (0x00007f0c7434e000):  JavaThread "AWT-EventQueue-0" [_thread_in_native, id=3795, stack(0x00007f0c4e427000,0x00007f0c4e528000)]

siginfo: si_signo: 11 (SIGSEGV), si_code: 1 (SEGV_MAPERR), si_addr: 0x0000000000000008

Registers:
RAX=0x00007f0c7435ad20, RBX=0x00007f0c4e524310, RCX=0x0000000000000000, RDX=0x00007f0bf005bdd0
RSP=0x00007f0c4e5242f0, RBP=0x00007f0c4e5243c0, RSI=0x0000000000000000, RDI=0x00007f0bf005bdb0
R8 =0x0000000000000000, R9 =0x00007f0bf005bdb0, R10=0x00007f0c7435acd0, R11=0x00007f0c7435ae50
R12=0x0000000000000001, R13=0x00007f0bf005bdf0, R14=0x0000000000000000, R15=0x00000000fffffffa
RIP=0x00007f0c4f2199f5, EFLAGS=0x0000000000010202, CSGSFS=0x0000000000000033, ERR=0x0000000000000004
  TRAPNO=0x000000000000000e

Top of Stack: (sp=0x00007f0c4e5242f0)
0x00007f0c4e5242f0:   0000000000000000 00007f0bf005bdd0
0x00007f0c4e524300:   0000000000000000 00007f0c5cbe8e57
0x00007f0c4e524310:   00007f0c7435ad20 0000000000000001
0x00007f0c4e524320:   00007f0bf005bdb0 0000000000000000
0x00007f0c4e524330:   0000000000000000 0000000000000000
0x00007f0c4e524340:   0000000000000000 0000000000000000
0x00007f0c4e524350:   0000000000000000 0000000000000000
0x00007f0c4e524360:   0000000000000000 00007f0c4e5244e0
0x00007f0c4e524370:   0000000000000001 00007f0bf005bdd0
0x00007f0c4e524380:   0000000000000000 0000000000000001
0x00007f0c4e524390:   00007f0c7434e1e0 00007f0c5cbe59c4
0x00007f0c4e5243a0:   00007f0c7412f6b0 00007f0bf005bdf0
0x00007f0c4e5243b0:   0000000000000000 000000017434e000
0x00007f0c4e5243c0:   00007f0c00000000 00007f0c7434e000
0x00007f0c4e5243d0:   0000000000000000 00007f0c7434e000
0x00007f0c4e5243e0:   00007f0c4e524420 26f143a5147e7600
0x00007f0c4e5243f0:   00007f0c784f54e0 00007f0c784ff7a8
0x00007f0c4e524400:   00007f0c4e5244a8 0000000000000000
0x00007f0c4e524410:   00007f0c784ff7a8 00007f0c4e5244f0
0x00007f0c4e524420:   00007f0c7434e000 00007f0c65017774
0x00007f0c4e524430:   0000000000000000 00007f0c4e5244c8
0x00007f0c4e524440:   00007f0c784ff7a8 00007f0c4e5244f0
0x00007f0c4e524450:   00007f0c4e5244a8 00007f0c65017507
0x00007f0c4e524460:   00007f0c650174c2 00007f0c4e524468
0x00007f0c4e524470:   00007f0c784ff7a8 00007f0c4e5244f0
0x00007f0c4e524480:   00007f0c7850a620 0000000000000000
0x00007f0c4e524490:   00007f0c784ff7a8 0000000000000000
0x00007f0c4e5244a0:   00007f0c4e5244c8 00007f0c4e524538
0x00007f0c4e5244b0:   00007f0c65007d80 000000076cef3aa0
0x00007f0c4e5244c0:   00007f0c6501127b 000000076f26dac0
0x00007f0c4e5244d0:   0000000000000000 0000000000000000
0x00007f0c4e5244e0:   000000076f26daa8 0000000000000001 

Instructions: (pc=0x00007f0c4f2199f5)
0x00007f0c4f2199d5:   31 c9 45 31 c9 48 8b 40 40 48 89 07 48 8b 44 24
0x00007f0c4f2199e5:   20 49 01 f9 48 85 c0 0f 84 7e 00 00 00 49 8b 31
0x00007f0c4f2199f5:   48 39 46 08 0f 85 b7 00 00 00 83 c1 01 39 4c 24
0x00007f0c4f219a05:   28 76 79 89 ce 85 c9 4c 8d 0c f5 00 00 00 00 4a 

Register to memory mapping:

RAX=0x00007f0c7435ad20 is an unknown value
RBX=0x00007f0c4e524310 is pointing into the stack for thread: 0x00007f0c7434e000
RCX=0x0000000000000000 is an unknown value
RDX=0x00007f0bf005bdd0 is an unknown value
RSP=0x00007f0c4e5242f0 is pointing into the stack for thread: 0x00007f0c7434e000
RBP=0x00007f0c4e5243c0 is pointing into the stack for thread: 0x00007f0c7434e000
RSI=0x0000000000000000 is an unknown value
RDI=0x00007f0bf005bdb0 is an unknown value
R8 =0x0000000000000000 is an unknown value
R9 =0x00007f0bf005bdb0 is an unknown value
R10=0x00007f0c7435acd0 is an unknown value
R11=0x00007f0c7435ae50 is an unknown value
R12=0x0000000000000001 is an unknown value
R13=0x00007f0bf005bdf0 is an unknown value
R14=0x0000000000000000 is an unknown value
R15=0x00000000fffffffa is an unknown value


Stack: [0x00007f0c4e427000,0x00007f0c4e528000],  sp=0x00007f0c4e5242f0,  free space=1012k
Native frames: (J=compiled Java code, j=interpreted, Vv=VM code, C=native code)
C  [libnvidia-opencl.so.1+0xbc9f5]
C  0x00007f0c7434e000

Java frames: (J=compiled Java code, j=interpreted, Vv=VM code)
j  org.jocl.CL.clCreateContextNative(Lorg/jocl/cl_context_properties;I[Lorg/jocl/cl_device_id;Lorg/jocl/CreateContextFunction;Ljava/lang/Object;[I)Lorg/jocl/cl_context;+0
j  org.jocl.CL.clCreateContext(Lorg/jocl/cl_context_properties;I[Lorg/jocl/cl_device_id;Lorg/jocl/CreateContextFunction;Ljava/lang/Object;[I)Lorg/jocl/cl_context;+24
j  parallel.JoclInitializer.createContext(Lorg/jocl/cl_device_id;)Lorg/jocl/cl_context;+54
j  pink.PipGui$1.actionPerformed(Ljava/awt/event/ActionEvent;)V+35
j  javax.swing.AbstractButton.fireActionPerformed(Ljava/awt/event/ActionEvent;)V+83
j  javax.swing.AbstractButton$Handler.actionPerformed(Ljava/awt/event/ActionEvent;)V+5
j  javax.swing.DefaultButtonModel.fireActionPerformed(Ljava/awt/event/ActionEvent;)V+34
j  javax.swing.JToggleButton$ToggleButtonModel.setPressed(Z)V+148
j  javax.swing.AbstractButton.doClick(I)V+64
j  javax.swing.plaf.basic.BasicMenuItemUI.doClick(Ljavax/swing/MenuSelectionManager;)V+53
j  javax.swing.plaf.basic.BasicMenuItemUI$Handler.mouseReleased(Ljava/awt/event/MouseEvent;)V+76
j  java.awt.Component.processMouseEvent(Ljava/awt/event/MouseEvent;)V+64
j  javax.swing.JComponent.processMouseEvent(Ljava/awt/event/MouseEvent;)V+23
j  java.awt.Component.processEvent(Ljava/awt/AWTEvent;)V+81
j  java.awt.Container.processEvent(Ljava/awt/AWTEvent;)V+18
J 1297 C1 java.awt.Component.dispatchEventImpl(Ljava/awt/AWTEvent;)V (883 bytes) @ 0x00007f0c6544de04 [0x00007f0c65448940+0x54c4]
J 1087 C1 java.awt.Container.dispatchEventImpl(Ljava/awt/AWTEvent;)V (129 bytes) @ 0x00007f0c65395fac [0x00007f0c65395e60+0x14c]
J 1086 C1 java.awt.Component.dispatchEvent(Ljava/awt/AWTEvent;)V (6 bytes) @ 0x00007f0c653916c4 [0x00007f0c653915c0+0x104]
j  java.awt.LightweightDispatcher.retargetMouseEvent(Ljava/awt/Component;ILjava/awt/event/MouseEvent;)V+327
j  java.awt.LightweightDispatcher.processMouseEvent(Ljava/awt/event/MouseEvent;)Z+155
J 1314 C1 java.awt.LightweightDispatcher.dispatchEvent(Ljava/awt/AWTEvent;)Z (73 bytes) @ 0x00007f0c6545c034 [0x00007f0c6545bc00+0x434]
J 1087 C1 java.awt.Container.dispatchEventImpl(Ljava/awt/AWTEvent;)V (129 bytes) @ 0x00007f0c65395f4c [0x00007f0c65395e60+0xec]
J 1310 C1 java.awt.Window.dispatchEventImpl(Ljava/awt/AWTEvent;)V (23 bytes) @ 0x00007f0c6545a1cc [0x00007f0c65459be0+0x5ec]
J 1340 C1 java.awt.EventQueue.dispatchEventImpl(Ljava/awt/AWTEvent;Ljava/lang/Object;)V (149 bytes) @ 0x00007f0c65483ca4 [0x00007f0c65482440+0x1864]
J 1338 C1 java.awt.EventQueue$3.run()Ljava/lang/Void; (60 bytes) @ 0x00007f0c65481814 [0x00007f0c65481600+0x214]
J 1337 C1 java.awt.EventQueue$3.run()Ljava/lang/Object; (5 bytes) @ 0x00007f0c6548128c [0x00007f0c65481200+0x8c]
v  ~StubRoutines::call_stub
J 654  java.security.AccessController.doPrivileged(Ljava/security/PrivilegedAction;Ljava/security/AccessControlContext;)Ljava/lang/Object; (0 bytes) @ 0x00007f0c652a2d63 [0x00007f0c652a2d00+0x63]
J 931 C1 java.security.ProtectionDomain$JavaSecurityAccessImpl.doIntersectionPrivilege(Ljava/security/PrivilegedAction;Ljava/security/AccessControlContext;Ljava/security/AccessControlContext;)Ljava/lang/Object; (22 bytes) @ 0x00007f0c653423dc [0x00007f0c65341f60+0x47c]
j  java.security.ProtectionDomain$JavaSecurityAccessImpl.doIntersectionPrivilege(Ljava/security/PrivilegedAction;Ljava/security/AccessControlContext;)Ljava/lang/Object;+6
j  java.awt.EventQueue$4.run()Ljava/lang/Void;+11
j  java.awt.EventQueue$4.run()Ljava/lang/Object;+1
v  ~StubRoutines::call_stub
J 654  java.security.AccessController.doPrivileged(Ljava/security/PrivilegedAction;Ljava/security/AccessControlContext;)Ljava/lang/Object; (0 bytes) @ 0x00007f0c652a2d63 [0x00007f0c652a2d00+0x63]
J 1236 C1 java.awt.EventQueue.dispatchEvent(Ljava/awt/AWTEvent;)V (80 bytes) @ 0x00007f0c653e27f4 [0x00007f0c653e1940+0xeb4]
J 1239 C1 java.awt.EventDispatchThread.pumpOneEventForFilters(I)V (295 bytes) @ 0x00007f0c653e6a54 [0x00007f0c653e4d80+0x1cd4]
j  java.awt.EventDispatchThread.pumpEventsForFilter(ILjava/awt/Conditional;Ljava/awt/EventFilter;)V+35
j  java.awt.EventDispatchThread.pumpEventsForHierarchy(ILjava/awt/Conditional;Ljava/awt/Component;)V+11
j  java.awt.EventDispatchThread.pumpEvents(ILjava/awt/Conditional;)V+4
j  java.awt.EventDispatchThread.pumpEvents(Ljava/awt/Conditional;)V+3
j  java.awt.EventDispatchThread.run()V+9
v  ~StubRoutines::call_stub

---------------  P R O C E S S  ---------------

Java Threads: ( => current thread )
  0x00007f0bf005e000 JavaThread "TimerQueue" daemon [_thread_blocked, id=3953, stack(0x00007f0c4d80a000,0x00007f0c4d90b000)]
  0x00007f0c7400a000 JavaThread "DestroyJavaVM" [_thread_blocked, id=3747, stack(0x00007f0c7dd23000,0x00007f0c7de24000)]
=>0x00007f0c7434e000 JavaThread "AWT-EventQueue-0" [_thread_in_native, id=3795, stack(0x00007f0c4e427000,0x00007f0c4e528000)]
  0x00007f0c7434c000 JavaThread "AWT-Shutdown" [_thread_blocked, id=3794, stack(0x00007f0c540bb000,0x00007f0c541bc000)]
  0x00007f0c74299000 JavaThread "AWT-XAWT" daemon [_thread_in_native, id=3783, stack(0x00007f0c5c083000,0x00007f0c5c184000)]
  0x00007f0c7427a000 JavaThread "Java2D Disposer" daemon [_thread_blocked, id=3782, stack(0x00007f0c5c184000,0x00007f0c5c285000)]
  0x00007f0c740cc000 JavaThread "Service Thread" daemon [_thread_blocked, id=3770, stack(0x00007f0c5e5f0000,0x00007f0c5e6f1000)]
  0x00007f0c740bf800 JavaThread "C1 CompilerThread3" daemon [_thread_blocked, id=3769, stack(0x00007f0c5e6f1000,0x00007f0c5e7f2000)]
  0x00007f0c740ba800 JavaThread "C2 CompilerThread2" daemon [_thread_blocked, id=3768, stack(0x00007f0c5e7f2000,0x00007f0c5e8f3000)]
  0x00007f0c740b9000 JavaThread "C2 CompilerThread1" daemon [_thread_blocked, id=3767, stack(0x00007f0c5e8f3000,0x00007f0c5e9f4000)]
  0x00007f0c740b6000 JavaThread "C2 CompilerThread0" daemon [_thread_blocked, id=3766, stack(0x00007f0c5e9f4000,0x00007f0c5eaf5000)]
  0x00007f0c740b4000 JavaThread "Signal Dispatcher" daemon [_thread_blocked, id=3765, stack(0x00007f0c5eaf5000,0x00007f0c5ebf6000)]
  0x00007f0c7408c000 JavaThread "Finalizer" daemon [_thread_blocked, id=3764, stack(0x00007f0c5eece000,0x00007f0c5efcf000)]
  0x00007f0c74087000 JavaThread "Reference Handler" daemon [_thread_blocked, id=3763, stack(0x00007f0c5efcf000,0x00007f0c5f0d0000)]

Other Threads:
  0x00007f0c7407f800 VMThread [stack: 0x00007f0c5f0d0000,0x00007f0c5f1d1000] [id=3762]
  0x00007f0c740ce800 WatcherThread [stack: 0x00007f0c5e4ef000,0x00007f0c5e5f0000] [id=3771]

VM state:not at safepoint (normal execution)

VM Mutex/Monitor currently owned by a thread: None

Heap:
 PSYoungGen      total 74752K, used 40336K [0x000000076cb80000, 0x0000000771e80000, 0x00000007c0000000)
  eden space 64512K, 62% used [0x000000076cb80000,0x000000076f2e4028,0x0000000770a80000)
  from space 10240K, 0% used [0x0000000771480000,0x0000000771480000,0x0000000771e80000)
  to   space 10240K, 0% used [0x0000000770a80000,0x0000000770a80000,0x0000000771480000)
 ParOldGen       total 171008K, used 0K [0x00000006c6200000, 0x00000006d0900000, 0x000000076cb80000)
  object space 171008K, 0% used [0x00000006c6200000,0x00000006c6200000,0x00000006d0900000)
 Metaspace       used 16423K, capacity 16630K, committed 16768K, reserved 1064960K
  class space    used 2045K, capacity 2123K, committed 2176K, reserved 1048576K

Card table byte_map: [0x00007f0c79de7000,0x00007f0c7a5b7000] byte_map_base: 0x00007f0c767b6000

Marking Bits: (ParMarkBitMap*) 0x00007f0c7cff42c0
 Begin Bits: [0x00007f0c28310000, 0x00007f0c2c188000)
 End Bits:   [0x00007f0c2c188000, 0x00007f0c30000000)

Polling page: 0x00007f0c7de47000

CodeCache: size=245760Kb used=4735Kb max_used=4735Kb free=241024Kb
 bounds [0x00007f0c65000000, 0x00007f0c654b0000, 0x00007f0c74000000]
 total_blobs=2005 nmethods=1380 adapters=539
 compilation: enabled

Compilation events (10 events):
Event: 8.142 Thread 0x00007f0c740bf800 nmethod 1373 0x00007f0c6549c150 code [0x00007f0c6549c380, 0x00007f0c6549d018]
Event: 8.164 Thread 0x00007f0c740bf800 1374       3       java.awt.Component::eventTypeEnabled (487 bytes)
Event: 8.166 Thread 0x00007f0c740bf800 nmethod 1374 0x00007f0c6549d550 code [0x00007f0c6549d700, 0x00007f0c6549e170]
Event: 8.412 Thread 0x00007f0c740bf800 1375       3       java.awt.EventQueue$4::run (5 bytes)
Event: 8.414 Thread 0x00007f0c740bf800 nmethod 1375 0x00007f0c6549e1d0 code [0x00007f0c6549e3c0, 0x00007f0c6549ea78]
Event: 8.414 Thread 0x00007f0c740bf800 1380       3       javax.swing.DefaultButtonModel::isSelected (15 bytes)
Event: 8.414 Thread 0x00007f0c740bf800 nmethod 1380 0x00007f0c6549ef10 code [0x00007f0c6549f080, 0x00007f0c6549f230]
Event: 8.414 Thread 0x00007f0c740bf800 1379       3       javax.swing.plaf.synth.SynthLookAndFeel::updateStyle (44 bytes)
Event: 8.415 Thread 0x00007f0c740bf800 nmethod 1379 0x00007f0c6549f290 code [0x00007f0c6549f480, 0x00007f0c6549fe38]
Event: 8.415 Thread 0x00007f0c740bf800 1376       3       java.awt.EventQueue$4::run (19 bytes)

GC Heap History (0 events):
No events

Deoptimization events (6 events):
Event: 0.330 Thread 0x00007f0c7400a000 Uncommon trap: reason=class_check action=maybe_recompile pc=0x00007f0c651629dc method=java.lang.String.equals(Ljava/lang/Object;)Z @ 8
Event: 0.330 Thread 0x00007f0c7400a000 Uncommon trap: reason=class_check action=maybe_recompile pc=0x00007f0c651629dc method=java.lang.String.equals(Ljava/lang/Object;)Z @ 8
Event: 0.330 Thread 0x00007f0c7400a000 Uncommon trap: reason=class_check action=maybe_recompile pc=0x00007f0c651629dc method=java.lang.String.equals(Ljava/lang/Object;)Z @ 8
Event: 0.330 Thread 0x00007f0c7400a000 Uncommon trap: reason=class_check action=maybe_recompile pc=0x00007f0c651629dc method=java.lang.String.equals(Ljava/lang/Object;)Z @ 8
Event: 0.393 Thread 0x00007f0c7434e000 Uncommon trap: reason=unstable_if action=reinterpret pc=0x00007f0c6527a494 method=sun.java2d.pisces.Renderer$ScanlineIterator.next()I @ 310
Event: 2.892 Thread 0x00007f0c7434e000 Uncommon trap: reason=unstable_if action=reinterpret pc=0x00007f0c652a9ea8 method=java.util.HashMap.putVal(ILjava/lang/Object;Ljava/lang/Object;ZZ)Ljava/lang/Object; @ 109

Internal exceptions (10 events):
Event: 0.220 Thread 0x00007f0c7400a000 Exception <a 'java/lang/ClassNotFoundException': javax/swing/JToolBarSeparator> (0x000000076d211090) thrown at [/build/openjdk-8-pZyJp3/openjdk-8-8u131-b11/src/hotspot/src/share/vm/classfile/systemDictionary.cpp, line 210]
Event: 0.220 Thread 0x00007f0c7400a000 Exception <a 'java/lang/ClassNotFoundException': ToolBarSeparator> (0x000000076d211528) thrown at [/build/openjdk-8-pZyJp3/openjdk-8-8u131-b11/src/hotspot/src/share/vm/classfile/systemDictionary.cpp, line 210]
Event: 0.220 Thread 0x00007f0c7400a000 Exception <a 'java/lang/ClassNotFoundException': ToolTip> (0x000000076d211c68) thrown at [/build/openjdk-8-pZyJp3/openjdk-8-8u131-b11/src/hotspot/src/share/vm/classfile/systemDictionary.cpp, line 210]
Event: 0.221 Thread 0x00007f0c7400a000 Exception <a 'java/lang/ClassNotFoundException': Tree> (0x000000076d212888) thrown at [/build/openjdk-8-pZyJp3/openjdk-8-8u131-b11/src/hotspot/src/share/vm/classfile/systemDictionary.cpp, line 210]
Event: 0.221 Thread 0x00007f0c7400a000 Exception <a 'java/lang/ClassNotFoundException': Tree> (0x000000076d212fc8) thrown at [/build/openjdk-8-pZyJp3/openjdk-8-8u131-b11/src/hotspot/src/share/vm/classfile/systemDictionary.cpp, line 210]
Event: 0.221 Thread 0x00007f0c7400a000 Exception <a 'java/lang/ClassNotFoundException': javax/swing/JTreeCell> (0x000000076d213348) thrown at [/build/openjdk-8-pZyJp3/openjdk-8-8u131-b11/src/hotspot/src/share/vm/classfile/systemDictionary.cpp, line 210]
Event: 0.221 Thread 0x00007f0c7400a000 Exception <a 'java/lang/ClassNotFoundException': TreeCell> (0x000000076d2137d0) thrown at [/build/openjdk-8-pZyJp3/openjdk-8-8u131-b11/src/hotspot/src/share/vm/classfile/systemDictionary.cpp, line 210]
Event: 0.221 Thread 0x00007f0c7400a000 Exception <a 'java/lang/ClassNotFoundException': RootPane> (0x000000076d214230) thrown at [/build/openjdk-8-pZyJp3/openjdk-8-8u131-b11/src/hotspot/src/share/vm/classfile/systemDictionary.cpp, line 210]
Event: 0.440 Thread 0x00007f0c7434e000 Exception <a 'java/lang/UnsupportedOperationException': > (0x000000076d67f230) thrown at [/build/openjdk-8-pZyJp3/openjdk-8-8u131-b11/src/hotspot/src/share/vm/prims/jni.cpp, line 735]
Event: 3.018 Thread 0x00007f0c7434e000 Exception <a 'java/lang/UnsupportedOperationException': > (0x000000076ed9d870) thrown at [/build/openjdk-8-pZyJp3/openjdk-8-8u131-b11/src/hotspot/src/share/vm/prims/jni.cpp, line 735]

Events (10 events):
Event: 8.413 loading class javax/swing/Popup$DefaultFrame
Event: 8.413 loading class javax/swing/Popup$DefaultFrame done
Event: 8.413 loading class javax/swing/PopupFactory$HeavyWeightPopup$1
Event: 8.413 loading class javax/swing/PopupFactory$HeavyWeightPopup$1 done
Event: 8.414 loading class org/jocl/cl_context_properties
Event: 8.414 loading class org/jocl/cl_context_properties done
Event: 8.415 loading class org/jocl/cl_abstract_properties
Event: 8.415 loading class org/jocl/cl_abstract_properties done
Event: 8.416 loading class java/nio/HeapLongBuffer
Event: 8.416 loading class java/nio/HeapLongBuffer done


Dynamic libraries:
00400000-00401000 r-xp 00000000 08:01 1475821                            /usr/lib/jvm/java-8-openjdk-amd64/jre/bin/java
00600000-00601000 r--p 00000000 08:01 1475821                            /usr/lib/jvm/java-8-openjdk-amd64/jre/bin/java
00601000-00602000 rw-p 00001000 08:01 1475821                            /usr/lib/jvm/java-8-openjdk-amd64/jre/bin/java
024b7000-024d8000 rw-p 00000000 00:00 0                                  [heap]
200000000-400000000 ---p 00000000 00:00 0 
6c6200000-6d0900000 rw-p 00000000 00:00 0 
6d0900000-76cb80000 ---p 00000000 00:00 0 
76cb80000-771e80000 rw-p 00000000 00:00 0 
771e80000-7c0000000 ---p 00000000 00:00 0 
7c0000000-7c0220000 rw-p 00000000 00:00 0 
7c0220000-800000000 ---p 00000000 00:00 0 
800000000-d00000000 ---p 00000000 00:00 0 
7f0be4000000-7f0be4021000 rw-p 00000000 00:00 0 
7f0be4021000-7f0be8000000 ---p 00000000 00:00 0 
7f0bec000000-7f0bec021000 rw-p 00000000 00:00 0 
7f0bec021000-7f0bf0000000 ---p 00000000 00:00 0 
7f0bf0000000-7f0bf0073000 rw-p 00000000 00:00 0 
7f0bf0073000-7f0bf4000000 ---p 00000000 00:00 0 
7f0bf4000000-7f0bf4021000 rw-p 00000000 00:00 0 
7f0bf4021000-7f0bf8000000 ---p 00000000 00:00 0 
7f0bf8000000-7f0bf8021000 rw-p 00000000 00:00 0 
7f0bf8021000-7f0bfc000000 ---p 00000000 00:00 0 
7f0bfc000000-7f0bfc021000 rw-p 00000000 00:00 0 
7f0bfc021000-7f0c00000000 ---p 00000000 00:00 0 
7f0c00000000-7f0c00021000 rw-p 00000000 00:00 0 
7f0c00021000-7f0c04000000 ---p 00000000 00:00 0 
7f0c04000000-7f0c0477d000 rw-p 00000000 00:00 0 
7f0c0477d000-7f0c08000000 ---p 00000000 00:00 0 
7f0c08000000-7f0c08021000 rw-p 00000000 00:00 0 
7f0c08021000-7f0c0c000000 ---p 00000000 00:00 0 
7f0c0c000000-7f0c0c0d4000 rw-p 00000000 00:00 0 
7f0c0c0d4000-7f0c10000000 ---p 00000000 00:00 0 
7f0c10000000-7f0c1008a000 rw-p 00000000 00:00 0 
7f0c1008a000-7f0c14000000 ---p 00000000 00:00 0 
7f0c14000000-7f0c14021000 rw-p 00000000 00:00 0 
7f0c14021000-7f0c18000000 ---p 00000000 00:00 0 
7f0c18000000-7f0c181b3000 rw-p 00000000 00:00 0 
7f0c181b3000-7f0c1c000000 ---p 00000000 00:00 0 
7f0c1c000000-7f0c1c021000 rw-p 00000000 00:00 0 
7f0c1c021000-7f0c20000000 ---p 00000000 00:00 0 
7f0c20000000-7f0c20021000 rw-p 00000000 00:00 0 
7f0c20021000-7f0c24000000 ---p 00000000 00:00 0 
7f0c24000000-7f0c24021000 rw-p 00000000 00:00 0 
7f0c24021000-7f0c28000000 ---p 00000000 00:00 0 
7f0c28310000-7f0c30000000 rw-p 00000000 00:00 0 
7f0c30000000-7f0c30021000 rw-p 00000000 00:00 0 
7f0c30021000-7f0c34000000 ---p 00000000 00:00 0 
7f0c34000000-7f0c34021000 rw-p 00000000 00:00 0 
7f0c34021000-7f0c38000000 ---p 00000000 00:00 0 
7f0c38000000-7f0c38021000 rw-p 00000000 00:00 0 
7f0c38021000-7f0c3c000000 ---p 00000000 00:00 0 
7f0c40000000-7f0c40021000 rw-p 00000000 00:00 0 
7f0c40021000-7f0c44000000 ---p 00000000 00:00 0 
7f0c48000000-7f0c48021000 rw-p 00000000 00:00 0 
7f0c48021000-7f0c4c000000 ---p 00000000 00:00 0 
7f0c4d60a000-7f0c4d64a000 rw-p 00000000 00:00 0 
7f0c4d64a000-7f0c4d80a000 ---p 00000000 00:00 0 
7f0c4d80a000-7f0c4d80d000 ---p 00000000 00:00 0 
7f0c4d80d000-7f0c4d90b000 rw-p 00000000 00:00 0 
7f0c4d90b000-7f0c4d90e000 ---p 00000000 00:00 0 
7f0c4d90e000-7f0c4dc0c000 rw-p 00000000 00:00 0 
7f0c4dc0c000-7f0c4e227000 rw-s 00000000 00:05 210960424                  /SYSV00000000 (deleted)
7f0c4e227000-7f0c4e427000 rw-p 00000000 00:00 0 
7f0c4e427000-7f0c4e42a000 ---p 00000000 00:00 0 
7f0c4e42a000-7f0c4e528000 rw-p 00000000 00:00 0 
7f0c4e528000-7f0c4ebea000 r-xp 00000000 08:01 265710                     /usr/lib/x86_64-linux-gnu/libcuda.so.375.66
7f0c4ebea000-7f0c4ede9000 ---p 006c2000 08:01 265710                     /usr/lib/x86_64-linux-gnu/libcuda.so.375.66
7f0c4ede9000-7f0c4ef04000 rw-p 006c1000 08:01 265710                     /usr/lib/x86_64-linux-gnu/libcuda.so.375.66
7f0c4ef04000-7f0c4ef11000 rw-p 00000000 00:00 0 
7f0c4ef11000-7f0c4ef53000 r-xp 00000000 08:01 2106597                    /usr/lib/nvidia-375/libnvidia-fatbinaryloader.so.375.66
7f0c4ef53000-7f0c4f152000 ---p 00042000 08:01 2106597                    /usr/lib/nvidia-375/libnvidia-fatbinaryloader.so.375.66
7f0c4f152000-7f0c4f15c000 rw-p 00041000 08:01 2106597                    /usr/lib/nvidia-375/libnvidia-fatbinaryloader.so.375.66
7f0c4f15c000-7f0c4f15d000 rw-p 00000000 00:00 0 
7f0c4f15d000-7f0c4f870000 r-xp 00000000 08:01 267351                     /usr/lib/x86_64-linux-gnu/libnvidia-opencl.so.375.66
7f0c4f870000-7f0c4fa6f000 ---p 00713000 08:01 267351                     /usr/lib/x86_64-linux-gnu/libnvidia-opencl.so.375.66
7f0c4fa6f000-7f0c4fb8f000 rw-p 00712000 08:01 267351                     /usr/lib/x86_64-linux-gnu/libnvidia-opencl.so.375.66
7f0c4fb8f000-7f0c4fb9c000 rw-p 00000000 00:00 0 
7f0c4fb9c000-7f0c4fbf3000 r-xp 00000000 08:01 273864                     /usr/lib/x86_64-linux-gnu/libjpeg.so.8.0.2
7f0c4fbf3000-7f0c4fdf3000 ---p 00057000 08:01 273864                     /usr/lib/x86_64-linux-gnu/libjpeg.so.8.0.2
7f0c4fdf3000-7f0c4fdf4000 r--p 00057000 08:01 273864                     /usr/lib/x86_64-linux-gnu/libjpeg.so.8.0.2
7f0c4fdf4000-7f0c4fdf5000 rw-p 00058000 08:01 273864                     /usr/lib/x86_64-linux-gnu/libjpeg.so.8.0.2
7f0c4fdf5000-7f0c4fdff000 r-xp 00000000 08:01 1455846                    /usr/lib/jvm/java-8-openjdk-amd64/jre/lib/amd64/libjavajpeg.so
7f0c4fdff000-7f0c4fffe000 ---p 0000a000 08:01 1455846                    /usr/lib/jvm/java-8-openjdk-amd64/jre/lib/amd64/libjavajpeg.so
7f0c4fffe000-7f0c4ffff000 r--p 00009000 08:01 1455846                    /usr/lib/jvm/java-8-openjdk-amd64/jre/lib/amd64/libjavajpeg.so
7f0c4ffff000-7f0c50000000 rw-p 0000a000 08:01 1455846                    /usr/lib/jvm/java-8-openjdk-amd64/jre/lib/amd64/libjavajpeg.so
7f0c50000000-7f0c50021000 rw-p 00000000 00:00 0 
7f0c50021000-7f0c54000000 ---p 00000000 00:00 0 
7f0c540bb000-7f0c540be000 ---p 00000000 00:00 0 
7f0c540be000-7f0c541bc000 rw-p 00000000 00:00 0 
7f0c541bc000-7f0c541bf000 ---p 00000000 00:00 0 
7f0c541bf000-7f0c542bd000 rw-p 00000000 00:00 0 
7f0c542bd000-7f0c542c4000 r--s 00000000 08:01 412330                     /var/cache/fontconfig/4be9850f182b35c1350b6bbf2e42601c-le64.cache-6
7f0c542c4000-7f0c542c6000 r--s 00000000 08:01 412329                     /var/cache/fontconfig/30a99c4256905863f7aa12b5e873c27c-le64.cache-6
7f0c542c6000-7f0c542c7000 r--s 00000000 08:01 412328                     /var/cache/fontconfig/087e1975ba9a574b140bb1df193bf770-le64.cache-6
7f0c542c7000-7f0c542cb000 r--s 00000000 08:01 394066                     /var/cache/fontconfig/6aa41aa22e18b8fa06a12da28ea9c28b-le64.cache-6
7f0c542cb000-7f0c542d6000 r--s 00000000 08:01 393468                     /var/cache/fontconfig/945677eb7aeaf62f1d50efc3fb3ec7d8-le64.cache-6
7f0c542d6000-7f0c542dc000 r--s 00000000 08:01 409574                     /var/cache/fontconfig/2cd17615ca594fa2959ae173292e504c-le64.cache-6
7f0c542dc000-7f0c542dd000 r--s 00000000 08:01 409573                     /var/cache/fontconfig/0d8c3b2ac0904cb8a57a757ad11a4a08-le64.cache-6
7f0c542dd000-7f0c542f2000 r--s 00000000 08:01 409572                     /var/cache/fontconfig/04aabc0a78ac019cf9454389977116d2-le64.cache-6
7f0c542f2000-7f0c542f3000 r--s 00000000 08:01 409571                     /var/cache/fontconfig/1ac9eb803944fde146138c791f5cc56a-le64.cache-6
7f0c542f3000-7f0c542f4000 r--s 00000000 08:01 412326                     /var/cache/fontconfig/b95bc8ffbebda2bbdae4265e45b8178d-le64.cache-6
7f0c542f4000-7f0c542f8000 r--s 00000000 08:01 409570                     /var/cache/fontconfig/385c0604a188198f04d133e54aba7fe7-le64.cache-6
7f0c542f8000-7f0c542f9000 r--s 00000000 08:01 412325                     /var/cache/fontconfig/9c956a7723ca69a44b382d9179c9802f-le64.cache-6
7f0c542f9000-7f0c542fa000 r--s 00000000 08:01 407069                     /var/cache/fontconfig/dc05db6664285cc2f12bf69c139ae4c3-le64.cache-6
7f0c542fa000-7f0c542fb000 r--s 00000000 08:01 412323                     /var/cache/fontconfig/5d1cca7074f29429a8d18692746c2426-le64.cache-6
7f0c542fb000-7f0c542fe000 r--s 00000000 08:01 407068                     /var/cache/fontconfig/767a8244fc0220cfb567a839d0392e0b-le64.cache-6
7f0c542fe000-7f0c542ff000 r--s 00000000 08:01 430062                     /var/cache/fontconfig/4794a0821666d79190d59a36cb4f44b5-le64.cache-6
7f0c542ff000-7f0c54300000 r--s 00000000 08:01 412322                     /var/cache/fontconfig/9eae20f1ff8cc0a7d125749e875856bd-le64.cache-6
7f0c54300000-7f0c54303000 r--s 00000000 08:01 412321                     /var/cache/fontconfig/bf2c1853a9e9b00bb02fe2e9bcf1e201-le64.cache-6
7f0c54303000-7f0c54308000 r--s 00000000 08:01 407066                     /var/cache/fontconfig/8801497958630a81b71ace7c5f9b32a8-le64.cache-6
7f0c54308000-7f0c54309000 r--s 00000000 08:01 407065                     /var/cache/fontconfig/bab58bb527bb656aaa9f116d68a48d89-le64.cache-6
7f0c54309000-7f0c54310000 r--s 00000000 08:01 407064                     /var/cache/fontconfig/3047814df9a2f067bd2d96a2b9c36e5a-le64.cache-6
7f0c54310000-7f0c54318000 r--s 00000000 08:01 412133                     /var/cache/fontconfig/bf3b770c553c462765856025a94f1ce6-le64.cache-6
7f0c54318000-7f0c54319000 r--s 00000000 08:01 407063                     /var/cache/fontconfig/56cf4f4769d0f4abc89a4895d7bd3ae1-le64.cache-6
7f0c54319000-7f0c5431a000 r--s 00000000 08:01 407062                     /var/cache/fontconfig/b9d506c9ac06c20b433354fa67a72993-le64.cache-6
7f0c5431a000-7f0c54320000 r--s 00000000 08:01 407061                     /var/cache/fontconfig/b47c4e1ecd0709278f4910c18777a504-le64.cache-6
7f0c54320000-7f0c54323000 r--s 00000000 08:01 412320                     /var/cache/fontconfig/14d493b97896515cad3840ba4896e372-le64.cache-6
7f0c54323000-7f0c54326000 r--s 00000000 08:01 412319                     /var/cache/fontconfig/e49e89034d371f0f9de17aab02136486-le64.cache-6
7f0c54326000-7f0c54328000 r--s 00000000 08:01 412318                     /var/cache/fontconfig/4b14b093aebc79c320de5e86ae1d3314-le64.cache-6
7f0c54328000-7f0c54329000 r--s 00000000 08:01 412317                     /var/cache/fontconfig/8aec10f4cc8391dcef22ca549f1e4354-le64.cache-6
7f0c54329000-7f0c5433c000 r--s 00000000 08:01 407060                     /var/cache/fontconfig/d52a8644073d54c13679302ca1180695-le64.cache-6
7f0c5433c000-7f0c5433d000 r--s 00000000 08:01 407056                     /var/cache/fontconfig/551ecf3b0e8b0bca0f25c0944f561853-le64.cache-6
7f0c5433d000-7f0c5433e000 r--s 00000000 08:01 412316                     /var/cache/fontconfig/8a687c406b77f27d99abfeeba937fcce-le64.cache-6
7f0c5433e000-7f0c54343000 r--s 00000000 08:01 412315                     /var/cache/fontconfig/75ad6aa2358a85f0de2c8ee4837e8227-le64.cache-6
7f0c54343000-7f0c54344000 r--s 00000000 08:01 412314                     /var/cache/fontconfig/ac2cf712d852da827a87a9baf682f5b9-le64.cache-6
7f0c54344000-7f0c54346000 r--s 00000000 08:01 412313                     /var/cache/fontconfig/65f976e5259cbe6dc7697b8648396239-le64.cache-6
7f0c54346000-7f0c54351000 r--s 00000000 08:01 412312                     /var/cache/fontconfig/d589a48862398ed80a3d6066f4f56f4c-le64.cache-6
7f0c54351000-7f0c54355000 r--s 00000000 08:01 412311                     /var/cache/fontconfig/246184dc75a16901ca37d96895904249-le64.cache-6
7f0c54355000-7f0c54356000 r--s 00000000 08:01 412310                     /var/cache/fontconfig/94f7fe9bd33aadfac165873bd010d595-le64.cache-6
7f0c54356000-7f0c54358000 r--s 00000000 08:01 412309                     /var/cache/fontconfig/423767150eb258c59035de29db6fca84-le64.cache-6
7f0c54358000-7f0c54359000 r--s 00000000 08:01 412308                     /var/cache/fontconfig/845c20fd2c4814bcec78e05d37a63ccc-le64.cache-6
7f0c54391000-7f0c545b2000 rw-p 00000000 00:00 0 
7f0c545b2000-7f0c545c3000 r-xp 00000000 08:01 1448242                    /usr/lib/jvm/java-8-openjdk-amd64/jre/lib/amd64/libnio.so
7f0c545c3000-7f0c547c3000 ---p 00011000 08:01 1448242                    /usr/lib/jvm/java-8-openjdk-amd64/jre/lib/amd64/libnio.so
7f0c547c3000-7f0c547c4000 r--p 00011000 08:01 1448242                    /usr/lib/jvm/java-8-openjdk-amd64/jre/lib/amd64/libnio.so
7f0c547c4000-7f0c547c5000 rw-p 00012000 08:01 1448242                    /usr/lib/jvm/java-8-openjdk-amd64/jre/lib/amd64/libnio.so
7f0c547c5000-7f0c547d0000 r-xp 00000000 08:01 924246                     /lib/x86_64-linux-gnu/libnss_files-2.23.so
7f0c547d0000-7f0c549cf000 ---p 0000b000 08:01 924246                     /lib/x86_64-linux-gnu/libnss_files-2.23.so
7f0c549cf000-7f0c549d0000 r--p 0000a000 08:01 924246                     /lib/x86_64-linux-gnu/libnss_files-2.23.so
7f0c549d0000-7f0c549d1000 rw-p 0000b000 08:01 924246                     /lib/x86_64-linux-gnu/libnss_files-2.23.so
7f0c549d1000-7f0c579d8000 rw-p 00000000 00:00 0 
7f0c579d8000-7f0c579ef000 r-xp 00000000 08:01 1453372                    /usr/lib/jvm/java-8-openjdk-amd64/jre/lib/amd64/libnet.so
7f0c579ef000-7f0c57bee000 ---p 00017000 08:01 1453372                    /usr/lib/jvm/java-8-openjdk-amd64/jre/lib/amd64/libnet.so
7f0c57bee000-7f0c57bef000 r--p 00016000 08:01 1453372                    /usr/lib/jvm/java-8-openjdk-amd64/jre/lib/amd64/libnet.so
7f0c57bef000-7f0c57bf0000 rw-p 00017000 08:01 1453372                    /usr/lib/jvm/java-8-openjdk-amd64/jre/lib/amd64/libnet.so
7f0c57bf0000-7f0c57bf5000 r-xp 00000000 08:01 273145                     /usr/lib/x86_64-linux-gnu/libXfixes.so.3.1.0
7f0c57bf5000-7f0c57df4000 ---p 00005000 08:01 273145                     /usr/lib/x86_64-linux-gnu/libXfixes.so.3.1.0
7f0c57df4000-7f0c57df5000 r--p 00004000 08:01 273145                     /usr/lib/x86_64-linux-gnu/libXfixes.so.3.1.0
7f0c57df5000-7f0c57df6000 rw-p 00005000 08:01 273145                     /usr/lib/x86_64-linux-gnu/libXfixes.so.3.1.0
7f0c57df6000-7f0c57dff000 r-xp 00000000 08:01 273137                     /usr/lib/x86_64-linux-gnu/libXcursor.so.1.0.2
7f0c57dff000-7f0c57ffe000 ---p 00009000 08:01 273137                     /usr/lib/x86_64-linux-gnu/libXcursor.so.1.0.2
7f0c57ffe000-7f0c57fff000 r--p 00008000 08:01 273137                     /usr/lib/x86_64-linux-gnu/libXcursor.so.1.0.2
7f0c57fff000-7f0c58000000 rw-p 00009000 08:01 273137                     /usr/lib/x86_64-linux-gnu/libXcursor.so.1.0.2
7f0c58000000-7f0c58021000 rw-p 00000000 00:00 0 
7f0c58021000-7f0c5c000000 ---p 00000000 00:00 0 
7f0c5c000000-7f0c5c001000 r--s 00000000 08:01 412307                     /var/cache/fontconfig/e7de81b01590fb7e12b38e274e17d0db-le64.cache-6
7f0c5c001000-7f0c5c002000 r--s 00000000 08:01 412306                     /var/cache/fontconfig/406a1d2d2bf3ed7664fbadefac0b2f66-le64.cache-6
7f0c5c002000-7f0c5c004000 r--s 00000000 08:01 412305                     /var/cache/fontconfig/67709b7835c0f764c1135060c9575660-le64.cache-6
7f0c5c004000-7f0c5c005000 r--s 00000000 08:01 407054                     /var/cache/fontconfig/30829fa25452a46451e813d634d7f916-le64.cache-6
7f0c5c005000-7f0c5c013000 r--s 00000000 08:01 412304                     /var/cache/fontconfig/198d8fcf01c96d0cf813f74fd759bdb7-le64.cache-6
7f0c5c013000-7f0c5c014000 r--s 00000000 08:01 407053                     /var/cache/fontconfig/0c9eb80ebd1c36541ebe2852d3bb0c49-le64.cache-6
7f0c5c014000-7f0c5c017000 r--s 00000000 08:01 407051                     /var/cache/fontconfig/75114ca45c98e8a441da0ff356701271-le64.cache-6
7f0c5c017000-7f0c5c022000 r--s 00000000 08:01 407050                     /var/cache/fontconfig/83bf95040141907cd45bb53cf7c1c148-le64.cache-6
7f0c5c022000-7f0c5c034000 r--s 00000000 08:01 407049                     /var/cache/fontconfig/9b89f8e3dae116d678bbf48e5f21f69b-le64.cache-6
7f0c5c034000-7f0c5c036000 r--s 00000000 08:01 412302                     /var/cache/fontconfig/6e6b34ae150a7ad95e82fb4a522f0bda-le64.cache-6
7f0c5c036000-7f0c5c037000 r--s 00000000 08:01 412301                     /var/cache/fontconfig/3334a778d104e76d188e9df399bc24d2-le64.cache-6
7f0c5c037000-7f0c5c03e000 r--s 00000000 08:01 412300                     /var/cache/fontconfig/53d14c92082a93e67d5078324eb314ca-le64.cache-6
7f0c5c03e000-7f0c5c042000 r--s 00000000 08:01 412132                     /var/cache/fontconfig/6c08beecf0dac481ec92e759e0c2e6d7-le64.cache-6
7f0c5c042000-7f0c5c062000 r--s 00000000 08:01 406067                     /var/cache/fontconfig/e13b20fdb08344e0e664864cc2ede53d-le64.cache-6
7f0c5c062000-7f0c5c083000 r--s 00000000 08:01 393597                     /var/cache/fontconfig/467c019e582ee353435ea5c21d137ef6-le64.cache-6
7f0c5c083000-7f0c5c086000 ---p 00000000 00:00 0 
7f0c5c086000-7f0c5c184000 rw-p 00000000 00:00 0 
7f0c5c184000-7f0c5c187000 ---p 00000000 00:00 0 
7f0c5c187000-7f0c5c285000 rw-p 00000000 00:00 0 
7f0c5c285000-7f0c5c2a9000 r-xp 00000000 08:01 922807                     /lib/x86_64-linux-gnu/libpng12.so.0.54.0
7f0c5c2a9000-7f0c5c4a8000 ---p 00024000 08:01 922807                     /lib/x86_64-linux-gnu/libpng12.so.0.54.0
7f0c5c4a8000-7f0c5c4a9000 r--p 00023000 08:01 922807                     /lib/x86_64-linux-gnu/libpng12.so.0.54.0
7f0c5c4a9000-7f0c5c4aa000 rw-p 00024000 08:01 922807                     /lib/x86_64-linux-gnu/libpng12.so.0.54.0
7f0c5c4aa000-7f0c5c54e000 r-xp 00000000 08:01 262345                     /usr/lib/x86_64-linux-gnu/libfreetype.so.6.12.1
7f0c5c54e000-7f0c5c74d000 ---p 000a4000 08:01 262345                     /usr/lib/x86_64-linux-gnu/libfreetype.so.6.12.1
7f0c5c74d000-7f0c5c753000 r--p 000a3000 08:01 262345                     /usr/lib/x86_64-linux-gnu/libfreetype.so.6.12.1
7f0c5c753000-7f0c5c754000 rw-p 000a9000 08:01 262345                     /usr/lib/x86_64-linux-gnu/libfreetype.so.6.12.1
7f0c5c754000-7f0c5c758000 r--s 00000000 08:01 412131                     /var/cache/fontconfig/4d6aee6d44eccb37054d3216e945f618-le64.cache-6
7f0c5c758000-7f0c5c75c000 r--s 00000000 08:01 412130                     /var/cache/fontconfig/d6c6df98c3df5faf9bd0f8ef4d91efe5-le64.cache-6
7f0c5c75c000-7f0c5c760000 r--s 00000000 08:01 412129                     /var/cache/fontconfig/9fb319ef52839f11ee26ab8b4cffa12b-le64.cache-6
7f0c5c760000-7f0c5c773000 r--s 00000000 08:01 412298                     /var/cache/fontconfig/4ac51e5cfbc76fc3f983e470323a16d3-le64.cache-6
7f0c5c773000-7f0c5c7c5000 r-xp 00000000 08:01 1448241                    /usr/lib/jvm/java-8-openjdk-amd64/jre/lib/amd64/libfontmanager.so
7f0c5c7c5000-7f0c5c9c5000 ---p 00052000 08:01 1448241                    /usr/lib/jvm/java-8-openjdk-amd64/jre/lib/amd64/libfontmanager.so
7f0c5c9c5000-7f0c5c9c7000 r--p 00052000 08:01 1448241                    /usr/lib/jvm/java-8-openjdk-amd64/jre/lib/amd64/libfontmanager.so
7f0c5c9c7000-7f0c5c9c8000 rw-p 00054000 08:01 1448241                    /usr/lib/jvm/java-8-openjdk-amd64/jre/lib/amd64/libfontmanager.so
7f0c5c9c8000-7f0c5c9d1000 r-xp 00000000 08:01 268581                     /usr/lib/x86_64-linux-gnu/libOpenCL.so.1.0.0
7f0c5c9d1000-7f0c5cbd1000 ---p 00009000 08:01 268581                     /usr/lib/x86_64-linux-gnu/libOpenCL.so.1.0.0
7f0c5cbd1000-7f0c5cbd2000 r--p 00009000 08:01 268581                     /usr/lib/x86_64-linux-gnu/libOpenCL.so.1.0.0
7f0c5cbd2000-7f0c5cbd3000 rw-p 0000a000 08:01 268581                     /usr/lib/x86_64-linux-gnu/libOpenCL.so.1.0.0
7f0c5cbd3000-7f0c5cbf1000 r-xp 00000000 08:01 1573559                    /opt/jocl/libJOCL_0_1_9-linux-x86_64.so
7f0c5cbf1000-7f0c5cdf1000 ---p 0001e000 08:01 1573559                    /opt/jocl/libJOCL_0_1_9-linux-x86_64.so
7f0c5cdf1000-7f0c5cdf2000 r--p 0001e000 08:01 1573559                    /opt/jocl/libJOCL_0_1_9-linux-x86_64.so
7f0c5cdf2000-7f0c5cdf3000 rw-p 0001f000 08:01 1573559                    /opt/jocl/libJOCL_0_1_9-linux-x86_64.so
7f0c5cdf3000-7f0c5cdf8000 r-xp 00000000 08:01 273141                     /usr/lib/x86_64-linux-gnu/libXdmcp.so.6.0.0
7f0c5cdf8000-7f0c5cff7000 ---p 00005000 08:01 273141                     /usr/lib/x86_64-linux-gnu/libXdmcp.so.6.0.0
7f0c5cff7000-7f0c5cff8000 r--p 00004000 08:01 273141                     /usr/lib/x86_64-linux-gnu/libXdmcp.so.6.0.0
7f0c5cff8000-7f0c5cff9000 rw-p 00005000 08:01 273141                     /usr/lib/x86_64-linux-gnu/libXdmcp.so.6.0.0
7f0c5cff9000-7f0c5cffb000 r-xp 00000000 08:01 273130                     /usr/lib/x86_64-linux-gnu/libXau.so.6.0.0
7f0c5cffb000-7f0c5d1fb000 ---p 00002000 08:01 273130                     /usr/lib/x86_64-linux-gnu/libXau.so.6.0.0
7f0c5d1fb000-7f0c5d1fc000 r--p 00002000 08:01 273130                     /usr/lib/x86_64-linux-gnu/libXau.so.6.0.0
7f0c5d1fc000-7f0c5d1fd000 rw-p 00003000 08:01 273130                     /usr/lib/x86_64-linux-gnu/libXau.so.6.0.0
7f0c5d1fd000-7f0c5d21e000 r-xp 00000000 08:01 274508                     /usr/lib/x86_64-linux-gnu/libxcb.so.1.1.0
7f0c5d21e000-7f0c5d41d000 ---p 00021000 08:01 274508                     /usr/lib/x86_64-linux-gnu/libxcb.so.1.1.0
7f0c5d41d000-7f0c5d41e000 r--p 00020000 08:01 274508                     /usr/lib/x86_64-linux-gnu/libxcb.so.1.1.0
7f0c5d41e000-7f0c5d41f000 rw-p 00021000 08:01 274508                     /usr/lib/x86_64-linux-gnu/libxcb.so.1.1.0
7f0c5d41f000-7f0c5d42e000 r-xp 00000000 08:01 273151                     /usr/lib/x86_64-linux-gnu/libXi.so.6.1.0
7f0c5d42e000-7f0c5d62d000 ---p 0000f000 08:01 273151                     /usr/lib/x86_64-linux-gnu/libXi.so.6.1.0
7f0c5d62d000-7f0c5d62e000 r--p 0000e000 08:01 273151                     /usr/lib/x86_64-linux-gnu/libXi.so.6.1.0
7f0c5d62e000-7f0c5d62f000 rw-p 0000f000 08:01 273151                     /usr/lib/x86_64-linux-gnu/libXi.so.6.1.0
7f0c5d62f000-7f0c5d634000 r-xp 00000000 08:01 273169                     /usr/lib/x86_64-linux-gnu/libXtst.so.6.1.0
7f0c5d634000-7f0c5d833000 ---p 00005000 08:01 273169                     /usr/lib/x86_64-linux-gnu/libXtst.so.6.1.0
7f0c5d833000-7f0c5d834000 r--p 00004000 08:01 273169                     /usr/lib/x86_64-linux-gnu/libXtst.so.6.1.0
7f0c5d834000-7f0c5d835000 rw-p 00005000 08:01 273169                     /usr/lib/x86_64-linux-gnu/libXtst.so.6.1.0
7f0c5d835000-7f0c5d83e000 r-xp 00000000 08:01 273163                     /usr/lib/x86_64-linux-gnu/libXrender.so.1.3.0
7f0c5d83e000-7f0c5da3d000 ---p 00009000 08:01 273163                     /usr/lib/x86_64-linux-gnu/libXrender.so.1.3.0
7f0c5da3d000-7f0c5da3e000 r--p 00008000 08:01 273163                     /usr/lib/x86_64-linux-gnu/libXrender.so.1.3.0
7f0c5da3e000-7f0c5da3f000 rw-p 00009000 08:01 273163                     /usr/lib/x86_64-linux-gnu/libXrender.so.1.3.0
7f0c5da3f000-7f0c5db74000 r-xp 00000000 08:01 273126                     /usr/lib/x86_64-linux-gnu/libX11.so.6.3.0
7f0c5db74000-7f0c5dd74000 ---p 00135000 08:01 273126                     /usr/lib/x86_64-linux-gnu/libX11.so.6.3.0
7f0c5dd74000-7f0c5dd75000 r--p 00135000 08:01 273126                     /usr/lib/x86_64-linux-gnu/libX11.so.6.3.0
7f0c5dd75000-7f0c5dd79000 rw-p 00136000 08:01 273126                     /usr/lib/x86_64-linux-gnu/libX11.so.6.3.0
7f0c5dd79000-7f0c5dd8a000 r-xp 00000000 08:01 273143                     /usr/lib/x86_64-linux-gnu/libXext.so.6.4.0
7f0c5dd8a000-7f0c5df89000 ---p 00011000 08:01 273143                     /usr/lib/x86_64-linux-gnu/libXext.so.6.4.0
7f0c5df89000-7f0c5df8a000 r--p 00010000 08:01 273143                     /usr/lib/x86_64-linux-gnu/libXext.so.6.4.0
7f0c5df8a000-7f0c5df8b000 rw-p 00011000 08:01 273143                     /usr/lib/x86_64-linux-gnu/libXext.so.6.4.0
7f0c5df8b000-7f0c5df8e000 r--s 00000000 08:01 412297                     /var/cache/fontconfig/c19b55eb3b4c5b40ea175e31682068a5-le64.cache-6
7f0c5df8e000-7f0c5df92000 r--s 00000000 08:01 412295                     /var/cache/fontconfig/3629f2adf904f9a612908891fae71ceb-le64.cache-6
7f0c5df92000-7f0c5df97000 r--s 00000000 08:01 394074                     /var/cache/fontconfig/7ef2298fde41cc6eeb7af42e48b7d293-le64.cache-6
7f0c5df97000-7f0c5dfaa000 r--s 00346000 08:01 1455851                    /usr/lib/jvm/java-8-openjdk-amd64/jre/lib/resources.jar
7f0c5dfaa000-7f0c5dffe000 r-xp 00000000 08:01 1455840                    /usr/lib/jvm/java-8-openjdk-amd64/jre/lib/amd64/libawt_xawt.so
7f0c5dffe000-7f0c5e1fe000 ---p 00054000 08:01 1455840                    /usr/lib/jvm/java-8-openjdk-amd64/jre/lib/amd64/libawt_xawt.so
7f0c5e1fe000-7f0c5e1ff000 r--p 00054000 08:01 1455840                    /usr/lib/jvm/java-8-openjdk-amd64/jre/lib/amd64/libawt_xawt.so
7f0c5e1ff000-7f0c5e202000 rw-p 00055000 08:01 1455840                    /usr/lib/jvm/java-8-openjdk-amd64/jre/lib/amd64/libawt_xawt.so
7f0c5e202000-7f0c5e203000 rw-p 00000000 00:00 0 
7f0c5e203000-7f0c5e2a3000 r-xp 00000000 08:01 1455767                    /usr/lib/jvm/java-8-openjdk-amd64/jre/lib/amd64/libawt.so
7f0c5e2a3000-7f0c5e4a3000 ---p 000a0000 08:01 1455767                    /usr/lib/jvm/java-8-openjdk-amd64/jre/lib/amd64/libawt.so
7f0c5e4a3000-7f0c5e4a4000 r--p 000a0000 08:01 1455767                    /usr/lib/jvm/java-8-openjdk-amd64/jre/lib/amd64/libawt.so
7f0c5e4a4000-7f0c5e4af000 rw-p 000a1000 08:01 1455767                    /usr/lib/jvm/java-8-openjdk-amd64/jre/lib/amd64/libawt.so
7f0c5e4af000-7f0c5e4d4000 rw-p 00000000 00:00 0 
7f0c5e4d4000-7f0c5e4ef000 r--s 001d6000 08:01 1448230                    /usr/lib/jvm/java-8-openjdk-amd64/jre/lib/ext/nashorn.jar
7f0c5e4ef000-7f0c5e4f0000 ---p 00000000 00:00 0 
7f0c5e4f0000-7f0c5e5f0000 rw-p 00000000 00:00 0 
7f0c5e5f0000-7f0c5e5f3000 ---p 00000000 00:00 0 
7f0c5e5f3000-7f0c5e6f1000 rw-p 00000000 00:00 0 
7f0c5e6f1000-7f0c5e6f4000 ---p 00000000 00:00 0 
7f0c5e6f4000-7f0c5e7f2000 rw-p 00000000 00:00 0 
7f0c5e7f2000-7f0c5e7f5000 ---p 00000000 00:00 0 
7f0c5e7f5000-7f0c5e8f3000 rw-p 00000000 00:00 0 
7f0c5e8f3000-7f0c5e8f6000 ---p 00000000 00:00 0 
7f0c5e8f6000-7f0c5e9f4000 rw-p 00000000 00:00 0 
7f0c5e9f4000-7f0c5e9f7000 ---p 00000000 00:00 0 
7f0c5e9f7000-7f0c5eaf5000 rw-p 00000000 00:00 0 
7f0c5eaf5000-7f0c5eaf8000 ---p 00000000 00:00 0 
7f0c5eaf8000-7f0c5ebf6000 rw-p 00000000 00:00 0 
7f0c5ebf6000-7f0c5eece000 r--p 00000000 08:01 285822                     /usr/lib/locale/locale-archive
7f0c5eece000-7f0c5eed1000 ---p 00000000 00:00 0 
7f0c5eed1000-7f0c5efcf000 rw-p 00000000 00:00 0 
7f0c5efcf000-7f0c5efd2000 ---p 00000000 00:00 0 
7f0c5efd2000-7f0c5f0d0000 rw-p 00000000 00:00 0 
7f0c5f0d0000-7f0c5f0d1000 ---p 00000000 00:00 0 
7f0c5f0d1000-7f0c60000000 rw-p 00000000 00:00 0 
7f0c60000000-7f0c60021000 rw-p 00000000 00:00 0 
7f0c60021000-7f0c64000000 ---p 00000000 00:00 0 
7f0c64000000-7f0c64002000 r--s 00000000 08:01 412299                     /var/cache/fontconfig/43bfe21a9e1edebcf703d79ee2950b06-le64.cache-6
7f0c64002000-7f0c6401d000 r--s 00394000 08:01 1448229                    /usr/lib/jvm/java-8-openjdk-amd64/jre/lib/ext/cldrdata.jar
7f0c6401d000-7f0c64e32000 rw-p 00000000 00:00 0 
7f0c64e32000-7f0c65000000 r--s 03c13000 08:01 1448227                    /usr/lib/jvm/java-8-openjdk-amd64/jre/lib/rt.jar
7f0c65000000-7f0c654b0000 rwxp 00000000 00:00 0 
7f0c654b0000-7f0c74000000 ---p 00000000 00:00 0 
7f0c74000000-7f0c7445b000 rw-p 00000000 00:00 0 
7f0c7445b000-7f0c78000000 ---p 00000000 00:00 0 
7f0c78000000-7f0c7800d000 r--s 00000000 08:01 405942                     /var/cache/fontconfig/8f02d4cb045bd6ce15663e43f347c9f8-le64.cache-6
7f0c7800d000-7f0c78017000 r--s 00116000 08:01 1448231                    /usr/lib/jvm/java-8-openjdk-amd64/jre/lib/ext/localedata.jar
7f0c78017000-7f0c790aa000 rw-p 00000000 00:00 0 
7f0c790aa000-7f0c790ab000 ---p 00000000 00:00 0 
7f0c790ab000-7f0c791ab000 rw-p 00000000 00:00 0 
7f0c791ab000-7f0c791ac000 ---p 00000000 00:00 0 
7f0c791ac000-7f0c792ac000 rw-p 00000000 00:00 0 
7f0c792ac000-7f0c792ad000 ---p 00000000 00:00 0 
7f0c792ad000-7f0c793ad000 rw-p 00000000 00:00 0 
7f0c793ad000-7f0c793ae000 ---p 00000000 00:00 0 
7f0c793ae000-7f0c794ae000 rw-p 00000000 00:00 0 
7f0c794ae000-7f0c794af000 ---p 00000000 00:00 0 
7f0c794af000-7f0c795af000 rw-p 00000000 00:00 0 
7f0c795af000-7f0c795b0000 ---p 00000000 00:00 0 
7f0c795b0000-7f0c796b0000 rw-p 00000000 00:00 0 
7f0c796b0000-7f0c796b1000 ---p 00000000 00:00 0 
7f0c796b1000-7f0c797b1000 rw-p 00000000 00:00 0 
7f0c797b1000-7f0c797b2000 ---p 00000000 00:00 0 
7f0c797b2000-7f0c79906000 rw-p 00000000 00:00 0 
7f0c79906000-7f0c79de7000 ---p 00000000 00:00 0 
7f0c79de7000-7f0c79e3b000 rw-p 00000000 00:00 0 
7f0c79e3b000-7f0c7a31b000 ---p 00000000 00:00 0 
7f0c7a31b000-7f0c7a346000 rw-p 00000000 00:00 0 
7f0c7a346000-7f0c7a5b6000 ---p 00000000 00:00 0 
7f0c7a5b6000-7f0c7a5ca000 rw-p 00000000 00:00 0 
7f0c7a5ca000-7f0c7a977000 ---p 00000000 00:00 0 
7f0c7a977000-7f0c7a97f000 r-xp 00000000 08:01 1448251                    /usr/lib/jvm/java-8-openjdk-amd64/jre/lib/amd64/libzip.so
7f0c7a97f000-7f0c7ab7e000 ---p 00008000 08:01 1448251                    /usr/lib/jvm/java-8-openjdk-amd64/jre/lib/amd64/libzip.so
7f0c7ab7e000-7f0c7ab7f000 r--p 00007000 08:01 1448251                    /usr/lib/jvm/java-8-openjdk-amd64/jre/lib/amd64/libzip.so
7f0c7ab7f000-7f0c7ab80000 rw-p 00008000 08:01 1448251                    /usr/lib/jvm/java-8-openjdk-amd64/jre/lib/amd64/libzip.so
7f0c7ab80000-7f0c7ab96000 r-xp 00000000 08:01 924242                     /lib/x86_64-linux-gnu/libnsl-2.23.so
7f0c7ab96000-7f0c7ad95000 ---p 00016000 08:01 924242                     /lib/x86_64-linux-gnu/libnsl-2.23.so
7f0c7ad95000-7f0c7ad96000 r--p 00015000 08:01 924242                     /lib/x86_64-linux-gnu/libnsl-2.23.so
7f0c7ad96000-7f0c7ad97000 rw-p 00016000 08:01 924242                     /lib/x86_64-linux-gnu/libnsl-2.23.so
7f0c7ad97000-7f0c7ad99000 rw-p 00000000 00:00 0 
7f0c7ad99000-7f0c7adb0000 r-xp 00000000 08:01 964164                     /lib/x86_64-linux-gnu/libresolv-2.23.so
7f0c7adb0000-7f0c7afb0000 ---p 00017000 08:01 964164                     /lib/x86_64-linux-gnu/libresolv-2.23.so
7f0c7afb0000-7f0c7afb1000 r--p 00017000 08:01 964164                     /lib/x86_64-linux-gnu/libresolv-2.23.so
7f0c7afb1000-7f0c7afb2000 rw-p 00018000 08:01 964164                     /lib/x86_64-linux-gnu/libresolv-2.23.so
7f0c7afb2000-7f0c7afb4000 rw-p 00000000 00:00 0 
7f0c7afb4000-7f0c7afe6000 r-xp 00000000 08:01 922666                     /lib/libnss_centrifydc.so.2
7f0c7afe6000-7f0c7b1e6000 ---p 00032000 08:01 922666                     /lib/libnss_centrifydc.so.2
7f0c7b1e6000-7f0c7b1e8000 rw-p 00032000 08:01 922666                     /lib/libnss_centrifydc.so.2
7f0c7b1e8000-7f0c7b215000 r-xp 00000000 08:01 1455839                    /usr/lib/jvm/java-8-openjdk-amd64/jre/lib/amd64/libjava.so
7f0c7b215000-7f0c7b414000 ---p 0002d000 08:01 1455839                    /usr/lib/jvm/java-8-openjdk-amd64/jre/lib/amd64/libjava.so
7f0c7b414000-7f0c7b415000 r--p 0002c000 08:01 1455839                    /usr/lib/jvm/java-8-openjdk-amd64/jre/lib/amd64/libjava.so
7f0c7b415000-7f0c7b417000 rw-p 0002d000 08:01 1455839                    /usr/lib/jvm/java-8-openjdk-amd64/jre/lib/amd64/libjava.so
7f0c7b417000-7f0c7b426000 r-xp 00000000 08:01 1448245                    /usr/lib/jvm/java-8-openjdk-amd64/jre/lib/amd64/libverify.so
7f0c7b426000-7f0c7b625000 ---p 0000f000 08:01 1448245                    /usr/lib/jvm/java-8-openjdk-amd64/jre/lib/amd64/libverify.so
7f0c7b625000-7f0c7b627000 r--p 0000e000 08:01 1448245                    /usr/lib/jvm/java-8-openjdk-amd64/jre/lib/amd64/libverify.so
7f0c7b627000-7f0c7b628000 rw-p 00010000 08:01 1448245                    /usr/lib/jvm/java-8-openjdk-amd64/jre/lib/amd64/libverify.so
7f0c7b628000-7f0c7b62f000 r-xp 00000000 08:01 956951                     /lib/x86_64-linux-gnu/librt-2.23.so
7f0c7b62f000-7f0c7b82e000 ---p 00007000 08:01 956951                     /lib/x86_64-linux-gnu/librt-2.23.so
7f0c7b82e000-7f0c7b82f000 r--p 00006000 08:01 956951                     /lib/x86_64-linux-gnu/librt-2.23.so
7f0c7b82f000-7f0c7b830000 rw-p 00007000 08:01 956951                     /lib/x86_64-linux-gnu/librt-2.23.so
7f0c7b830000-7f0c7b846000 r-xp 00000000 08:01 922704                     /lib/x86_64-linux-gnu/libgcc_s.so.1
7f0c7b846000-7f0c7ba45000 ---p 00016000 08:01 922704                     /lib/x86_64-linux-gnu/libgcc_s.so.1
7f0c7ba45000-7f0c7ba46000 rw-p 00015000 08:01 922704                     /lib/x86_64-linux-gnu/libgcc_s.so.1
7f0c7ba46000-7f0c7bb4e000 r-xp 00000000 08:01 964167                     /lib/x86_64-linux-gnu/libm-2.23.so
7f0c7bb4e000-7f0c7bd4d000 ---p 00108000 08:01 964167                     /lib/x86_64-linux-gnu/libm-2.23.so
7f0c7bd4d000-7f0c7bd4e000 r--p 00107000 08:01 964167                     /lib/x86_64-linux-gnu/libm-2.23.so
7f0c7bd4e000-7f0c7bd4f000 rw-p 00108000 08:01 964167                     /lib/x86_64-linux-gnu/libm-2.23.so
7f0c7bd4f000-7f0c7bec1000 r-xp 00000000 08:01 265657                     /usr/lib/x86_64-linux-gnu/libstdc++.so.6.0.21
7f0c7bec1000-7f0c7c0c1000 ---p 00172000 08:01 265657                     /usr/lib/x86_64-linux-gnu/libstdc++.so.6.0.21
7f0c7c0c1000-7f0c7c0cb000 r--p 00172000 08:01 265657                     /usr/lib/x86_64-linux-gnu/libstdc++.so.6.0.21
7f0c7c0cb000-7f0c7c0cd000 rw-p 0017c000 08:01 265657                     /usr/lib/x86_64-linux-gnu/libstdc++.so.6.0.21
7f0c7c0cd000-7f0c7c0d1000 rw-p 00000000 00:00 0 
7f0c7c0d1000-7f0c7cd25000 r-xp 00000000 08:01 1448250                    /usr/lib/jvm/java-8-openjdk-amd64/jre/lib/amd64/server/libjvm.so
7f0c7cd25000-7f0c7cf25000 ---p 00c54000 08:01 1448250                    /usr/lib/jvm/java-8-openjdk-amd64/jre/lib/amd64/server/libjvm.so
7f0c7cf25000-7f0c7cfb8000 r--p 00c54000 08:01 1448250                    /usr/lib/jvm/java-8-openjdk-amd64/jre/lib/amd64/server/libjvm.so
7f0c7cfb8000-7f0c7cfe1000 rw-p 00ce7000 08:01 1448250                    /usr/lib/jvm/java-8-openjdk-amd64/jre/lib/amd64/server/libjvm.so
7f0c7cfe1000-7f0c7d011000 rw-p 00000000 00:00 0 
7f0c7d011000-7f0c7d029000 r-xp 00000000 08:01 924248                     /lib/x86_64-linux-gnu/libpthread-2.23.so
7f0c7d029000-7f0c7d228000 ---p 00018000 08:01 924248                     /lib/x86_64-linux-gnu/libpthread-2.23.so
7f0c7d228000-7f0c7d229000 r--p 00017000 08:01 924248                     /lib/x86_64-linux-gnu/libpthread-2.23.so
7f0c7d229000-7f0c7d22a000 rw-p 00018000 08:01 924248                     /lib/x86_64-linux-gnu/libpthread-2.23.so
7f0c7d22a000-7f0c7d22e000 rw-p 00000000 00:00 0 
7f0c7d22e000-7f0c7d231000 r-xp 00000000 08:01 961196                     /lib/x86_64-linux-gnu/libdl-2.23.so
7f0c7d231000-7f0c7d430000 ---p 00003000 08:01 961196                     /lib/x86_64-linux-gnu/libdl-2.23.so
7f0c7d430000-7f0c7d431000 r--p 00002000 08:01 961196                     /lib/x86_64-linux-gnu/libdl-2.23.so
7f0c7d431000-7f0c7d432000 rw-p 00003000 08:01 961196                     /lib/x86_64-linux-gnu/libdl-2.23.so
7f0c7d432000-7f0c7d44b000 r-xp 00000000 08:01 922621                     /lib/x86_64-linux-gnu/libz.so.1.2.8
7f0c7d44b000-7f0c7d64a000 ---p 00019000 08:01 922621                     /lib/x86_64-linux-gnu/libz.so.1.2.8
7f0c7d64a000-7f0c7d64b000 r--p 00018000 08:01 922621                     /lib/x86_64-linux-gnu/libz.so.1.2.8
7f0c7d64b000-7f0c7d64c000 rw-p 00019000 08:01 922621                     /lib/x86_64-linux-gnu/libz.so.1.2.8
7f0c7d64c000-7f0c7d80c000 r-xp 00000000 08:01 964172                     /lib/x86_64-linux-gnu/libc-2.23.so
7f0c7d80c000-7f0c7da0c000 ---p 001c0000 08:01 964172                     /lib/x86_64-linux-gnu/libc-2.23.so
7f0c7da0c000-7f0c7da10000 r--p 001c0000 08:01 964172                     /lib/x86_64-linux-gnu/libc-2.23.so
7f0c7da10000-7f0c7da12000 rw-p 001c4000 08:01 964172                     /lib/x86_64-linux-gnu/libc-2.23.so
7f0c7da12000-7f0c7da16000 rw-p 00000000 00:00 0 
7f0c7da16000-7f0c7da23000 r-xp 00000000 08:01 1448243                    /usr/lib/jvm/java-8-openjdk-amd64/jre/lib/amd64/jli/libjli.so
7f0c7da23000-7f0c7dc23000 ---p 0000d000 08:01 1448243                    /usr/lib/jvm/java-8-openjdk-amd64/jre/lib/amd64/jli/libjli.so
7f0c7dc23000-7f0c7dc24000 r--p 0000d000 08:01 1448243                    /usr/lib/jvm/java-8-openjdk-amd64/jre/lib/amd64/jli/libjli.so
7f0c7dc24000-7f0c7dc25000 rw-p 0000e000 08:01 1448243                    /usr/lib/jvm/java-8-openjdk-amd64/jre/lib/amd64/jli/libjli.so
7f0c7dc25000-7f0c7dc4b000 r-xp 00000000 08:01 924243                     /lib/x86_64-linux-gnu/ld-2.23.so
7f0c7dc4b000-7f0c7dc4c000 r--s 00000000 08:01 412296                     /var/cache/fontconfig/c277e94e32b20404286a1ddafa5a80f0-le64.cache-6
7f0c7dc4c000-7f0c7dc4f000 r--s 00000000 08:01 412294                     /var/cache/fontconfig/de83a0a961185c8bd1f159015d56c039-le64.cache-6
7f0c7dc4f000-7f0c7dc51000 r--s 00000000 08:01 406055                     /var/cache/fontconfig/16326683038b281783a0ef8c680e3a10-le64.cache-6
7f0c7dc51000-7f0c7dd23000 rw-p 00000000 00:00 0 
7f0c7dd23000-7f0c7dd26000 ---p 00000000 00:00 0 
7f0c7dd26000-7f0c7de29000 rw-p 00000000 00:00 0 
7f0c7de29000-7f0c7de2a000 r--s 00000000 08:01 405913                     /var/cache/fontconfig/e0aa53bcfa504e64f87823c16bc01eb6-le64.cache-6
7f0c7de2a000-7f0c7de2c000 r--s 00056000 08:01 2505928                    /home/chetlampron/git/CS380-F17-LampronChet/PinksImageProcessing/jocl-0.1.9.jar
7f0c7de2c000-7f0c7de2e000 r--s 00008000 08:01 1448237                    /usr/lib/jvm/java-8-openjdk-amd64/jre/lib/ext/sunec.jar
7f0c7de2e000-7f0c7de2f000 r--s 0000a000 08:01 1448234                    /usr/lib/jvm/java-8-openjdk-amd64/jre/lib/ext/jaccess.jar
7f0c7de2f000-7f0c7de32000 r--s 0000f000 08:01 1448236                    /usr/lib/jvm/java-8-openjdk-amd64/jre/lib/ext/icedtea-sound.jar
7f0c7de32000-7f0c7de37000 r--s 0003b000 08:01 1448235                    /usr/lib/jvm/java-8-openjdk-amd64/jre/lib/ext/sunjce_provider.jar
7f0c7de37000-7f0c7de3b000 r--s 00037000 08:01 1448232                    /usr/lib/jvm/java-8-openjdk-amd64/jre/lib/ext/sunpkcs11.jar
7f0c7de3b000-7f0c7de3c000 r--s 00010000 08:01 1448238                    /usr/lib/jvm/java-8-openjdk-amd64/jre/lib/ext/zipfs.jar
7f0c7de3c000-7f0c7de3e000 r--s 00001000 08:01 1448233                    /usr/lib/jvm/java-8-openjdk-amd64/jre/lib/ext/dnsns.jar
7f0c7de3e000-7f0c7de46000 rw-s 00000000 08:01 409891                     /tmp/hsperfdata_chetlampron/3745
7f0c7de46000-7f0c7de47000 rw-p 00000000 00:00 0 
7f0c7de47000-7f0c7de48000 r--p 00000000 00:00 0 
7f0c7de48000-7f0c7de4a000 rw-p 00000000 00:00 0 
7f0c7de4a000-7f0c7de4b000 r--p 00025000 08:01 924243                     /lib/x86_64-linux-gnu/ld-2.23.so
7f0c7de4b000-7f0c7de4c000 rw-p 00026000 08:01 924243                     /lib/x86_64-linux-gnu/ld-2.23.so
7f0c7de4c000-7f0c7de4d000 rw-p 00000000 00:00 0 
7ffdd063e000-7ffdd065f000 rw-p 00000000 00:00 0                          [stack]
7ffdd0716000-7ffdd0718000 r--p 00000000 00:00 0                          [vvar]
7ffdd0718000-7ffdd071a000 r-xp 00000000 00:00 0                          [vdso]
ffffffffff600000-ffffffffff601000 r-xp 00000000 00:00 0                  [vsyscall]

VM Arguments:
jvm_args: -Djava.library.path=/opt/jocl -Dfile.encoding=UTF-8 
java_command: pink.PipGui
java_class_path (initial): /home/chetlampron/git/CS380-F17-LampronChet/PinksImageProcessing/bin:/home/chetlampron/git/CS380-F17-LampronChet/PinksImageProcessing/jocl-0.1.9.jar
Launcher Type: SUN_STANDARD

Environment Variables:
PATH=/home/chetlampron/bin:/home/chetlampron/.local/bin:/usr/local/sbin:/usr/local/bin:/usr/sbin:/usr/bin:/sbin:/bin:/usr/games:/usr/local/games:/snap/bin
SHELL=/bin/bash
DISPLAY=:1

Signal Handlers:
SIGSEGV: [libjvm.so+0xa6ad10], sa_mask[0]=11111111011111111101111111111110, sa_flags=SA_RESTART|SA_SIGINFO
SIGBUS: [libjvm.so+0xa6ad10], sa_mask[0]=11111111011111111101111111111110, sa_flags=SA_RESTART|SA_SIGINFO
SIGFPE: [libjvm.so+0x8b3bc0], sa_mask[0]=11111111011111111101111111111110, sa_flags=SA_RESTART|SA_SIGINFO
SIGPIPE: [libjvm.so+0x8b3bc0], sa_mask[0]=11111111011111111101111111111110, sa_flags=SA_RESTART|SA_SIGINFO
SIGXFSZ: [libjvm.so+0x8b3bc0], sa_mask[0]=11111111011111111101111111111110, sa_flags=SA_RESTART|SA_SIGINFO
SIGILL: [libjvm.so+0x8b3bc0], sa_mask[0]=11111111011111111101111111111110, sa_flags=SA_RESTART|SA_SIGINFO
SIGUSR1: SIG_DFL, sa_mask[0]=00000000000000000000000000000000, sa_flags=none
SIGUSR2: [libjvm.so+0x8b3a70], sa_mask[0]=00100000000000000000000000000000, sa_flags=SA_RESTART|SA_SIGINFO
SIGHUP: [libjvm.so+0x8b3f40], sa_mask[0]=11111111011111111101111111111110, sa_flags=SA_RESTART|SA_SIGINFO
SIGINT: [libjvm.so+0x8b3f40], sa_mask[0]=11111111011111111101111111111110, sa_flags=SA_RESTART|SA_SIGINFO
SIGTERM: [libjvm.so+0x8b3f40], sa_mask[0]=11111111011111111101111111111110, sa_flags=SA_RESTART|SA_SIGINFO
SIGQUIT: [libjvm.so+0x8b3f40], sa_mask[0]=11111111011111111101111111111110, sa_flags=SA_RESTART|SA_SIGINFO


---------------  S Y S T E M  ---------------

OS:DISTRIB_ID=Ubuntu
DISTRIB_RELEASE=16.04
DISTRIB_CODENAME=xenial
DISTRIB_DESCRIPTION="Ubuntu 16.04.3 LTS"

uname:Linux 4.4.0-93-generic #116-Ubuntu SMP Fri Aug 11 21:17:51 UTC 2017 x86_64
libc:glibc 2.23 NPTL 2.23 
rlimit: STACK 8192k, CORE 0k, NPROC 63759, NOFILE 1048576, AS infinity
load average:0.59 0.94 0.61

/proc/meminfo:
MemTotal:       16369796 kB
MemFree:        10184996 kB
MemAvailable:   12248672 kB
Buffers:          319472 kB
Cached:          1995292 kB
SwapCached:            0 kB
Active:          4971464 kB
Inactive:         689880 kB
Active(anon):    3347992 kB
Inactive(anon):   109188 kB
Active(file):    1623472 kB
Inactive(file):   580692 kB
Unevictable:          32 kB
Mlocked:              32 kB
SwapTotal:       1046524 kB
SwapFree:        1046524 kB
Dirty:              1320 kB
Writeback:             0 kB
AnonPages:       3346760 kB
Mapped:           509632 kB
Shmem:            110604 kB
Slab:             260948 kB
SReclaimable:     201260 kB
SUnreclaim:        59688 kB
KernelStack:       17120 kB
PageTables:        63476 kB
NFS_Unstable:          0 kB
Bounce:                0 kB
WritebackTmp:          0 kB
CommitLimit:     9231420 kB
Committed_AS:   11136400 kB
VmallocTotal:   34359738367 kB
VmallocUsed:           0 kB
VmallocChunk:          0 kB
HardwareCorrupted:     0 kB
AnonHugePages:   2002944 kB
CmaTotal:              0 kB
CmaFree:               0 kB
HugePages_Total:       0
HugePages_Free:        0
HugePages_Rsvd:        0
HugePages_Surp:        0
Hugepagesize:       2048 kB
DirectMap4k:      308456 kB
DirectMap2M:     8017920 kB
DirectMap1G:     8388608 kB


CPU:total 8 (initial active 8) (4 cores per cpu, 2 threads per core) family 6 model 94 stepping 3, cmov, cx8, fxsr, mmx, sse, sse2, sse3, ssse3, sse4.1, sse4.2, popcnt, avx, avx2, aes, clmul, erms, rtm, 3dnowpref, lzcnt, ht, tsc, tscinvbit, bmi1, bmi2, adx

/proc/cpuinfo:
processor	: 0
vendor_id	: GenuineIntel
cpu family	: 6
model		: 94
model name	: Intel(R) Core(TM) i7-6700 CPU @ 3.40GHz
stepping	: 3
microcode	: 0xba
cpu MHz		: 904.851
cache size	: 8192 KB
physical id	: 0
siblings	: 8
core id		: 0
cpu cores	: 4
apicid		: 0
initial apicid	: 0
fpu		: yes
fpu_exception	: yes
cpuid level	: 22
wp		: yes
flags		: fpu vme de pse tsc msr pae mce cx8 apic sep mtrr pge mca cmov pat pse36 clflush dts acpi mmx fxsr sse sse2 ss ht tm pbe syscall nx pdpe1gb rdtscp lm constant_tsc art arch_perfmon pebs bts rep_good nopl xtopology nonstop_tsc aperfmperf eagerfpu pni pclmulqdq dtes64 monitor ds_cpl vmx smx est tm2 ssse3 sdbg fma cx16 xtpr pdcm pcid sse4_1 sse4_2 x2apic movbe popcnt tsc_deadline_timer aes xsave avx f16c rdrand lahf_lm abm 3dnowprefetch epb intel_pt tpr_shadow vnmi flexpriority ept vpid fsgsbase tsc_adjust bmi1 hle avx2 smep bmi2 erms invpcid rtm mpx rdseed adx smap clflushopt xsaveopt xsavec xgetbv1 dtherm ida arat pln pts hwp hwp_notify hwp_act_window hwp_epp
bugs		:
bogomips	: 6816.00
clflush size	: 64
cache_alignment	: 64
address sizes	: 39 bits physical, 48 bits virtual
power management:

processor	: 1
vendor_id	: GenuineIntel
cpu family	: 6
model		: 94
model name	: Intel(R) Core(TM) i7-6700 CPU @ 3.40GHz
stepping	: 3
microcode	: 0xba
cpu MHz		: 900.867
cache size	: 8192 KB
physical id	: 0
siblings	: 8
core id		: 1
cpu cores	: 4
apicid		: 2
initial apicid	: 2
fpu		: yes
fpu_exception	: yes
cpuid level	: 22
wp		: yes
flags		: fpu vme de pse tsc msr pae mce cx8 apic sep mtrr pge mca cmov pat pse36 clflush dts acpi mmx fxsr sse sse2 ss ht tm pbe syscall nx pdpe1gb rdtscp lm constant_tsc art arch_perfmon pebs bts rep_good nopl xtopology nonstop_tsc aperfmperf eagerfpu pni pclmulqdq dtes64 monitor ds_cpl vmx smx est tm2 ssse3 sdbg fma cx16 xtpr pdcm pcid sse4_1 sse4_2 x2apic movbe popcnt tsc_deadline_timer aes xsave avx f16c rdrand lahf_lm abm 3dnowprefetch epb intel_pt tpr_shadow vnmi flexpriority ept vpid fsgsbase tsc_adjust bmi1 hle avx2 smep bmi2 erms invpcid rtm mpx rdseed adx smap clflushopt xsaveopt xsavec xgetbv1 dtherm ida arat pln pts hwp hwp_notify hwp_act_window hwp_epp
bugs		:
bogomips	: 6816.00
clflush size	: 64
cache_alignment	: 64
address sizes	: 39 bits physical, 48 bits virtual
power management:

processor	: 2
vendor_id	: GenuineIntel
cpu family	: 6
model		: 94
model name	: Intel(R) Core(TM) i7-6700 CPU @ 3.40GHz
stepping	: 3
microcode	: 0xba
cpu MHz		: 911.625
cache size	: 8192 KB
physical id	: 0
siblings	: 8
core id		: 2
cpu cores	: 4
apicid		: 4
initial apicid	: 4
fpu		: yes
fpu_exception	: yes
cpuid level	: 22
wp		: yes
flags		: fpu vme de pse tsc msr pae mce cx8 apic sep mtrr pge mca cmov pat pse36 clflush dts acpi mmx fxsr sse sse2 ss ht tm pbe syscall nx pdpe1gb rdtscp lm constant_tsc art arch_perfmon pebs bts rep_good nopl xtopology nonstop_tsc aperfmperf eagerfpu pni pclmulqdq dtes64 monitor ds_cpl vmx smx est tm2 ssse3 sdbg fma cx16 xtpr pdcm pcid sse4_1 sse4_2 x2apic movbe popcnt tsc_deadline_timer aes xsave avx f16c rdrand lahf_lm abm 3dnowprefetch epb intel_pt tpr_shadow vnmi flexpriority ept vpid fsgsbase tsc_adjust bmi1 hle avx2 smep bmi2 erms invpcid rtm mpx rdseed adx smap clflushopt xsaveopt xsavec xgetbv1 dtherm ida arat pln pts hwp hwp_notify hwp_act_window hwp_epp
bugs		:
bogomips	: 6816.00
clflush size	: 64
cache_alignment	: 64
address sizes	: 39 bits physical, 48 bits virtual
power management:

processor	: 3
vendor_id	: GenuineIntel
cpu family	: 6
model		: 94
model name	: Intel(R) Core(TM) i7-6700 CPU @ 3.40GHz
stepping	: 3
microcode	: 0xba
cpu MHz		: 905.382
cache size	: 8192 KB
physical id	: 0
siblings	: 8
core id		: 3
cpu cores	: 4
apicid		: 6
initial apicid	: 6
fpu		: yes
fpu_exception	: yes
cpuid level	: 22
wp		: yes
flags		: fpu vme de pse tsc msr pae mce cx8 apic sep mtrr pge mca cmov pat pse36 clflush dts acpi mmx fxsr sse sse2 ss ht tm pbe syscall nx pdpe1gb rdtscp lm constant_tsc art arch_perfmon pebs bts rep_good nopl xtopology nonstop_tsc aperfmperf eagerfpu pni pclmulqdq dtes64 monitor ds_cpl vmx smx est tm2 ssse3 sdbg fma cx16 xtpr pdcm pcid sse4_1 sse4_2 x2apic movbe popcnt tsc_deadline_timer aes xsave avx f16c rdrand lahf_lm abm 3dnowprefetch epb intel_pt tpr_shadow vnmi flexpriority ept vpid fsgsbase tsc_adjust bmi1 hle avx2 smep bmi2 erms invpcid rtm mpx rdseed adx smap clflushopt xsaveopt xsavec xgetbv1 dtherm ida arat pln pts hwp hwp_notify hwp_act_window hwp_epp
bugs		:
bogomips	: 6816.00
clflush size	: 64
cache_alignment	: 64
address sizes	: 39 bits physical, 48 bits virtual
power management:

processor	: 4
vendor_id	: GenuineIntel
cpu family	: 6
model		: 94
model name	: Intel(R) Core(TM) i7-6700 CPU @ 3.40GHz
stepping	: 3
microcode	: 0xba
cpu MHz		: 899.937
cache size	: 8192 KB
physical id	: 0
siblings	: 8
core id		: 0
cpu cores	: 4
apicid		: 1
initial apicid	: 1
fpu		: yes
fpu_exception	: yes
cpuid level	: 22
wp		: yes
flags		: fpu vme de pse tsc msr pae mce cx8 apic sep mtrr pge mca cmov pat pse36 clflush dts acpi mmx fxsr sse sse2 ss ht tm pbe syscall nx pdpe1gb rdtscp lm constant_tsc art arch_perfmon pebs bts rep_good nopl xtopology nonstop_tsc aperfmperf eagerfpu pni pclmulqdq dtes64 monitor ds_cpl vmx smx est tm2 ssse3 sdbg fma cx16 xtpr pdcm pcid sse4_1 sse4_2 x2apic movbe popcnt tsc_deadline_timer aes xsave avx f16c rdrand lahf_lm abm 3dnowprefetch epb intel_pt tpr_shadow vnmi flexpriority ept vpid fsgsbase tsc_adjust bmi1 hle avx2 smep bmi2 erms invpcid rtm mpx rdseed adx smap clflushopt xsaveopt xsavec xgetbv1 dtherm ida arat pln pts hwp hwp_notify hwp_act_window hwp_epp
bugs		:
bogomips	: 6816.00
clflush size	: 64
cache_alignment	: 64
address sizes	: 39 bits physical, 48 bits virtual
power management:

processor	: 5
vendor_id	: GenuineIntel
cpu family	: 6
model		: 94
model name	: Intel(R) Core(TM) i7-6700 CPU @ 3.40GHz
stepping	: 3
microcode	: 0xba
cpu MHz		: 915.742
cache size	: 8192 KB
physical id	: 0
siblings	: 8
core id		: 1
cpu cores	: 4
apicid		: 3
initial apicid	: 3
fpu		: yes
fpu_exception	: yes
cpuid level	: 22
wp		: yes
flags		: fpu vme de pse tsc msr pae mce cx8 apic sep mtrr pge mca cmov pat pse36 clflush dts acpi mmx fxsr sse sse2 ss ht tm pbe syscall nx pdpe1gb rdtscp lm constant_tsc art arch_perfmon pebs bts rep_good nopl xtopology nonstop_tsc aperfmperf eagerfpu pni pclmulqdq dtes64 monitor ds_cpl vmx smx est tm2 ssse3 sdbg fma cx16 xtpr pdcm pcid sse4_1 sse4_2 x2apic movbe popcnt tsc_deadline_timer aes xsave avx f16c rdrand lahf_lm abm 3dnowprefetch epb intel_pt tpr_shadow vnmi flexpriority ept vpid fsgsbase tsc_adjust bmi1 hle avx2 smep bmi2 erms invpcid rtm mpx rdseed adx smap clflushopt xsaveopt xsavec xgetbv1 dtherm ida arat pln pts hwp hwp_notify hwp_act_window hwp_epp
bugs		:
bogomips	: 6816.00
clflush size	: 64
cache_alignment	: 64
address sizes	: 39 bits physical, 48 bits virtual
power management:

processor	: 6
vendor_id	: GenuineIntel
cpu family	: 6
model		: 94
model name	: Intel(R) Core(TM) i7-6700 CPU @ 3.40GHz
stepping	: 3
microcode	: 0xba
cpu MHz		: 996.226
cache size	: 8192 KB
physical id	: 0
siblings	: 8
core id		: 2
cpu cores	: 4
apicid		: 5
initial apicid	: 5
fpu		: yes
fpu_exception	: yes
cpuid level	: 22
wp		: yes
flags		: fpu vme de pse tsc msr pae mce cx8 apic sep mtrr pge mca cmov pat pse36 clflush dts acpi mmx fxsr sse sse2 ss ht tm pbe syscall nx pdpe1gb rdtscp lm constant_tsc art arch_perfmon pebs bts rep_good nopl xtopology nonstop_tsc aperfmperf eagerfpu pni pclmulqdq dtes64 monitor ds_cpl vmx smx est tm2 ssse3 sdbg fma cx16 xtpr pdcm pcid sse4_1 sse4_2 x2apic movbe popcnt tsc_deadline_timer aes xsave avx f16c rdrand lahf_lm abm 3dnowprefetch epb intel_pt tpr_shadow vnmi flexpriority ept vpid fsgsbase tsc_adjust bmi1 hle avx2 smep bmi2 erms invpcid rtm mpx rdseed adx smap clflushopt xsaveopt xsavec xgetbv1 dtherm ida arat pln pts hwp hwp_notify hwp_act_window hwp_epp
bugs		:
bogomips	: 6816.00
clflush size	: 64
cache_alignment	: 64
address sizes	: 39 bits physical, 48 bits virtual
power management:

processor	: 7
vendor_id	: GenuineIntel
cpu family	: 6
model		: 94
model name	: Intel(R) Core(TM) i7-6700 CPU @ 3.40GHz
stepping	: 3
microcode	: 0xba
cpu MHz		: 899.937
cache size	: 8192 KB
physical id	: 0
siblings	: 8
core id		: 3
cpu cores	: 4
apicid		: 7
initial apicid	: 7
fpu		: yes
fpu_exception	: yes
cpuid level	: 22
wp		: yes
flags		: fpu vme de pse tsc msr pae mce cx8 apic sep mtrr pge mca cmov pat pse36 clflush dts acpi mmx fxsr sse sse2 ss ht tm pbe syscall nx pdpe1gb rdtscp lm constant_tsc art arch_perfmon pebs bts rep_good nopl xtopology nonstop_tsc aperfmperf eagerfpu pni pclmulqdq dtes64 monitor ds_cpl vmx smx est tm2 ssse3 sdbg fma cx16 xtpr pdcm pcid sse4_1 sse4_2 x2apic movbe popcnt tsc_deadline_timer aes xsave avx f16c rdrand lahf_lm abm 3dnowprefetch epb intel_pt tpr_shadow vnmi flexpriority ept vpid fsgsbase tsc_adjust bmi1 hle avx2 smep bmi2 erms invpcid rtm mpx rdseed adx smap clflushopt xsaveopt xsavec xgetbv1 dtherm ida arat pln pts hwp hwp_notify hwp_act_window hwp_epp
bugs		:
bogomips	: 6816.00
clflush size	: 64
cache_alignment	: 64
address sizes	: 39 bits physical, 48 bits virtual
power management:



Memory: 4k page, physical 16369796k(10184996k free), swap 1046524k(1046524k free)

vm_info: OpenJDK 64-Bit Server VM (25.131-b11) for linux-amd64 JRE (1.8.0_131-8u131-b11-2ubuntu1.16.04.3-b11), built on Jul 28 2017 01:23:32 by "buildd" with gcc 5.4.0 20160609

time: Wed Sep 13 21:17:52 2017
elapsed time: 8 seconds (0d 0h 0m 8s)

