#
# A fatal error has been detected by the Java Runtime Environment:
#
#  EXCEPTION_ACCESS_VIOLATION (0xc0000005) at pc=0x00007ff85a0767d8, pid=3740, tid=0x0000000000000968
#
# JRE version: Java(TM) SE Runtime Environment (8.0_151-b12) (build 1.8.0_151-b12)
# Java VM: Java HotSpot(TM) 64-Bit Server VM (25.151-b12 mixed mode windows-amd64 compressed oops)
# Problematic frame:
# C  [nvopencl.dll+0x367d8]
#
# Failed to write core dump. Minidumps are not enabled by default on client versions of Windows
#
# If you would like to submit a bug report, please visit:
#   http://bugreport.java.com/bugreport/crash.jsp
# The crash happened outside the Java Virtual Machine in native code.
# See problematic frame for where to report the bug.
#

---------------  T H R E A D  ---------------

Current thread (0x0000000002610800):  JavaThread "main" [_thread_in_native, id=2408, stack(0x0000000002510000,0x0000000002610000)]

siginfo: ExceptionCode=0xc0000005, reading address 0x00000004000000e8

Registers:
RAX=0x0000000400000004, RBX=0x0000000023ebe340, RCX=0x00007ff85a0767d0, RDX=0x000000001aa128c0
RSP=0x000000000260e460, RBP=0x0000000000000000, RSI=0x0000000023e35c50, RDI=0x00000000026109f8
R8 =0x0000000000000008, R9 =0x00000000d5d1b888, R10=0x00007ff85a040000, R11=0x00000000d5d1b888
R12=0x0000000000000000, R13=0x000000001706ae60, R14=0x000000000260e5a0, R15=0x0000000002610800
RIP=0x00007ff85a0767d8, EFLAGS=0x0000000000010202

Top of Stack: (sp=0x000000000260e460)
0x000000000260e460:   00000000000003d8 000000000250eb70
0x000000000260e470:   00000000026109f8 0000000023e35c50
0x000000000260e480:   000000000260e5a0 00007ff87fd8cea8
0x000000000260e490:   0000000000000000 000000000260e580
0x000000000260e4a0:   000000000260e500 000000001950d590
0x000000000260e4b0:   0000000019bb7d90 00000000116ce000
0x000000000260e4c0:   00000000027180e0 0000000002727934
0x000000000260e4d0:   00000000116ce000 000000001706ae60
0x000000000260e4e0:   000000000260e560 000000000272769d
0x000000000260e4f0:   0000000000000008 000000000260e580
0x000000000260e500:   00000000116ce000 0000000002610800
0x000000000260e510:   000000000260e618 0000000002727662
0x000000000260e520:   000000000260e520 000000001706ae60
0x000000000260e530:   000000000260e5a0 0000000017071ab8
0x000000000260e540:   0000000000000000 000000001706ae60
0x000000000260e550:   0000000000000000 000000000260e580 

Instructions: (pc=0x00007ff85a0767d8)
0x00007ff85a0767b8:   30 eb b9 4c 3b 43 18 74 b3 b8 cd ff ff ff 48 8b
0x00007ff85a0767c8:   5c 24 20 48 83 c4 28 c3 49 8b 01 48 85 c0 74 66
0x00007ff85a0767d8:   83 b8 e4 00 00 00 01 75 31 48 39 50 40 74 57 b8
0x00007ff85a0767e8:   da ff ff ff 48 8b 5c 24 20 48 83 c4 28 c3 49 8b 


Register to memory mapping:

RAX=0x0000000400000004 is an unknown value
RBX=0x0000000023ebe340 is an unknown value
RCX=0x00007ff85a0767d0 is an unknown value
RDX=0x000000001aa128c0 is an unknown value
RSP=0x000000000260e460 is pointing into the stack for thread: 0x0000000002610800
RBP=0x0000000000000000 is an unknown value
RSI=0x0000000023e35c50 is an unknown value
RDI=0x00000000026109f8 is an unknown value
R8 =0x0000000000000008 is an unknown value
R9 =0x00000000d5d1b888 is an oop

[error occurred during error reporting (printing register info), id 0xc0000005]

Stack: [0x0000000002510000,0x0000000002610000],  sp=0x000000000260e460,  free space=1017k
Native frames: (J=compiled Java code, j=interpreted, Vv=VM code, C=native code)

Java frames: (J=compiled Java code, j=interpreted, Vv=VM code)
j  org.jocl.CL.clSetKernelArgNative(Lorg/jocl/cl_kernel;IJLorg/jocl/Pointer;)I+0
j  org.jocl.CL.clSetKernelArg(Lorg/jocl/cl_kernel;IJLorg/jocl/Pointer;)I+5
j  pinkprocessing.GrayscaleEqualization.calculateHistogram(Lparallel/JoclInitializer;[II)[I+205
j  testing.GrayscaleEqualizationTest.testCalculateHeuristic()V+147
v  ~StubRoutines::call_stub
j  sun.reflect.NativeMethodAccessorImpl.invoke0(Ljava/lang/reflect/Method;Ljava/lang/Object;[Ljava/lang/Object;)Ljava/lang/Object;+0
j  sun.reflect.NativeMethodAccessorImpl.invoke(Ljava/lang/Object;[Ljava/lang/Object;)Ljava/lang/Object;+100
j  sun.reflect.DelegatingMethodAccessorImpl.invoke(Ljava/lang/Object;[Ljava/lang/Object;)Ljava/lang/Object;+6
j  java.lang.reflect.Method.invoke(Ljava/lang/Object;[Ljava/lang/Object;)Ljava/lang/Object;+56
j  org.junit.runners.model.FrameworkMethod$1.runReflectiveCall()Ljava/lang/Object;+15
j  org.junit.internal.runners.model.ReflectiveCallable.run()Ljava/lang/Object;+1
j  org.junit.runners.model.FrameworkMethod.invokeExplosively(Ljava/lang/Object;[Ljava/lang/Object;)Ljava/lang/Object;+10
j  org.junit.internal.runners.statements.InvokeMethod.evaluate()V+12
j  org.junit.internal.runners.statements.RunBefores.evaluate()V+49
j  org.junit.runners.ParentRunner.runLeaf(Lorg/junit/runners/model/Statement;Lorg/junit/runner/Description;Lorg/junit/runner/notification/RunNotifier;)V+17
j  org.junit.runners.BlockJUnit4ClassRunner.runChild(Lorg/junit/runners/model/FrameworkMethod;Lorg/junit/runner/notification/RunNotifier;)V+30
j  org.junit.runners.BlockJUnit4ClassRunner.runChild(Ljava/lang/Object;Lorg/junit/runner/notification/RunNotifier;)V+6
j  org.junit.runners.ParentRunner$3.run()V+12
j  org.junit.runners.ParentRunner$1.schedule(Ljava/lang/Runnable;)V+1
j  org.junit.runners.ParentRunner.runChildren(Lorg/junit/runner/notification/RunNotifier;)V+44
j  org.junit.runners.ParentRunner.access$000(Lorg/junit/runners/ParentRunner;Lorg/junit/runner/notification/RunNotifier;)V+2
j  org.junit.runners.ParentRunner$2.evaluate()V+8
j  org.junit.runners.ParentRunner.run(Lorg/junit/runner/notification/RunNotifier;)V+20
j  org.eclipse.jdt.internal.junit4.runner.JUnit4TestReference.run(Lorg/eclipse/jdt/internal/junit/runner/TestExecution;)V+72
j  org.eclipse.jdt.internal.junit.runner.TestExecution.run([Lorg/eclipse/jdt/internal/junit/runner/ITestReference;)V+17
j  org.eclipse.jdt.internal.junit.runner.RemoteTestRunner.runTests([Ljava/lang/String;Ljava/lang/String;Lorg/eclipse/jdt/internal/junit/runner/TestExecution;)V+61
j  org.eclipse.jdt.internal.junit.runner.RemoteTestRunner.runTests(Lorg/eclipse/jdt/internal/junit/runner/TestExecution;)V+10
j  org.eclipse.jdt.internal.junit.runner.RemoteTestRunner.run()V+70
j  org.eclipse.jdt.internal.junit.runner.RemoteTestRunner.main([Ljava/lang/String;)V+14
v  ~StubRoutines::call_stub

---------------  P R O C E S S  ---------------

Java Threads: ( => current thread )
  0x00000000195b2000 JavaThread "ReaderThread" [_thread_in_native, id=956, stack(0x0000000019aa0000,0x0000000019ba0000)]
  0x000000001950f000 JavaThread "Service Thread" daemon [_thread_blocked, id=9140, stack(0x00000000198a0000,0x00000000199a0000)]
  0x000000001754b800 JavaThread "C1 CompilerThread2" daemon [_thread_blocked, id=2124, stack(0x00000000193a0000,0x00000000194a0000)]
  0x0000000017547800 JavaThread "C2 CompilerThread1" daemon [_thread_blocked, id=1736, stack(0x00000000192a0000,0x00000000193a0000)]
  0x0000000017542800 JavaThread "C2 CompilerThread0" daemon [_thread_blocked, id=232, stack(0x00000000191a0000,0x00000000192a0000)]
  0x000000001753f000 JavaThread "Attach Listener" daemon [_thread_blocked, id=2152, stack(0x00000000190a0000,0x00000000191a0000)]
  0x000000001753d800 JavaThread "Signal Dispatcher" daemon [_thread_blocked, id=8548, stack(0x0000000018fa0000,0x00000000190a0000)]
  0x000000001752c800 JavaThread "Finalizer" daemon [_thread_blocked, id=2136, stack(0x0000000018db0000,0x0000000018eb0000)]
  0x000000001750a800 JavaThread "Reference Handler" daemon [_thread_blocked, id=2928, stack(0x0000000018cb0000,0x0000000018db0000)]
=>0x0000000002610800 JavaThread "main" [_thread_in_native, id=2408, stack(0x0000000002510000,0x0000000002610000)]

Other Threads:
  0x0000000017507800 VMThread [stack: 0x0000000018bb0000,0x0000000018cb0000] [id=1200]
  0x000000001953e000 WatcherThread [stack: 0x00000000199a0000,0x0000000019aa0000] [id=8648]

VM state:not at safepoint (normal execution)

VM Mutex/Monitor currently owned by a thread: None

Heap:
 PSYoungGen      total 38400K, used 6661K [0x00000000d5700000, 0x00000000d8180000, 0x0000000100000000)
  eden space 33280K, 20% used [0x00000000d5700000,0x00000000d5d817e8,0x00000000d7780000)
  from space 5120K, 0% used [0x00000000d7c80000,0x00000000d7c80000,0x00000000d8180000)
  to   space 5120K, 0% used [0x00000000d7780000,0x00000000d7780000,0x00000000d7c80000)
 ParOldGen       total 87552K, used 0K [0x0000000080400000, 0x0000000085980000, 0x00000000d5700000)
  object space 87552K, 0% used [0x0000000080400000,0x0000000080400000,0x0000000085980000)
 Metaspace       used 6669K, capacity 6730K, committed 7040K, reserved 1056768K
  class space    used 789K, capacity 817K, committed 896K, reserved 1048576K

Card table byte_map: [0x0000000011ad0000,0x0000000011ed0000] byte_map_base: 0x00000000116ce000

Marking Bits: (ParMarkBitMap*) 0x00000000534bd850
 Begin Bits: [0x0000000012780000, 0x0000000014770000)
 End Bits:   [0x0000000014770000, 0x0000000016760000)

Polling page: 0x0000000000860000

CodeCache: size=245760Kb used=1908Kb max_used=1912Kb free=243852Kb
 bounds [0x0000000002710000, 0x0000000002980000, 0x0000000011710000]
 total_blobs=679 nmethods=341 adapters=252
 compilation: enabled

Compilation events (10 events):
Event: 1.676 Thread 0x000000001754b800  337       3       java.lang.Character::charCount (12 bytes)
Event: 1.676 Thread 0x000000001754b800 nmethod 337 0x00000000028edfd0 code [0x00000000028ee120, 0x00000000028ee2b0]
Event: 1.676 Thread 0x000000001754b800  338       3       java.lang.Character::isHighSurrogate (18 bytes)
Event: 1.677 Thread 0x000000001754b800 nmethod 338 0x00000000028edc50 code [0x00000000028edda0, 0x00000000028edf70]
Event: 1.677 Thread 0x000000001754b800  339       3       java.lang.ThreadLocal$ThreadLocalMap::getEntry (42 bytes)
Event: 1.677 Thread 0x000000001754b800 nmethod 339 0x00000000028ed690 code [0x00000000028ed800, 0x00000000028edae8]
Event: 1.677 Thread 0x000000001754b800  340       1       java.nio.Buffer::limit (5 bytes)
Event: 1.677 Thread 0x000000001754b800 nmethod 340 0x00000000028ed3d0 code [0x00000000028ed520, 0x00000000028ed630]
Event: 1.742 Thread 0x000000001754b800  341   !   3       java.util.zip.ZipFile::getEntry (101 bytes)
Event: 1.743 Thread 0x000000001754b800 nmethod 341 0x00000000028ec890 code [0x00000000028eca60, 0x00000000028ed0d8]

GC Heap History (0 events):
No events

Deoptimization events (1 events):
Event: 0.585 Thread 0x0000000002610800 Uncommon trap: reason=unstable_if action=reinterpret pc=0x000000000285e074 method=java.lang.String.startsWith(Ljava/lang/String;I)Z @ 25

Internal exceptions (6 events):
Event: 0.033 Thread 0x0000000002610800 Exception <a 'java/lang/NoSuchMethodError': Method sun.misc.Unsafe.defineClass(Ljava/lang/String;[BII)Ljava/lang/Class; name or signature does not match> (0x00000000d5707ca8) thrown at [C:\re\workspace\8-2-build-windows-amd64-cygwin\jdk8u151\9699\hotspot\
Event: 0.033 Thread 0x0000000002610800 Exception <a 'java/lang/NoSuchMethodError': Method sun.misc.Unsafe.prefetchRead(Ljava/lang/Object;J)V name or signature does not match> (0x00000000d5707f90) thrown at [C:\re\workspace\8-2-build-windows-amd64-cygwin\jdk8u151\9699\hotspot\src\share\vm\prims
Event: 1.667 Thread 0x0000000002610800 Exception <a 'java/security/PrivilegedActionException'> (0x00000000d5d43638) thrown at [C:\re\workspace\8-2-build-windows-amd64-cygwin\jdk8u151\9699\hotspot\src\share\vm\prims\jvm.cpp, line 1390]
Event: 1.667 Thread 0x0000000002610800 Exception <a 'java/security/PrivilegedActionException'> (0x00000000d5d43a30) thrown at [C:\re\workspace\8-2-build-windows-amd64-cygwin\jdk8u151\9699\hotspot\src\share\vm\prims\jvm.cpp, line 1390]
Event: 1.668 Thread 0x0000000002610800 Exception <a 'java/security/PrivilegedActionException'> (0x00000000d5d47a70) thrown at [C:\re\workspace\8-2-build-windows-amd64-cygwin\jdk8u151\9699\hotspot\src\share\vm\prims\jvm.cpp, line 1390]
Event: 1.668 Thread 0x0000000002610800 Exception <a 'java/security/PrivilegedActionException'> (0x00000000d5d47e68) thrown at [C:\re\workspace\8-2-build-windows-amd64-cygwin\jdk8u151\9699\hotspot\src\share\vm\prims\jvm.cpp, line 1390]

Events (10 events):
Event: 1.676 loading class sun/nio/ch/Util$1
Event: 1.676 loading class sun/nio/ch/Util$1 done
Event: 1.676 loading class sun/nio/ch/Util$BufferCache
Event: 1.676 loading class sun/nio/ch/Util$BufferCache done
Event: 1.676 loading class java/nio/DirectByteBuffer$Deallocator
Event: 1.676 loading class java/nio/DirectByteBuffer$Deallocator done
Event: 1.676 loading class sun/nio/ch/IOStatus
Event: 1.676 loading class sun/nio/ch/IOStatus done
Event: 1.742 loading class org/jocl/Sizeof
Event: 1.742 loading class org/jocl/Sizeof done


Dynamic libraries:
0x00007ff66c600000 - 0x00007ff66c637000 	C:\Program Files\Java\jre1.8.0_151\bin\javaw.exe
0x00007ff88e900000 - 0x00007ff88eadb000 	C:\WINDOWS\SYSTEM32\ntdll.dll
0x00007ff88db80000 - 0x00007ff88dc2e000 	C:\WINDOWS\System32\KERNEL32.DLL
0x00007ff88a730000 - 0x00007ff88a979000 	C:\WINDOWS\System32\KERNELBASE.dll
0x00007ff88dad0000 - 0x00007ff88db71000 	C:\WINDOWS\System32\ADVAPI32.dll
0x00007ff88bfc0000 - 0x00007ff88c05d000 	C:\WINDOWS\System32\msvcrt.dll
0x00007ff88e6d0000 - 0x00007ff88e729000 	C:\WINDOWS\System32\sechost.dll
0x00007ff88bc60000 - 0x00007ff88bd85000 	C:\WINDOWS\System32\RPCRT4.dll
0x00007ff88e730000 - 0x00007ff88e87a000 	C:\WINDOWS\System32\USER32.dll
0x00007ff88ac50000 - 0x00007ff88ac6e000 	C:\WINDOWS\System32\win32u.dll
0x00007ff88d5e0000 - 0x00007ff88d607000 	C:\WINDOWS\System32\GDI32.dll
0x00007ff88b520000 - 0x00007ff88b6a7000 	C:\WINDOWS\System32\gdi32full.dll
0x00007ff88abb0000 - 0x00007ff88ac4a000 	C:\WINDOWS\System32\msvcp_win.dll
0x00007ff88b420000 - 0x00007ff88b516000 	C:\WINDOWS\System32\ucrtbase.dll
0x00007ff880bf0000 - 0x00007ff880e57000 	C:\WINDOWS\WinSxS\amd64_microsoft.windows.common-controls_6595b64144ccf1df_6.0.15063.483_none_26002d27e7c744a2\COMCTL32.dll
0x00007ff88e3a0000 - 0x00007ff88e699000 	C:\WINDOWS\System32\combase.dll
0x00007ff88a670000 - 0x00007ff88a6da000 	C:\WINDOWS\System32\bcryptPrimitives.dll
0x00007ff88e6a0000 - 0x00007ff88e6cd000 	C:\WINDOWS\System32\IMM32.DLL
0x0000000052960000 - 0x0000000052a32000 	C:\Program Files\Java\jre1.8.0_151\bin\msvcr100.dll
0x0000000052ca0000 - 0x000000005353d000 	C:\Program Files\Java\jre1.8.0_151\bin\server\jvm.dll
0x00007ff88b900000 - 0x00007ff88b908000 	C:\WINDOWS\System32\PSAPI.DLL
0x00007ff885e70000 - 0x00007ff885e7a000 	C:\WINDOWS\SYSTEM32\VERSION.dll
0x00007ff87d570000 - 0x00007ff87d579000 	C:\WINDOWS\SYSTEM32\WSOCK32.dll
0x00007ff8885a0000 - 0x00007ff8885c3000 	C:\WINDOWS\SYSTEM32\WINMM.dll
0x00007ff88c060000 - 0x00007ff88c0cc000 	C:\WINDOWS\System32\WS2_32.dll
0x00007ff887ce0000 - 0x00007ff887d0b000 	C:\WINDOWS\SYSTEM32\winmmbase.dll
0x00007ff88a6e0000 - 0x00007ff88a729000 	C:\WINDOWS\System32\cfgmgr32.dll
0x00000000545e0000 - 0x00000000545ef000 	C:\Program Files\Java\jre1.8.0_151\bin\verify.dll
0x00000000545b0000 - 0x00000000545d9000 	C:\Program Files\Java\jre1.8.0_151\bin\java.dll
0x0000000054590000 - 0x00000000545a6000 	C:\Program Files\Java\jre1.8.0_151\bin\zip.dll
0x00007ff88c190000 - 0x00007ff88d5c6000 	C:\WINDOWS\System32\SHELL32.dll
0x00007ff88b850000 - 0x00007ff88b8fa000 	C:\WINDOWS\System32\shcore.dll
0x00007ff88ac70000 - 0x00007ff88b361000 	C:\WINDOWS\System32\windows.storage.dll
0x00007ff88bd90000 - 0x00007ff88bde1000 	C:\WINDOWS\System32\shlwapi.dll
0x00007ff88a630000 - 0x00007ff88a641000 	C:\WINDOWS\System32\kernel.appcore.dll
0x00007ff88a5e0000 - 0x00007ff88a62c000 	C:\WINDOWS\System32\powrprof.dll
0x00007ff88a650000 - 0x00007ff88a665000 	C:\WINDOWS\System32\profapi.dll
0x0000000054570000 - 0x000000005458a000 	C:\Program Files\Java\jre1.8.0_151\bin\net.dll
0x00007ff889e70000 - 0x00007ff889ecc000 	C:\WINDOWS\system32\mswsock.dll
0x00007ff87fd80000 - 0x00007ff87fdd0000 	C:\Users\Chet\AppData\Local\Temp\JOCL_0_1_9-windows-x86_64.dll
0x00007ff875f70000 - 0x00007ff875ff1000 	C:\WINDOWS\SYSTEM32\OpenCL.dll
0x00007ff85a040000 - 0x00007ff85ac10000 	C:\WINDOWS\System32\nvopencl.dll
0x00007ff88dc30000 - 0x00007ff88e06b000 	C:\WINDOWS\System32\SETUPAPI.dll
0x00007ff875ba0000 - 0x00007ff875c53000 	C:\WINDOWS\SYSTEM32\nvfatbinaryLoader.dll
0x00007ff888e40000 - 0x00007ff888ed5000 	C:\WINDOWS\system32\uxtheme.dll
0x00007ff889160000 - 0x00007ff889188000 	C:\WINDOWS\SYSTEM32\DEVOBJ.dll
0x00007ff88ab50000 - 0x00007ff88aba6000 	C:\WINDOWS\System32\WINTRUST.dll
0x00007ff88a5c0000 - 0x00007ff88a5d1000 	C:\WINDOWS\System32\MSASN1.dll
0x00007ff88a980000 - 0x00007ff88ab49000 	C:\WINDOWS\System32\CRYPT32.dll
0x00007ff8815c0000 - 0x00007ff8819fe000 	C:\WINDOWS\system32\nvapi64.dll
0x00007ff88d980000 - 0x00007ff88dac5000 	C:\WINDOWS\System32\ole32.dll
0x00007ff889510000 - 0x00007ff8895b4000 	C:\WINDOWS\SYSTEM32\dxgi.dll
0x0000000054550000 - 0x0000000054561000 	C:\Program Files\Java\jre1.8.0_151\bin\nio.dll
0x00007ff851130000 - 0x00007ff853797000 	C:\WINDOWS\system32\nvcompiler.dll
0x00007ff876e40000 - 0x00007ff876fe9000 	C:\WINDOWS\SYSTEM32\dbghelp.dll

VM Arguments:
jvm_args: -ea -Djava.library.path=C:\opt\jocl -Dfile.encoding=Cp1252 
java_command: org.eclipse.jdt.internal.junit.runner.RemoteTestRunner -version 3 -port 49927 -testLoaderClass org.eclipse.jdt.internal.junit4.runner.JUnit4TestLoader -loaderpluginname org.eclipse.jdt.junit4.runtime -classNames testing.GrayscaleEqualizationTest
java_class_path (initial): C:\Users\Chet\Documents\GitHub\CS380-F17-LampronChet\PinksImageProcessing\bin;C:\Users\Chet\Documents\GitHub\CS380-F17-LampronChet\PinksImageProcessing\jocl-0.1.9.jar;C:\Users\Chet\.p2\pool\plugins\org.junit_4.12.0.v201504281640\junit.jar;C:\Users\Chet\.p2\pool\plugins\org.hamcrest.core_1.3.0.v201303031735.jar;C:\Users\Chet\eclipse\java-oxygen\eclipse\configuration\org.eclipse.osgi\229\0\.cp;C:\Users\Chet\eclipse\java-oxygen\eclipse\configuration\org.eclipse.osgi\228\0\.cp
Launcher Type: SUN_STANDARD

Environment Variables:
PATH=C:/Program Files/Java/jre1.8.0_151/bin/server;C:/Program Files/Java/jre1.8.0_151/bin;C:/Program Files/Java/jre1.8.0_151/lib/amd64;C:\ProgramData\Oracle\Java\javapath;C:\Windows\system32;C:\Windows;C:\Windows\System32\Wbem;C:\Windows\System32\WindowsPowerShell\v1.0\;C:\WINDOWS\system32;C:\WINDOWS;C:\WINDOWS\System32\Wbem;C:\WINDOWS\System32\WindowsPowerShell\v1.0\;C:\Program Files (x86)\NVIDIA Corporation\PhysX\Common;C:\Users\Chet\AppData\Local\Microsoft\WindowsApps;C:\Users\Chet\AppData\Local\GitHubDesktop\bin;C:\WINDOWS\system32;
USERNAME=Chet
OS=Windows_NT
PROCESSOR_IDENTIFIER=AMD64 Family 21 Model 2 Stepping 0, AuthenticAMD



---------------  S Y S T E M  ---------------

OS: Windows 10.0 , 64 bit Build 15063 (10.0.15063.296)

CPU:total 6 (initial active 6) (6 cores per cpu, 1 threads per core) family 21 model 2 stepping 0, cmov, cx8, fxsr, mmx, sse, sse2, sse3, ssse3, sse4.1, sse4.2, popcnt, avx, aes, clmul, mmxext, 3dnowpref, lzcnt, sse4a, tsc, tscinvbit, tscinv, bmi1

Memory: 4k page, physical 8370292k(5621016k free), swap 16758900k(13509244k free)

vm_info: Java HotSpot(TM) 64-Bit Server VM (25.151-b12) for windows-amd64 JRE (1.8.0_151-b12), built on Sep  5 2017 19:33:46 by "java_re" with MS VC++ 10.0 (VS2010)

time: Sat Oct 28 12:57:53 2017
elapsed time: 1 seconds (0d 0h 0m 1s)

