#
# A fatal error has been detected by the Java Runtime Environment:
#
#  SIGSEGV (0xb) at pc=0x00007faa2a8da9f5, pid=3305, tid=0x00007faa29ae7700
#
# JRE version: OpenJDK Runtime Environment (8.0_131-b11) (build 1.8.0_131-8u131-b11-2ubuntu1.16.04.3-b11)
# Java VM: OpenJDK 64-Bit Server VM (25.131-b11 mixed mode linux-amd64 compressed oops)
# Problematic frame:
# C  [libnvidia-opencl.so.1+0xbc9f5]
#
# Failed to write core dump. Core dumps have been disabled. To enable core dumping, try "ulimit -c unlimited" before starting Java again
#
# If you would like to submit a bug report, please visit:
#   http://bugreport.java.com/bugreport/crash.jsp
# The crash happened outside the Java Virtual Machine in native code.
# See problematic frame for where to report the bug.
#

---------------  T H R E A D  ---------------

Current thread (0x00007faa9c37f800):  JavaThread "AWT-EventQueue-0" [_thread_in_native, id=3334, stack(0x00007faa299e7000,0x00007faa29ae8000)]

siginfo: si_signo: 11 (SIGSEGV), si_code: 128 (SI_KERNEL), si_addr: 0x0000000000000000

Registers:
RAX=0x00007faa9c37ece0, RBX=0x00007faa29ae4390, RCX=0x0000000000000000, RDX=0x00007faa200117f0
RSP=0x00007faa29ae4370, RBP=0x00007faa29ae4440, RSI=0x00b806192a500960, RDI=0x00007faa2000d000
R8 =0x0000000000000000, R9 =0x00007faa2000d000, R10=0x00007faa9c37ec90, R11=0x00007faa9c37ee10
R12=0x0000000000000001, R13=0x00007faa20011810, R14=0x0000000000000000, R15=0x00000000fffffffa
RIP=0x00007faa2a8da9f5, EFLAGS=0x0000000000010202, CSGSFS=0x0000000000000033, ERR=0x0000000000000000
  TRAPNO=0x000000000000000d

Top of Stack: (sp=0x00007faa29ae4370)
0x00007faa29ae4370:   0000000000000000 00007faa200117f0
0x00007faa29ae4380:   0000000000000000 00007faa2b47de57
0x00007faa29ae4390:   00007faa9c37ece0 0000000000000001
0x00007faa29ae43a0:   00007faa2000d000 0000000000000000
0x00007faa29ae43b0:   0000000000000000 0000000000000000
0x00007faa29ae43c0:   0000000000000000 0000000000000000
0x00007faa29ae43d0:   0000000000000000 0000000000000000
0x00007faa29ae43e0:   0000000000000000 00007faa29ae4560
0x00007faa29ae43f0:   0000000000000001 00007faa200117f0
0x00007faa29ae4400:   0000000000000000 0000000000000001
0x00007faa29ae4410:   00007faa9c37f9e0 00007faa2b47a9c4
0x00007faa29ae4420:   00007faa9c1373e0 00007faa20011810
0x00007faa29ae4430:   0000000000000000 000000019c37f800
0x00007faa29ae4440:   00007faa00000000 00007faa9c37f800
0x00007faa29ae4450:   0000000000000000 00007faa9c37f800
0x00007faa29ae4460:   00007faa29ae44a0 f554a259e96d7100
0x00007faa29ae4470:   00007faa8c7f4760 00007faa8c7fea28
0x00007faa29ae4480:   00007faa29ae4528 0000000000000000
0x00007faa29ae4490:   00007faa8c7fea28 00007faa29ae4570
0x00007faa29ae44a0:   00007faa9c37f800 00007faa8d017774
0x00007faa29ae44b0:   0000000000000000 0000000000000000
0x00007faa29ae44c0:   00007faa8c7fea28 00007faa29ae4570
0x00007faa29ae44d0:   00007faa29ae4528 00007faa8d017507
0x00007faa29ae44e0:   00007faa8d0174c2 00007faa29ae44e8
0x00007faa29ae44f0:   00007faa8c7fea28 00007faa29ae4570
0x00007faa29ae4500:   00007faa2bceb028 0000000000000000
0x00007faa29ae4510:   00007faa8c7fea28 0000000000000000
0x00007faa29ae4520:   00007faa29ae4548 00007faa29ae45b8
0x00007faa29ae4530:   00007faa8d007d80 000000076d29d930
0x00007faa29ae4540:   00007faa8d01127b 0000000000000000
0x00007faa29ae4550:   0000000000000000 0000000000000000
0x00007faa29ae4560:   0000000770087a68 0000000000000001 

Instructions: (pc=0x00007faa2a8da9f5)
0x00007faa2a8da9d5:   31 c9 45 31 c9 48 8b 40 40 48 89 07 48 8b 44 24
0x00007faa2a8da9e5:   20 49 01 f9 48 85 c0 0f 84 7e 00 00 00 49 8b 31
0x00007faa2a8da9f5:   48 39 46 08 0f 85 b7 00 00 00 83 c1 01 39 4c 24
0x00007faa2a8daa05:   28 76 79 89 ce 85 c9 4c 8d 0c f5 00 00 00 00 4a 

Register to memory mapping:

RAX=0x00007faa9c37ece0 is an unknown value
RBX=0x00007faa29ae4390 is pointing into the stack for thread: 0x00007faa9c37f800
RCX=0x0000000000000000 is an unknown value
RDX=0x00007faa200117f0 is an unknown value
RSP=0x00007faa29ae4370 is pointing into the stack for thread: 0x00007faa9c37f800
RBP=0x00007faa29ae4440 is pointing into the stack for thread: 0x00007faa9c37f800
RSI=0x00b806192a500960 is an unknown value
RDI=0x00007faa2000d000 is an unknown value
R8 =0x0000000000000000 is an unknown value
R9 =0x00007faa2000d000 is an unknown value
R10=0x00007faa9c37ec90 is an unknown value
R11=0x00007faa9c37ee10 is an unknown value
R12=0x0000000000000001 is an unknown value
R13=0x00007faa20011810 is an unknown value
R14=0x0000000000000000 is an unknown value
R15=0x00000000fffffffa is an unknown value


Stack: [0x00007faa299e7000,0x00007faa29ae8000],  sp=0x00007faa29ae4370,  free space=1012k
Native frames: (J=compiled Java code, j=interpreted, Vv=VM code, C=native code)
C  [libnvidia-opencl.so.1+0xbc9f5]
C  0x00007faa9c37f800

Java frames: (J=compiled Java code, j=interpreted, Vv=VM code)
j  org.jocl.CL.clCreateContextNative(Lorg/jocl/cl_context_properties;I[Lorg/jocl/cl_device_id;Lorg/jocl/CreateContextFunction;Ljava/lang/Object;[I)Lorg/jocl/cl_context;+0
j  org.jocl.CL.clCreateContext(Lorg/jocl/cl_context_properties;I[Lorg/jocl/cl_device_id;Lorg/jocl/CreateContextFunction;Ljava/lang/Object;[I)Lorg/jocl/cl_context;+48
j  parallel.JoclInitializer.createContext(Lorg/jocl/cl_device_id;)Lorg/jocl/cl_context;+54
j  pink.PipGui$1.actionPerformed(Ljava/awt/event/ActionEvent;)V+35
j  javax.swing.AbstractButton.fireActionPerformed(Ljava/awt/event/ActionEvent;)V+83
j  javax.swing.AbstractButton$Handler.actionPerformed(Ljava/awt/event/ActionEvent;)V+5
j  javax.swing.DefaultButtonModel.fireActionPerformed(Ljava/awt/event/ActionEvent;)V+34
j  javax.swing.JToggleButton$ToggleButtonModel.setPressed(Z)V+148
j  javax.swing.AbstractButton.doClick(I)V+64
j  javax.swing.plaf.basic.BasicMenuItemUI.doClick(Ljavax/swing/MenuSelectionManager;)V+53
j  javax.swing.plaf.basic.BasicMenuItemUI$Handler.mouseReleased(Ljava/awt/event/MouseEvent;)V+76
j  java.awt.Component.processMouseEvent(Ljava/awt/event/MouseEvent;)V+64
j  javax.swing.JComponent.processMouseEvent(Ljava/awt/event/MouseEvent;)V+23
J 1699 C1 java.awt.Component.processEvent(Ljava/awt/AWTEvent;)V (220 bytes) @ 0x00007faa8d57145c [0x00007faa8d570f40+0x51c]
J 1471 C1 java.awt.Container.processEvent(Ljava/awt/AWTEvent;)V (22 bytes) @ 0x00007faa8d4d6944 [0x00007faa8d4d6620+0x324]
J 1336 C1 java.awt.Component.dispatchEventImpl(Ljava/awt/AWTEvent;)V (883 bytes) @ 0x00007faa8d46b344 [0x00007faa8d465e80+0x54c4]
J 1231 C1 java.awt.Container.dispatchEventImpl(Ljava/awt/AWTEvent;)V (129 bytes) @ 0x00007faa8d3da3ac [0x00007faa8d3da260+0x14c]
J 1356 C1 java.awt.LightweightDispatcher.retargetMouseEvent(Ljava/awt/Component;ILjava/awt/event/MouseEvent;)V (350 bytes) @ 0x00007faa8d483d44 [0x00007faa8d4817e0+0x2564]
J 1358 C1 java.awt.LightweightDispatcher.processMouseEvent(Ljava/awt/event/MouseEvent;)Z (286 bytes) @ 0x00007faa8d4873b4 [0x00007faa8d485c60+0x1754]
J 1362 C1 java.awt.LightweightDispatcher.dispatchEvent(Ljava/awt/AWTEvent;)Z (73 bytes) @ 0x00007faa8d48a7b4 [0x00007faa8d48a380+0x434]
J 1231 C1 java.awt.Container.dispatchEventImpl(Ljava/awt/AWTEvent;)V (129 bytes) @ 0x00007faa8d3da34c [0x00007faa8d3da260+0xec]
J 1298 C1 java.awt.Window.dispatchEventImpl(Ljava/awt/AWTEvent;)V (23 bytes) @ 0x00007faa8d41c78c [0x00007faa8d41c1a0+0x5ec]
J 1331 C1 java.awt.EventQueue.dispatchEventImpl(Ljava/awt/AWTEvent;Ljava/lang/Object;)V (149 bytes) @ 0x00007faa8d462664 [0x00007faa8d460e00+0x1864]
J 1329 C1 java.awt.EventQueue$3.run()Ljava/lang/Void; (60 bytes) @ 0x00007faa8d4601d4 [0x00007faa8d45ffc0+0x214]
J 1328 C1 java.awt.EventQueue$3.run()Ljava/lang/Object; (5 bytes) @ 0x00007faa8d45fc4c [0x00007faa8d45fbc0+0x8c]
v  ~StubRoutines::call_stub
J 669  java.security.AccessController.doPrivileged(Ljava/security/PrivilegedAction;Ljava/security/AccessControlContext;)Ljava/lang/Object; (0 bytes) @ 0x00007faa8d2a4da3 [0x00007faa8d2a4d40+0x63]
J 1445 C1 java.awt.EventQueue$4.run()Ljava/lang/Object; (5 bytes) @ 0x00007faa8d4c8bec [0x00007faa8d4c87c0+0x42c]
v  ~StubRoutines::call_stub
J 669  java.security.AccessController.doPrivileged(Ljava/security/PrivilegedAction;Ljava/security/AccessControlContext;)Ljava/lang/Object; (0 bytes) @ 0x00007faa8d2a4da3 [0x00007faa8d2a4d40+0x63]
J 1222 C1 java.awt.EventQueue.dispatchEvent(Ljava/awt/AWTEvent;)V (80 bytes) @ 0x00007faa8d3d2df4 [0x00007faa8d3d1f40+0xeb4]
J 1230 C1 java.awt.EventDispatchThread.pumpOneEventForFilters(I)V (295 bytes) @ 0x00007faa8d3d7bd4 [0x00007faa8d3d5f00+0x1cd4]
j  java.awt.EventDispatchThread.pumpEventsForFilter(ILjava/awt/Conditional;Ljava/awt/EventFilter;)V+35
j  java.awt.EventDispatchThread.pumpEventsForHierarchy(ILjava/awt/Conditional;Ljava/awt/Component;)V+11
j  java.awt.EventDispatchThread.pumpEvents(ILjava/awt/Conditional;)V+4
j  java.awt.EventDispatchThread.pumpEvents(Ljava/awt/Conditional;)V+3
j  java.awt.EventDispatchThread.run()V+9
v  ~StubRoutines::call_stub

---------------  P R O C E S S  ---------------

Java Threads: ( => current thread )
  0x00007faa200b9000 JavaThread "TimerQueue" daemon [_thread_blocked, id=3338, stack(0x00007faa28dca000,0x00007faa28ecb000)]
  0x00007faa9c00a000 JavaThread "DestroyJavaVM" [_thread_blocked, id=3311, stack(0x00007faaa4fe3000,0x00007faaa50e4000)]
=>0x00007faa9c37f800 JavaThread "AWT-EventQueue-0" [_thread_in_native, id=3334, stack(0x00007faa299e7000,0x00007faa29ae8000)]
  0x00007faa9c375000 JavaThread "AWT-Shutdown" [_thread_blocked, id=3333, stack(0x00007faa29ae8000,0x00007faa29be9000)]
  0x00007faa9c272000 JavaThread "AWT-XAWT" daemon [_thread_in_native, id=3331, stack(0x00007faa6f2ca000,0x00007faa6f3cb000)]
  0x00007faa9c255000 JavaThread "Java2D Disposer" daemon [_thread_blocked, id=3330, stack(0x00007faa6f7db000,0x00007faa6f8dc000)]
  0x00007faa9c0cc000 JavaThread "Service Thread" daemon [_thread_blocked, id=3328, stack(0x00007faa858c2000,0x00007faa859c3000)]
  0x00007faa9c0bf800 JavaThread "C1 CompilerThread3" daemon [_thread_blocked, id=3327, stack(0x00007faa859c3000,0x00007faa85ac4000)]
  0x00007faa9c0ba800 JavaThread "C2 CompilerThread2" daemon [_thread_blocked, id=3326, stack(0x00007faa85ac4000,0x00007faa85bc5000)]
  0x00007faa9c0b9000 JavaThread "C2 CompilerThread1" daemon [_thread_blocked, id=3325, stack(0x00007faa85bc5000,0x00007faa85cc6000)]
  0x00007faa9c0b6000 JavaThread "C2 CompilerThread0" daemon [_thread_blocked, id=3324, stack(0x00007faa85cc6000,0x00007faa85dc7000)]
  0x00007faa9c0b4000 JavaThread "Signal Dispatcher" daemon [_thread_blocked, id=3323, stack(0x00007faa85dc7000,0x00007faa85ec8000)]
  0x00007faa9c08c000 JavaThread "Finalizer" daemon [_thread_blocked, id=3322, stack(0x00007faa861a0000,0x00007faa862a1000)]
  0x00007faa9c087000 JavaThread "Reference Handler" daemon [_thread_blocked, id=3321, stack(0x00007faa862a1000,0x00007faa863a2000)]

Other Threads:
  0x00007faa9c07f800 VMThread [stack: 0x00007faa863a2000,0x00007faa864a3000] [id=3320]
  0x00007faa9c0ce800 WatcherThread [stack: 0x00007faa857c1000,0x00007faa858c2000] [id=3329]

VM state:not at safepoint (normal execution)

VM Mutex/Monitor currently owned by a thread: None

Heap:
 PSYoungGen      total 74752K, used 55006K [0x000000076cb80000, 0x0000000771e80000, 0x00000007c0000000)
  eden space 64512K, 85% used [0x000000076cb80000,0x0000000770137830,0x0000000770a80000)
  from space 10240K, 0% used [0x0000000771480000,0x0000000771480000,0x0000000771e80000)
  to   space 10240K, 0% used [0x0000000770a80000,0x0000000770a80000,0x0000000771480000)
 ParOldGen       total 171008K, used 0K [0x00000006c6200000, 0x00000006d0900000, 0x000000076cb80000)
  object space 171008K, 0% used [0x00000006c6200000,0x00000006c6200000,0x00000006d0900000)
 Metaspace       used 16897K, capacity 17112K, committed 17280K, reserved 1064960K
  class space    used 2063K, capacity 2156K, committed 2176K, reserved 1048576K

Card table byte_map: [0x00007faaa10a7000,0x00007faaa1877000] byte_map_base: 0x00007faa9da76000

Marking Bits: (ParMarkBitMap*) 0x00007faaa42b42c0
 Begin Bits: [0x00007faa58310000, 0x00007faa5c188000)
 End Bits:   [0x00007faa5c188000, 0x00007faa60000000)

Polling page: 0x00007faaa5107000

CodeCache: size=245760Kb used=6147Kb max_used=6182Kb free=239612Kb
 bounds [0x00007faa8d000000, 0x00007faa8d610000, 0x00007faa9c000000]
 total_blobs=2501 nmethods=1873 adapters=540
 compilation: enabled

Compilation events (10 events):
Event: 20.063 Thread 0x00007faa9c0bf800 nmethod 1869 0x00007faa8d5f3c50 code [0x00007faa8d5f3da0, 0x00007faa8d5f3f10]
Event: 20.063 Thread 0x00007faa9c0bf800 1870       3       sun.java2d.pipe.AAShapePipe::fillParallelogram (63 bytes)
Event: 20.064 Thread 0x00007faa9c0bf800 nmethod 1870 0x00007faa8d5f3050 code [0x00007faa8d5f3200, 0x00007faa8d5f3878]
Event: 20.071 Thread 0x00007faa9c0bf800 1871       3       sun.awt.X11.XMotionEvent::get_window (20 bytes)
Event: 20.071 Thread 0x00007faa9c0bf800 nmethod 1871 0x00007faa8d5f2910 code [0x00007faa8d5f2aa0, 0x00007faa8d5f2e68]
Event: 20.080 Thread 0x00007faa9c0b6000 nmethod 1863 0x00007faa8d5fd3d0 code [0x00007faa8d5fdea0, 0x00007faa8d606390]
Event: 20.119 Thread 0x00007faa9c0b9000 1872       4       java.awt.Component::getCursor_NoClientCode (30 bytes)
Event: 20.120 Thread 0x00007faa9c0b9000 nmethod 1872 0x00007faa8d5f2610 code [0x00007faa8d5f2760, 0x00007faa8d5f2828]
Event: 20.432 Thread 0x00007faa9c0bf800 1873       3       sun.awt.X11.Native::getULong (29 bytes)
Event: 20.433 Thread 0x00007faa9c0bf800 nmethod 1873 0x00007faa8d5f2210 code [0x00007faa8d5f2380, 0x00007faa8d5f2550]

GC Heap History (0 events):
No events

Deoptimization events (6 events):
Event: 0.278 Thread 0x00007faa9c00a000 Uncommon trap: reason=class_check action=maybe_recompile pc=0x00007faa8d16309c method=java.lang.String.equals(Ljava/lang/Object;)Z @ 8
Event: 0.278 Thread 0x00007faa9c00a000 Uncommon trap: reason=class_check action=maybe_recompile pc=0x00007faa8d16309c method=java.lang.String.equals(Ljava/lang/Object;)Z @ 8
Event: 0.278 Thread 0x00007faa9c00a000 Uncommon trap: reason=class_check action=maybe_recompile pc=0x00007faa8d16309c method=java.lang.String.equals(Ljava/lang/Object;)Z @ 8
Event: 0.278 Thread 0x00007faa9c00a000 Uncommon trap: reason=class_check action=maybe_recompile pc=0x00007faa8d16309c method=java.lang.String.equals(Ljava/lang/Object;)Z @ 8
Event: 0.319 Thread 0x00007faa9c37f800 Uncommon trap: reason=unstable_if action=reinterpret pc=0x00007faa8d26fbd4 method=sun.java2d.pisces.Renderer$ScanlineIterator.next()I @ 310
Event: 1.822 Thread 0x00007faa9c37f800 Uncommon trap: reason=unstable_if action=reinterpret pc=0x00007faa8d2b70b0 method=java.util.HashMap.putVal(ILjava/lang/Object;Ljava/lang/Object;ZZ)Ljava/lang/Object; @ 109

Internal exceptions (10 events):
Event: 0.169 Thread 0x00007faa9c00a000 Exception <a 'java/lang/ClassNotFoundException': Tree> (0x000000076d16d718) thrown at [/build/openjdk-8-pZyJp3/openjdk-8-8u131-b11/src/hotspot/src/share/vm/classfile/systemDictionary.cpp, line 210]
Event: 0.169 Thread 0x00007faa9c00a000 Exception <a 'java/lang/ClassNotFoundException': Tree> (0x000000076d16de58) thrown at [/build/openjdk-8-pZyJp3/openjdk-8-8u131-b11/src/hotspot/src/share/vm/classfile/systemDictionary.cpp, line 210]
Event: 0.169 Thread 0x00007faa9c00a000 Exception <a 'java/lang/ClassNotFoundException': javax/swing/JTreeCell> (0x000000076d16e1d8) thrown at [/build/openjdk-8-pZyJp3/openjdk-8-8u131-b11/src/hotspot/src/share/vm/classfile/systemDictionary.cpp, line 210]
Event: 0.169 Thread 0x00007faa9c00a000 Exception <a 'java/lang/ClassNotFoundException': TreeCell> (0x000000076d16e660) thrown at [/build/openjdk-8-pZyJp3/openjdk-8-8u131-b11/src/hotspot/src/share/vm/classfile/systemDictionary.cpp, line 210]
Event: 0.169 Thread 0x00007faa9c00a000 Exception <a 'java/lang/ClassNotFoundException': RootPane> (0x000000076d16f0c0) thrown at [/build/openjdk-8-pZyJp3/openjdk-8-8u131-b11/src/hotspot/src/share/vm/classfile/systemDictionary.cpp, line 210]
Event: 0.381 Thread 0x00007faa9c37f800 Exception <a 'java/lang/UnsupportedOperationException': > (0x000000076d6d0f58) thrown at [/build/openjdk-8-pZyJp3/openjdk-8-8u131-b11/src/hotspot/src/share/vm/prims/jni.cpp, line 735]
Event: 1.942 Thread 0x00007faa9c37f800 Exception <a 'java/lang/UnsupportedOperationException': > (0x000000076edc5398) thrown at [/build/openjdk-8-pZyJp3/openjdk-8-8u131-b11/src/hotspot/src/share/vm/prims/jni.cpp, line 735]
Event: 7.590 Thread 0x00007faa9c37f800 Exception <a 'java/lang/UnsupportedOperationException': > (0x000000076f429fd8) thrown at [/build/openjdk-8-pZyJp3/openjdk-8-8u131-b11/src/hotspot/src/share/vm/prims/jni.cpp, line 735]
Event: 12.036 Thread 0x00007faa9c37f800 Exception <a 'java/lang/UnsupportedOperationException': > (0x000000076fb9b408) thrown at [/build/openjdk-8-pZyJp3/openjdk-8-8u131-b11/src/hotspot/src/share/vm/prims/jni.cpp, line 735]
Event: 17.347 Thread 0x00007faa9c37f800 Exception <a 'java/lang/UnsupportedOperationException': > (0x0000000770030958) thrown at [/build/openjdk-8-pZyJp3/openjdk-8-8u131-b11/src/hotspot/src/share/vm/prims/jni.cpp, line 735]

Events (10 events):
Event: 20.432 loading class javax/swing/Popup$DefaultFrame
Event: 20.432 loading class javax/swing/Popup$DefaultFrame done
Event: 20.432 loading class javax/swing/PopupFactory$HeavyWeightPopup$1
Event: 20.432 loading class javax/swing/PopupFactory$HeavyWeightPopup$1 done
Event: 20.433 loading class org/jocl/cl_context_properties
Event: 20.433 loading class org/jocl/cl_context_properties done
Event: 20.434 loading class org/jocl/cl_abstract_properties
Event: 20.434 loading class org/jocl/cl_abstract_properties done
Event: 20.435 loading class java/nio/HeapLongBuffer
Event: 20.435 loading class java/nio/HeapLongBuffer done


Dynamic libraries:
00400000-00401000 r-xp 00000000 08:01 1475821                            /usr/lib/jvm/java-8-openjdk-amd64/jre/bin/java
00600000-00601000 r--p 00000000 08:01 1475821                            /usr/lib/jvm/java-8-openjdk-amd64/jre/bin/java
00601000-00602000 rw-p 00001000 08:01 1475821                            /usr/lib/jvm/java-8-openjdk-amd64/jre/bin/java
02301000-02322000 rw-p 00000000 00:00 0                                  [heap]
200000000-400000000 ---p 00000000 00:00 0 
6c6200000-6d0900000 rw-p 00000000 00:00 0 
6d0900000-76cb80000 ---p 00000000 00:00 0 
76cb80000-771e80000 rw-p 00000000 00:00 0 
771e80000-7c0000000 ---p 00000000 00:00 0 
7c0000000-7c0220000 rw-p 00000000 00:00 0 
7c0220000-800000000 ---p 00000000 00:00 0 
800000000-d00000000 ---p 00000000 00:00 0 
7faa14000000-7faa14021000 rw-p 00000000 00:00 0 
7faa14021000-7faa18000000 ---p 00000000 00:00 0 
7faa18000000-7faa18021000 rw-p 00000000 00:00 0 
7faa18021000-7faa1c000000 ---p 00000000 00:00 0 
7faa1c000000-7faa1c021000 rw-p 00000000 00:00 0 
7faa1c021000-7faa20000000 ---p 00000000 00:00 0 
7faa20000000-7faa20151000 rw-p 00000000 00:00 0 
7faa20151000-7faa24000000 ---p 00000000 00:00 0 
7faa24000000-7faa24021000 rw-p 00000000 00:00 0 
7faa24021000-7faa28000000 ---p 00000000 00:00 0 
7faa28bca000-7faa28c8a000 rw-p 00000000 00:00 0 
7faa28c8a000-7faa28dca000 ---p 00000000 00:00 0 
7faa28dca000-7faa28dcd000 ---p 00000000 00:00 0 
7faa28dcd000-7faa28ecb000 rw-p 00000000 00:00 0 
7faa28ecb000-7faa28ece000 ---p 00000000 00:00 0 
7faa28ece000-7faa291cc000 rw-p 00000000 00:00 0 
7faa291cc000-7faa297e7000 rw-s 00000000 00:05 210698269                  /SYSV00000000 (deleted)
7faa297e7000-7faa299e7000 rw-p 00000000 00:00 0 
7faa299e7000-7faa299ea000 ---p 00000000 00:00 0 
7faa299ea000-7faa29ae8000 rw-p 00000000 00:00 0 
7faa29ae8000-7faa29aeb000 ---p 00000000 00:00 0 
7faa29aeb000-7faa29be9000 rw-p 00000000 00:00 0 
7faa29be9000-7faa2a2ab000 r-xp 00000000 08:01 265710                     /usr/lib/x86_64-linux-gnu/libcuda.so.375.66
7faa2a2ab000-7faa2a4aa000 ---p 006c2000 08:01 265710                     /usr/lib/x86_64-linux-gnu/libcuda.so.375.66
7faa2a4aa000-7faa2a5c5000 rw-p 006c1000 08:01 265710                     /usr/lib/x86_64-linux-gnu/libcuda.so.375.66
7faa2a5c5000-7faa2a5d2000 rw-p 00000000 00:00 0 
7faa2a5d2000-7faa2a614000 r-xp 00000000 08:01 2106597                    /usr/lib/nvidia-375/libnvidia-fatbinaryloader.so.375.66
7faa2a614000-7faa2a813000 ---p 00042000 08:01 2106597                    /usr/lib/nvidia-375/libnvidia-fatbinaryloader.so.375.66
7faa2a813000-7faa2a81d000 rw-p 00041000 08:01 2106597                    /usr/lib/nvidia-375/libnvidia-fatbinaryloader.so.375.66
7faa2a81d000-7faa2a81e000 rw-p 00000000 00:00 0 
7faa2a81e000-7faa2af31000 r-xp 00000000 08:01 267351                     /usr/lib/x86_64-linux-gnu/libnvidia-opencl.so.375.66
7faa2af31000-7faa2b130000 ---p 00713000 08:01 267351                     /usr/lib/x86_64-linux-gnu/libnvidia-opencl.so.375.66
7faa2b130000-7faa2b250000 rw-p 00712000 08:01 267351                     /usr/lib/x86_64-linux-gnu/libnvidia-opencl.so.375.66
7faa2b250000-7faa2b25d000 rw-p 00000000 00:00 0 
7faa2b25d000-7faa2b266000 r-xp 00000000 08:01 268581                     /usr/lib/x86_64-linux-gnu/libOpenCL.so.1.0.0
7faa2b266000-7faa2b466000 ---p 00009000 08:01 268581                     /usr/lib/x86_64-linux-gnu/libOpenCL.so.1.0.0
7faa2b466000-7faa2b467000 r--p 00009000 08:01 268581                     /usr/lib/x86_64-linux-gnu/libOpenCL.so.1.0.0
7faa2b467000-7faa2b468000 rw-p 0000a000 08:01 268581                     /usr/lib/x86_64-linux-gnu/libOpenCL.so.1.0.0
7faa2b468000-7faa2b486000 r-xp 00000000 08:01 1573559                    /opt/jocl/libJOCL_0_1_9-linux-x86_64.so
7faa2b486000-7faa2b686000 ---p 0001e000 08:01 1573559                    /opt/jocl/libJOCL_0_1_9-linux-x86_64.so
7faa2b686000-7faa2b687000 r--p 0001e000 08:01 1573559                    /opt/jocl/libJOCL_0_1_9-linux-x86_64.so
7faa2b687000-7faa2b688000 rw-p 0001f000 08:01 1573559                    /opt/jocl/libJOCL_0_1_9-linux-x86_64.so
7faa2b688000-7faa2b6df000 r-xp 00000000 08:01 273864                     /usr/lib/x86_64-linux-gnu/libjpeg.so.8.0.2
7faa2b6df000-7faa2b8df000 ---p 00057000 08:01 273864                     /usr/lib/x86_64-linux-gnu/libjpeg.so.8.0.2
7faa2b8df000-7faa2b8e0000 r--p 00057000 08:01 273864                     /usr/lib/x86_64-linux-gnu/libjpeg.so.8.0.2
7faa2b8e0000-7faa2b8e1000 rw-p 00058000 08:01 273864                     /usr/lib/x86_64-linux-gnu/libjpeg.so.8.0.2
7faa2b8e1000-7faa2b8eb000 r-xp 00000000 08:01 1455846                    /usr/lib/jvm/java-8-openjdk-amd64/jre/lib/amd64/libjavajpeg.so
7faa2b8eb000-7faa2baea000 ---p 0000a000 08:01 1455846                    /usr/lib/jvm/java-8-openjdk-amd64/jre/lib/amd64/libjavajpeg.so
7faa2baea000-7faa2baeb000 r--p 00009000 08:01 1455846                    /usr/lib/jvm/java-8-openjdk-amd64/jre/lib/amd64/libjavajpeg.so
7faa2baeb000-7faa2baec000 rw-p 0000a000 08:01 1455846                    /usr/lib/jvm/java-8-openjdk-amd64/jre/lib/amd64/libjavajpeg.so
7faa2baec000-7faa2baef000 ---p 00000000 00:00 0 
7faa2baef000-7faa2bded000 rw-p 00000000 00:00 0 
7faa2bded000-7faa2bdfe000 r-xp 00000000 08:01 1448242                    /usr/lib/jvm/java-8-openjdk-amd64/jre/lib/amd64/libnio.so
7faa2bdfe000-7faa2bffe000 ---p 00011000 08:01 1448242                    /usr/lib/jvm/java-8-openjdk-amd64/jre/lib/amd64/libnio.so
7faa2bffe000-7faa2bfff000 r--p 00011000 08:01 1448242                    /usr/lib/jvm/java-8-openjdk-amd64/jre/lib/amd64/libnio.so
7faa2bfff000-7faa2c000000 rw-p 00012000 08:01 1448242                    /usr/lib/jvm/java-8-openjdk-amd64/jre/lib/amd64/libnio.so
7faa2c000000-7faa2c021000 rw-p 00000000 00:00 0 
7faa2c021000-7faa30000000 ---p 00000000 00:00 0 
7faa30000000-7faa30021000 rw-p 00000000 00:00 0 
7faa30021000-7faa34000000 ---p 00000000 00:00 0 
7faa34000000-7faa34021000 rw-p 00000000 00:00 0 
7faa34021000-7faa38000000 ---p 00000000 00:00 0 
7faa38000000-7faa38021000 rw-p 00000000 00:00 0 
7faa38021000-7faa3c000000 ---p 00000000 00:00 0 
7faa3c000000-7faa3c164000 rw-p 00000000 00:00 0 
7faa3c164000-7faa40000000 ---p 00000000 00:00 0 
7faa40000000-7faa405c5000 rw-p 00000000 00:00 0 
7faa405c5000-7faa44000000 ---p 00000000 00:00 0 
7faa44000000-7faa45392000 rw-p 00000000 00:00 0 
7faa45392000-7faa48000000 ---p 00000000 00:00 0 
7faa48000000-7faa481b3000 rw-p 00000000 00:00 0 
7faa481b3000-7faa4c000000 ---p 00000000 00:00 0 
7faa4c000000-7faa4c021000 rw-p 00000000 00:00 0 
7faa4c021000-7faa50000000 ---p 00000000 00:00 0 
7faa50000000-7faa50021000 rw-p 00000000 00:00 0 
7faa50021000-7faa54000000 ---p 00000000 00:00 0 
7faa54000000-7faa54021000 rw-p 00000000 00:00 0 
7faa54021000-7faa58000000 ---p 00000000 00:00 0 
7faa580fe000-7faa58109000 r-xp 00000000 08:01 924246                     /lib/x86_64-linux-gnu/libnss_files-2.23.so
7faa58109000-7faa58308000 ---p 0000b000 08:01 924246                     /lib/x86_64-linux-gnu/libnss_files-2.23.so
7faa58308000-7faa58309000 r--p 0000a000 08:01 924246                     /lib/x86_64-linux-gnu/libnss_files-2.23.so
7faa58309000-7faa5830a000 rw-p 0000b000 08:01 924246                     /lib/x86_64-linux-gnu/libnss_files-2.23.so
7faa5830a000-7faa60000000 rw-p 00000000 00:00 0 
7faa60000000-7faa60021000 rw-p 00000000 00:00 0 
7faa60021000-7faa64000000 ---p 00000000 00:00 0 
7faa64000000-7faa64021000 rw-p 00000000 00:00 0 
7faa64021000-7faa68000000 ---p 00000000 00:00 0 
7faa68000000-7faa68021000 rw-p 00000000 00:00 0 
7faa68021000-7faa6c000000 ---p 00000000 00:00 0 
7faa6c005000-7faa6c026000 rw-p 00000000 00:00 0 
7faa6c026000-7faa6c028000 r--s 00056000 08:01 2505928                    /home/chetlampron/git/CS380-F17-LampronChet/PinksImageProcessing/jocl-0.1.9.jar
7faa6c028000-7faa6c02f000 r--s 00000000 08:01 412330                     /var/cache/fontconfig/4be9850f182b35c1350b6bbf2e42601c-le64.cache-6
7faa6c02f000-7faa6c031000 r--s 00000000 08:01 412329                     /var/cache/fontconfig/30a99c4256905863f7aa12b5e873c27c-le64.cache-6
7faa6c031000-7faa6c032000 r--s 00000000 08:01 412328                     /var/cache/fontconfig/087e1975ba9a574b140bb1df193bf770-le64.cache-6
7faa6c032000-7faa6c036000 r--s 00000000 08:01 394066                     /var/cache/fontconfig/6aa41aa22e18b8fa06a12da28ea9c28b-le64.cache-6
7faa6c036000-7faa6c041000 r--s 00000000 08:01 393468                     /var/cache/fontconfig/945677eb7aeaf62f1d50efc3fb3ec7d8-le64.cache-6
7faa6c041000-7faa6c047000 r--s 00000000 08:01 409574                     /var/cache/fontconfig/2cd17615ca594fa2959ae173292e504c-le64.cache-6
7faa6c047000-7faa6c048000 r--s 00000000 08:01 409573                     /var/cache/fontconfig/0d8c3b2ac0904cb8a57a757ad11a4a08-le64.cache-6
7faa6c048000-7faa6c05d000 r--s 00000000 08:01 409572                     /var/cache/fontconfig/04aabc0a78ac019cf9454389977116d2-le64.cache-6
7faa6c05d000-7faa6c05e000 r--s 00000000 08:01 409571                     /var/cache/fontconfig/1ac9eb803944fde146138c791f5cc56a-le64.cache-6
7faa6c05e000-7faa6c05f000 r--s 00000000 08:01 412326                     /var/cache/fontconfig/b95bc8ffbebda2bbdae4265e45b8178d-le64.cache-6
7faa6c05f000-7faa6c063000 r--s 00000000 08:01 409570                     /var/cache/fontconfig/385c0604a188198f04d133e54aba7fe7-le64.cache-6
7faa6c063000-7faa6c064000 r--s 00000000 08:01 412325                     /var/cache/fontconfig/9c956a7723ca69a44b382d9179c9802f-le64.cache-6
7faa6c064000-7faa6c065000 r--s 00000000 08:01 407069                     /var/cache/fontconfig/dc05db6664285cc2f12bf69c139ae4c3-le64.cache-6
7faa6c065000-7faa6c066000 r--s 00000000 08:01 412323                     /var/cache/fontconfig/5d1cca7074f29429a8d18692746c2426-le64.cache-6
7faa6c066000-7faa6c069000 r--s 00000000 08:01 407068                     /var/cache/fontconfig/767a8244fc0220cfb567a839d0392e0b-le64.cache-6
7faa6c069000-7faa6c06a000 r--s 00000000 08:01 430062                     /var/cache/fontconfig/4794a0821666d79190d59a36cb4f44b5-le64.cache-6
7faa6c06a000-7faa6c06b000 r--s 00000000 08:01 412322                     /var/cache/fontconfig/9eae20f1ff8cc0a7d125749e875856bd-le64.cache-6
7faa6c06b000-7faa6c06e000 r--s 00000000 08:01 412321                     /var/cache/fontconfig/bf2c1853a9e9b00bb02fe2e9bcf1e201-le64.cache-6
7faa6c06e000-7faa6c073000 r--s 00000000 08:01 407066                     /var/cache/fontconfig/8801497958630a81b71ace7c5f9b32a8-le64.cache-6
7faa6c073000-7faa6c074000 r--s 00000000 08:01 407065                     /var/cache/fontconfig/bab58bb527bb656aaa9f116d68a48d89-le64.cache-6
7faa6c074000-7faa6c07b000 r--s 00000000 08:01 407064                     /var/cache/fontconfig/3047814df9a2f067bd2d96a2b9c36e5a-le64.cache-6
7faa6c07b000-7faa6c083000 r--s 00000000 08:01 412133                     /var/cache/fontconfig/bf3b770c553c462765856025a94f1ce6-le64.cache-6
7faa6c083000-7faa6c084000 r--s 00000000 08:01 407063                     /var/cache/fontconfig/56cf4f4769d0f4abc89a4895d7bd3ae1-le64.cache-6
7faa6c084000-7faa6c085000 r--s 00000000 08:01 407062                     /var/cache/fontconfig/b9d506c9ac06c20b433354fa67a72993-le64.cache-6
7faa6c085000-7faa6c08b000 r--s 00000000 08:01 407061                     /var/cache/fontconfig/b47c4e1ecd0709278f4910c18777a504-le64.cache-6
7faa6c08b000-7faa6c08e000 r--s 00000000 08:01 412320                     /var/cache/fontconfig/14d493b97896515cad3840ba4896e372-le64.cache-6
7faa6c08e000-7faa6c091000 r--s 00000000 08:01 412319                     /var/cache/fontconfig/e49e89034d371f0f9de17aab02136486-le64.cache-6
7faa6c091000-7faa6c093000 r--s 00000000 08:01 412318                     /var/cache/fontconfig/4b14b093aebc79c320de5e86ae1d3314-le64.cache-6
7faa6c093000-7faa6c094000 r--s 00000000 08:01 412317                     /var/cache/fontconfig/8aec10f4cc8391dcef22ca549f1e4354-le64.cache-6
7faa6c094000-7faa6c0a7000 r--s 00000000 08:01 407060                     /var/cache/fontconfig/d52a8644073d54c13679302ca1180695-le64.cache-6
7faa6c0a7000-7faa6c0a8000 r--s 00000000 08:01 407056                     /var/cache/fontconfig/551ecf3b0e8b0bca0f25c0944f561853-le64.cache-6
7faa6c0a8000-7faa6c0a9000 r--s 00000000 08:01 412316                     /var/cache/fontconfig/8a687c406b77f27d99abfeeba937fcce-le64.cache-6
7faa6c0a9000-7faa6c0ae000 r--s 00000000 08:01 412315                     /var/cache/fontconfig/75ad6aa2358a85f0de2c8ee4837e8227-le64.cache-6
7faa6c0ae000-7faa6c0af000 r--s 00000000 08:01 412314                     /var/cache/fontconfig/ac2cf712d852da827a87a9baf682f5b9-le64.cache-6
7faa6c0af000-7faa6c0b1000 r--s 00000000 08:01 412313                     /var/cache/fontconfig/65f976e5259cbe6dc7697b8648396239-le64.cache-6
7faa6c0b1000-7faa6f0b2000 rw-p 00000000 00:00 0 
7faa6f0b2000-7faa6f0c9000 r-xp 00000000 08:01 1453372                    /usr/lib/jvm/java-8-openjdk-amd64/jre/lib/amd64/libnet.so
7faa6f0c9000-7faa6f2c8000 ---p 00017000 08:01 1453372                    /usr/lib/jvm/java-8-openjdk-amd64/jre/lib/amd64/libnet.so
7faa6f2c8000-7faa6f2c9000 r--p 00016000 08:01 1453372                    /usr/lib/jvm/java-8-openjdk-amd64/jre/lib/amd64/libnet.so
7faa6f2c9000-7faa6f2ca000 rw-p 00017000 08:01 1453372                    /usr/lib/jvm/java-8-openjdk-amd64/jre/lib/amd64/libnet.so
7faa6f2ca000-7faa6f2cd000 ---p 00000000 00:00 0 
7faa6f2cd000-7faa6f3cb000 rw-p 00000000 00:00 0 
7faa6f3cb000-7faa6f3d0000 r-xp 00000000 08:01 273145                     /usr/lib/x86_64-linux-gnu/libXfixes.so.3.1.0
7faa6f3d0000-7faa6f5cf000 ---p 00005000 08:01 273145                     /usr/lib/x86_64-linux-gnu/libXfixes.so.3.1.0
7faa6f5cf000-7faa6f5d0000 r--p 00004000 08:01 273145                     /usr/lib/x86_64-linux-gnu/libXfixes.so.3.1.0
7faa6f5d0000-7faa6f5d1000 rw-p 00005000 08:01 273145                     /usr/lib/x86_64-linux-gnu/libXfixes.so.3.1.0
7faa6f5d1000-7faa6f5da000 r-xp 00000000 08:01 273137                     /usr/lib/x86_64-linux-gnu/libXcursor.so.1.0.2
7faa6f5da000-7faa6f7d9000 ---p 00009000 08:01 273137                     /usr/lib/x86_64-linux-gnu/libXcursor.so.1.0.2
7faa6f7d9000-7faa6f7da000 r--p 00008000 08:01 273137                     /usr/lib/x86_64-linux-gnu/libXcursor.so.1.0.2
7faa6f7da000-7faa6f7db000 rw-p 00009000 08:01 273137                     /usr/lib/x86_64-linux-gnu/libXcursor.so.1.0.2
7faa6f7db000-7faa6f7de000 ---p 00000000 00:00 0 
7faa6f7de000-7faa6f8dc000 rw-p 00000000 00:00 0 
7faa6f8dc000-7faa6f900000 r-xp 00000000 08:01 922807                     /lib/x86_64-linux-gnu/libpng12.so.0.54.0
7faa6f900000-7faa6faff000 ---p 00024000 08:01 922807                     /lib/x86_64-linux-gnu/libpng12.so.0.54.0
7faa6faff000-7faa6fb00000 r--p 00023000 08:01 922807                     /lib/x86_64-linux-gnu/libpng12.so.0.54.0
7faa6fb00000-7faa6fb01000 rw-p 00024000 08:01 922807                     /lib/x86_64-linux-gnu/libpng12.so.0.54.0
7faa6fb01000-7faa6fba5000 r-xp 00000000 08:01 262345                     /usr/lib/x86_64-linux-gnu/libfreetype.so.6.12.1
7faa6fba5000-7faa6fda4000 ---p 000a4000 08:01 262345                     /usr/lib/x86_64-linux-gnu/libfreetype.so.6.12.1
7faa6fda4000-7faa6fdaa000 r--p 000a3000 08:01 262345                     /usr/lib/x86_64-linux-gnu/libfreetype.so.6.12.1
7faa6fdaa000-7faa6fdab000 rw-p 000a9000 08:01 262345                     /usr/lib/x86_64-linux-gnu/libfreetype.so.6.12.1
7faa6fdab000-7faa6fdfd000 r-xp 00000000 08:01 1448241                    /usr/lib/jvm/java-8-openjdk-amd64/jre/lib/amd64/libfontmanager.so
7faa6fdfd000-7faa6fffd000 ---p 00052000 08:01 1448241                    /usr/lib/jvm/java-8-openjdk-amd64/jre/lib/amd64/libfontmanager.so
7faa6fffd000-7faa6ffff000 r--p 00052000 08:01 1448241                    /usr/lib/jvm/java-8-openjdk-amd64/jre/lib/amd64/libfontmanager.so
7faa6ffff000-7faa70000000 rw-p 00054000 08:01 1448241                    /usr/lib/jvm/java-8-openjdk-amd64/jre/lib/amd64/libfontmanager.so
7faa70000000-7faa70021000 rw-p 00000000 00:00 0 
7faa70021000-7faa74000000 ---p 00000000 00:00 0 
7faa74000000-7faa74021000 rw-p 00000000 00:00 0 
7faa74021000-7faa78000000 ---p 00000000 00:00 0 
7faa78000000-7faa78021000 rw-p 00000000 00:00 0 
7faa78021000-7faa7c000000 ---p 00000000 00:00 0 
7faa7c000000-7faa7c021000 rw-p 00000000 00:00 0 
7faa7c021000-7faa80000000 ---p 00000000 00:00 0 
7faa80000000-7faa80021000 rw-p 00000000 00:00 0 
7faa80021000-7faa84000000 ---p 00000000 00:00 0 
7faa84000000-7faa8400b000 r--s 00000000 08:01 412312                     /var/cache/fontconfig/d589a48862398ed80a3d6066f4f56f4c-le64.cache-6
7faa8400b000-7faa8400f000 r--s 00000000 08:01 412311                     /var/cache/fontconfig/246184dc75a16901ca37d96895904249-le64.cache-6
7faa8400f000-7faa84010000 r--s 00000000 08:01 412310                     /var/cache/fontconfig/94f7fe9bd33aadfac165873bd010d595-le64.cache-6
7faa84010000-7faa84012000 r--s 00000000 08:01 412309                     /var/cache/fontconfig/423767150eb258c59035de29db6fca84-le64.cache-6
7faa84012000-7faa84013000 r--s 00000000 08:01 412308                     /var/cache/fontconfig/845c20fd2c4814bcec78e05d37a63ccc-le64.cache-6
7faa84013000-7faa84014000 r--s 00000000 08:01 412307                     /var/cache/fontconfig/e7de81b01590fb7e12b38e274e17d0db-le64.cache-6
7faa84014000-7faa84015000 r--s 00000000 08:01 412306                     /var/cache/fontconfig/406a1d2d2bf3ed7664fbadefac0b2f66-le64.cache-6
7faa84015000-7faa84017000 r--s 00000000 08:01 412305                     /var/cache/fontconfig/67709b7835c0f764c1135060c9575660-le64.cache-6
7faa84017000-7faa84018000 r--s 00000000 08:01 407054                     /var/cache/fontconfig/30829fa25452a46451e813d634d7f916-le64.cache-6
7faa84018000-7faa84026000 r--s 00000000 08:01 412304                     /var/cache/fontconfig/198d8fcf01c96d0cf813f74fd759bdb7-le64.cache-6
7faa84026000-7faa84027000 r--s 00000000 08:01 407053                     /var/cache/fontconfig/0c9eb80ebd1c36541ebe2852d3bb0c49-le64.cache-6
7faa84027000-7faa8402a000 r--s 00000000 08:01 407051                     /var/cache/fontconfig/75114ca45c98e8a441da0ff356701271-le64.cache-6
7faa8402a000-7faa84035000 r--s 00000000 08:01 407050                     /var/cache/fontconfig/83bf95040141907cd45bb53cf7c1c148-le64.cache-6
7faa84035000-7faa84047000 r--s 00000000 08:01 407049                     /var/cache/fontconfig/9b89f8e3dae116d678bbf48e5f21f69b-le64.cache-6
7faa84047000-7faa8404e000 r--s 00000000 08:01 412300                     /var/cache/fontconfig/53d14c92082a93e67d5078324eb314ca-le64.cache-6
7faa8404e000-7faa84052000 r--s 00000000 08:01 412132                     /var/cache/fontconfig/6c08beecf0dac481ec92e759e0c2e6d7-le64.cache-6
7faa84052000-7faa84056000 r--s 00000000 08:01 412131                     /var/cache/fontconfig/4d6aee6d44eccb37054d3216e945f618-le64.cache-6
7faa84056000-7faa84069000 r--s 00000000 08:01 412298                     /var/cache/fontconfig/4ac51e5cfbc76fc3f983e470323a16d3-le64.cache-6
7faa84069000-7faa84089000 r--s 00000000 08:01 406067                     /var/cache/fontconfig/e13b20fdb08344e0e664864cc2ede53d-le64.cache-6
7faa84089000-7faa840aa000 r--s 00000000 08:01 393597                     /var/cache/fontconfig/467c019e582ee353435ea5c21d137ef6-le64.cache-6
7faa840aa000-7faa840af000 r-xp 00000000 08:01 273141                     /usr/lib/x86_64-linux-gnu/libXdmcp.so.6.0.0
7faa840af000-7faa842ae000 ---p 00005000 08:01 273141                     /usr/lib/x86_64-linux-gnu/libXdmcp.so.6.0.0
7faa842ae000-7faa842af000 r--p 00004000 08:01 273141                     /usr/lib/x86_64-linux-gnu/libXdmcp.so.6.0.0
7faa842af000-7faa842b0000 rw-p 00005000 08:01 273141                     /usr/lib/x86_64-linux-gnu/libXdmcp.so.6.0.0
7faa842b0000-7faa842b2000 r-xp 00000000 08:01 273130                     /usr/lib/x86_64-linux-gnu/libXau.so.6.0.0
7faa842b2000-7faa844b2000 ---p 00002000 08:01 273130                     /usr/lib/x86_64-linux-gnu/libXau.so.6.0.0
7faa844b2000-7faa844b3000 r--p 00002000 08:01 273130                     /usr/lib/x86_64-linux-gnu/libXau.so.6.0.0
7faa844b3000-7faa844b4000 rw-p 00003000 08:01 273130                     /usr/lib/x86_64-linux-gnu/libXau.so.6.0.0
7faa844b4000-7faa844d5000 r-xp 00000000 08:01 274508                     /usr/lib/x86_64-linux-gnu/libxcb.so.1.1.0
7faa844d5000-7faa846d4000 ---p 00021000 08:01 274508                     /usr/lib/x86_64-linux-gnu/libxcb.so.1.1.0
7faa846d4000-7faa846d5000 r--p 00020000 08:01 274508                     /usr/lib/x86_64-linux-gnu/libxcb.so.1.1.0
7faa846d5000-7faa846d6000 rw-p 00021000 08:01 274508                     /usr/lib/x86_64-linux-gnu/libxcb.so.1.1.0
7faa846d6000-7faa846e5000 r-xp 00000000 08:01 273151                     /usr/lib/x86_64-linux-gnu/libXi.so.6.1.0
7faa846e5000-7faa848e4000 ---p 0000f000 08:01 273151                     /usr/lib/x86_64-linux-gnu/libXi.so.6.1.0
7faa848e4000-7faa848e5000 r--p 0000e000 08:01 273151                     /usr/lib/x86_64-linux-gnu/libXi.so.6.1.0
7faa848e5000-7faa848e6000 rw-p 0000f000 08:01 273151                     /usr/lib/x86_64-linux-gnu/libXi.so.6.1.0
7faa848e6000-7faa848eb000 r-xp 00000000 08:01 273169                     /usr/lib/x86_64-linux-gnu/libXtst.so.6.1.0
7faa848eb000-7faa84aea000 ---p 00005000 08:01 273169                     /usr/lib/x86_64-linux-gnu/libXtst.so.6.1.0
7faa84aea000-7faa84aeb000 r--p 00004000 08:01 273169                     /usr/lib/x86_64-linux-gnu/libXtst.so.6.1.0
7faa84aeb000-7faa84aec000 rw-p 00005000 08:01 273169                     /usr/lib/x86_64-linux-gnu/libXtst.so.6.1.0
7faa84aec000-7faa84af5000 r-xp 00000000 08:01 273163                     /usr/lib/x86_64-linux-gnu/libXrender.so.1.3.0
7faa84af5000-7faa84cf4000 ---p 00009000 08:01 273163                     /usr/lib/x86_64-linux-gnu/libXrender.so.1.3.0
7faa84cf4000-7faa84cf5000 r--p 00008000 08:01 273163                     /usr/lib/x86_64-linux-gnu/libXrender.so.1.3.0
7faa84cf5000-7faa84cf6000 rw-p 00009000 08:01 273163                     /usr/lib/x86_64-linux-gnu/libXrender.so.1.3.0
7faa84cf6000-7faa84e2b000 r-xp 00000000 08:01 273126                     /usr/lib/x86_64-linux-gnu/libX11.so.6.3.0
7faa84e2b000-7faa8502b000 ---p 00135000 08:01 273126                     /usr/lib/x86_64-linux-gnu/libX11.so.6.3.0
7faa8502b000-7faa8502c000 r--p 00135000 08:01 273126                     /usr/lib/x86_64-linux-gnu/libX11.so.6.3.0
7faa8502c000-7faa85030000 rw-p 00136000 08:01 273126                     /usr/lib/x86_64-linux-gnu/libX11.so.6.3.0
7faa85030000-7faa85041000 r-xp 00000000 08:01 273143                     /usr/lib/x86_64-linux-gnu/libXext.so.6.4.0
7faa85041000-7faa85240000 ---p 00011000 08:01 273143                     /usr/lib/x86_64-linux-gnu/libXext.so.6.4.0
7faa85240000-7faa85241000 r--p 00010000 08:01 273143                     /usr/lib/x86_64-linux-gnu/libXext.so.6.4.0
7faa85241000-7faa85242000 rw-p 00011000 08:01 273143                     /usr/lib/x86_64-linux-gnu/libXext.so.6.4.0
7faa85242000-7faa85244000 r--s 00000000 08:01 412302                     /var/cache/fontconfig/6e6b34ae150a7ad95e82fb4a522f0bda-le64.cache-6
7faa85244000-7faa85248000 r--s 00000000 08:01 412130                     /var/cache/fontconfig/d6c6df98c3df5faf9bd0f8ef4d91efe5-le64.cache-6
7faa85248000-7faa8524c000 r--s 00000000 08:01 412129                     /var/cache/fontconfig/9fb319ef52839f11ee26ab8b4cffa12b-le64.cache-6
7faa8524c000-7faa8524e000 r--s 00000000 08:01 412299                     /var/cache/fontconfig/43bfe21a9e1edebcf703d79ee2950b06-le64.cache-6
7faa8524e000-7faa85261000 r--s 00346000 08:01 1455851                    /usr/lib/jvm/java-8-openjdk-amd64/jre/lib/resources.jar
7faa85261000-7faa852b5000 r-xp 00000000 08:01 1455840                    /usr/lib/jvm/java-8-openjdk-amd64/jre/lib/amd64/libawt_xawt.so
7faa852b5000-7faa854b5000 ---p 00054000 08:01 1455840                    /usr/lib/jvm/java-8-openjdk-amd64/jre/lib/amd64/libawt_xawt.so
7faa854b5000-7faa854b6000 r--p 00054000 08:01 1455840                    /usr/lib/jvm/java-8-openjdk-amd64/jre/lib/amd64/libawt_xawt.so
7faa854b6000-7faa854b9000 rw-p 00055000 08:01 1455840                    /usr/lib/jvm/java-8-openjdk-amd64/jre/lib/amd64/libawt_xawt.so
7faa854b9000-7faa854ba000 rw-p 00000000 00:00 0 
7faa854ba000-7faa8555a000 r-xp 00000000 08:01 1455767                    /usr/lib/jvm/java-8-openjdk-amd64/jre/lib/amd64/libawt.so
7faa8555a000-7faa8575a000 ---p 000a0000 08:01 1455767                    /usr/lib/jvm/java-8-openjdk-amd64/jre/lib/amd64/libawt.so
7faa8575a000-7faa8575b000 r--p 000a0000 08:01 1455767                    /usr/lib/jvm/java-8-openjdk-amd64/jre/lib/amd64/libawt.so
7faa8575b000-7faa85766000 rw-p 000a1000 08:01 1455767                    /usr/lib/jvm/java-8-openjdk-amd64/jre/lib/amd64/libawt.so
7faa85766000-7faa8578b000 rw-p 00000000 00:00 0 
7faa8578b000-7faa857a6000 r--s 001d6000 08:01 1448230                    /usr/lib/jvm/java-8-openjdk-amd64/jre/lib/ext/nashorn.jar
7faa857a6000-7faa857c1000 r--s 00394000 08:01 1448229                    /usr/lib/jvm/java-8-openjdk-amd64/jre/lib/ext/cldrdata.jar
7faa857c1000-7faa857c2000 ---p 00000000 00:00 0 
7faa857c2000-7faa858c2000 rw-p 00000000 00:00 0 
7faa858c2000-7faa858c5000 ---p 00000000 00:00 0 
7faa858c5000-7faa859c3000 rw-p 00000000 00:00 0 
7faa859c3000-7faa859c6000 ---p 00000000 00:00 0 
7faa859c6000-7faa85ac4000 rw-p 00000000 00:00 0 
7faa85ac4000-7faa85ac7000 ---p 00000000 00:00 0 
7faa85ac7000-7faa85bc5000 rw-p 00000000 00:00 0 
7faa85bc5000-7faa85bc8000 ---p 00000000 00:00 0 
7faa85bc8000-7faa85cc6000 rw-p 00000000 00:00 0 
7faa85cc6000-7faa85cc9000 ---p 00000000 00:00 0 
7faa85cc9000-7faa85dc7000 rw-p 00000000 00:00 0 
7faa85dc7000-7faa85dca000 ---p 00000000 00:00 0 
7faa85dca000-7faa85ec8000 rw-p 00000000 00:00 0 
7faa85ec8000-7faa861a0000 r--p 00000000 08:01 285822                     /usr/lib/locale/locale-archive
7faa861a0000-7faa861a3000 ---p 00000000 00:00 0 
7faa861a3000-7faa862a1000 rw-p 00000000 00:00 0 
7faa862a1000-7faa862a4000 ---p 00000000 00:00 0 
7faa862a4000-7faa863a2000 rw-p 00000000 00:00 0 
7faa863a2000-7faa863a3000 ---p 00000000 00:00 0 
7faa863a3000-7faa88000000 rw-p 00000000 00:00 0 
7faa88000000-7faa88021000 rw-p 00000000 00:00 0 
7faa88021000-7faa8c000000 ---p 00000000 00:00 0 
7faa8c000000-7faa8c003000 r--s 00000000 08:01 412297                     /var/cache/fontconfig/c19b55eb3b4c5b40ea175e31682068a5-le64.cache-6
7faa8c003000-7faa8c010000 r--s 00000000 08:01 405942                     /var/cache/fontconfig/8f02d4cb045bd6ce15663e43f347c9f8-le64.cache-6
7faa8c010000-7faa8d000000 rw-p 00000000 00:00 0 
7faa8d000000-7faa8d610000 rwxp 00000000 00:00 0 
7faa8d610000-7faa9c000000 ---p 00000000 00:00 0 
7faa9c000000-7faa9c3b9000 rw-p 00000000 00:00 0 
7faa9c3b9000-7faaa0000000 ---p 00000000 00:00 0 
7faaa0000000-7faaa0001000 r--s 00000000 08:01 412301                     /var/cache/fontconfig/3334a778d104e76d188e9df399bc24d2-le64.cache-6
7faaa0001000-7faaa0005000 r--s 00000000 08:01 412295                     /var/cache/fontconfig/3629f2adf904f9a612908891fae71ceb-le64.cache-6
7faaa0005000-7faaa0008000 r--s 00000000 08:01 412294                     /var/cache/fontconfig/de83a0a961185c8bd1f159015d56c039-le64.cache-6
7faaa0008000-7faaa0012000 r--s 00116000 08:01 1448231                    /usr/lib/jvm/java-8-openjdk-amd64/jre/lib/ext/localedata.jar
7faaa0012000-7faaa0126000 rw-p 00000000 00:00 0 
7faaa0126000-7faaa02f4000 r--s 03c13000 08:01 1448227                    /usr/lib/jvm/java-8-openjdk-amd64/jre/lib/rt.jar
7faaa02f4000-7faaa036a000 rw-p 00000000 00:00 0 
7faaa036a000-7faaa036b000 ---p 00000000 00:00 0 
7faaa036b000-7faaa046b000 rw-p 00000000 00:00 0 
7faaa046b000-7faaa046c000 ---p 00000000 00:00 0 
7faaa046c000-7faaa056c000 rw-p 00000000 00:00 0 
7faaa056c000-7faaa056d000 ---p 00000000 00:00 0 
7faaa056d000-7faaa066d000 rw-p 00000000 00:00 0 
7faaa066d000-7faaa066e000 ---p 00000000 00:00 0 
7faaa066e000-7faaa076e000 rw-p 00000000 00:00 0 
7faaa076e000-7faaa076f000 ---p 00000000 00:00 0 
7faaa076f000-7faaa086f000 rw-p 00000000 00:00 0 
7faaa086f000-7faaa0870000 ---p 00000000 00:00 0 
7faaa0870000-7faaa0970000 rw-p 00000000 00:00 0 
7faaa0970000-7faaa0971000 ---p 00000000 00:00 0 
7faaa0971000-7faaa0a71000 rw-p 00000000 00:00 0 
7faaa0a71000-7faaa0a72000 ---p 00000000 00:00 0 
7faaa0a72000-7faaa0bc6000 rw-p 00000000 00:00 0 
7faaa0bc6000-7faaa10a7000 ---p 00000000 00:00 0 
7faaa10a7000-7faaa10fb000 rw-p 00000000 00:00 0 
7faaa10fb000-7faaa15db000 ---p 00000000 00:00 0 
7faaa15db000-7faaa1606000 rw-p 00000000 00:00 0 
7faaa1606000-7faaa1876000 ---p 00000000 00:00 0 
7faaa1876000-7faaa1890000 rw-p 00000000 00:00 0 
7faaa1890000-7faaa1c37000 ---p 00000000 00:00 0 
7faaa1c37000-7faaa1c3f000 r-xp 00000000 08:01 1448251                    /usr/lib/jvm/java-8-openjdk-amd64/jre/lib/amd64/libzip.so
7faaa1c3f000-7faaa1e3e000 ---p 00008000 08:01 1448251                    /usr/lib/jvm/java-8-openjdk-amd64/jre/lib/amd64/libzip.so
7faaa1e3e000-7faaa1e3f000 r--p 00007000 08:01 1448251                    /usr/lib/jvm/java-8-openjdk-amd64/jre/lib/amd64/libzip.so
7faaa1e3f000-7faaa1e40000 rw-p 00008000 08:01 1448251                    /usr/lib/jvm/java-8-openjdk-amd64/jre/lib/amd64/libzip.so
7faaa1e40000-7faaa1e56000 r-xp 00000000 08:01 924242                     /lib/x86_64-linux-gnu/libnsl-2.23.so
7faaa1e56000-7faaa2055000 ---p 00016000 08:01 924242                     /lib/x86_64-linux-gnu/libnsl-2.23.so
7faaa2055000-7faaa2056000 r--p 00015000 08:01 924242                     /lib/x86_64-linux-gnu/libnsl-2.23.so
7faaa2056000-7faaa2057000 rw-p 00016000 08:01 924242                     /lib/x86_64-linux-gnu/libnsl-2.23.so
7faaa2057000-7faaa2059000 rw-p 00000000 00:00 0 
7faaa2059000-7faaa2070000 r-xp 00000000 08:01 964164                     /lib/x86_64-linux-gnu/libresolv-2.23.so
7faaa2070000-7faaa2270000 ---p 00017000 08:01 964164                     /lib/x86_64-linux-gnu/libresolv-2.23.so
7faaa2270000-7faaa2271000 r--p 00017000 08:01 964164                     /lib/x86_64-linux-gnu/libresolv-2.23.so
7faaa2271000-7faaa2272000 rw-p 00018000 08:01 964164                     /lib/x86_64-linux-gnu/libresolv-2.23.so
7faaa2272000-7faaa2274000 rw-p 00000000 00:00 0 
7faaa2274000-7faaa22a6000 r-xp 00000000 08:01 922666                     /lib/libnss_centrifydc.so.2
7faaa22a6000-7faaa24a6000 ---p 00032000 08:01 922666                     /lib/libnss_centrifydc.so.2
7faaa24a6000-7faaa24a8000 rw-p 00032000 08:01 922666                     /lib/libnss_centrifydc.so.2
7faaa24a8000-7faaa24d5000 r-xp 00000000 08:01 1455839                    /usr/lib/jvm/java-8-openjdk-amd64/jre/lib/amd64/libjava.so
7faaa24d5000-7faaa26d4000 ---p 0002d000 08:01 1455839                    /usr/lib/jvm/java-8-openjdk-amd64/jre/lib/amd64/libjava.so
7faaa26d4000-7faaa26d5000 r--p 0002c000 08:01 1455839                    /usr/lib/jvm/java-8-openjdk-amd64/jre/lib/amd64/libjava.so
7faaa26d5000-7faaa26d7000 rw-p 0002d000 08:01 1455839                    /usr/lib/jvm/java-8-openjdk-amd64/jre/lib/amd64/libjava.so
7faaa26d7000-7faaa26e6000 r-xp 00000000 08:01 1448245                    /usr/lib/jvm/java-8-openjdk-amd64/jre/lib/amd64/libverify.so
7faaa26e6000-7faaa28e5000 ---p 0000f000 08:01 1448245                    /usr/lib/jvm/java-8-openjdk-amd64/jre/lib/amd64/libverify.so
7faaa28e5000-7faaa28e7000 r--p 0000e000 08:01 1448245                    /usr/lib/jvm/java-8-openjdk-amd64/jre/lib/amd64/libverify.so
7faaa28e7000-7faaa28e8000 rw-p 00010000 08:01 1448245                    /usr/lib/jvm/java-8-openjdk-amd64/jre/lib/amd64/libverify.so
7faaa28e8000-7faaa28ef000 r-xp 00000000 08:01 956951                     /lib/x86_64-linux-gnu/librt-2.23.so
7faaa28ef000-7faaa2aee000 ---p 00007000 08:01 956951                     /lib/x86_64-linux-gnu/librt-2.23.so
7faaa2aee000-7faaa2aef000 r--p 00006000 08:01 956951                     /lib/x86_64-linux-gnu/librt-2.23.so
7faaa2aef000-7faaa2af0000 rw-p 00007000 08:01 956951                     /lib/x86_64-linux-gnu/librt-2.23.so
7faaa2af0000-7faaa2b06000 r-xp 00000000 08:01 922704                     /lib/x86_64-linux-gnu/libgcc_s.so.1
7faaa2b06000-7faaa2d05000 ---p 00016000 08:01 922704                     /lib/x86_64-linux-gnu/libgcc_s.so.1
7faaa2d05000-7faaa2d06000 rw-p 00015000 08:01 922704                     /lib/x86_64-linux-gnu/libgcc_s.so.1
7faaa2d06000-7faaa2e0e000 r-xp 00000000 08:01 964167                     /lib/x86_64-linux-gnu/libm-2.23.so
7faaa2e0e000-7faaa300d000 ---p 00108000 08:01 964167                     /lib/x86_64-linux-gnu/libm-2.23.so
7faaa300d000-7faaa300e000 r--p 00107000 08:01 964167                     /lib/x86_64-linux-gnu/libm-2.23.so
7faaa300e000-7faaa300f000 rw-p 00108000 08:01 964167                     /lib/x86_64-linux-gnu/libm-2.23.so
7faaa300f000-7faaa3181000 r-xp 00000000 08:01 265657                     /usr/lib/x86_64-linux-gnu/libstdc++.so.6.0.21
7faaa3181000-7faaa3381000 ---p 00172000 08:01 265657                     /usr/lib/x86_64-linux-gnu/libstdc++.so.6.0.21
7faaa3381000-7faaa338b000 r--p 00172000 08:01 265657                     /usr/lib/x86_64-linux-gnu/libstdc++.so.6.0.21
7faaa338b000-7faaa338d000 rw-p 0017c000 08:01 265657                     /usr/lib/x86_64-linux-gnu/libstdc++.so.6.0.21
7faaa338d000-7faaa3391000 rw-p 00000000 00:00 0 
7faaa3391000-7faaa3fe5000 r-xp 00000000 08:01 1448250                    /usr/lib/jvm/java-8-openjdk-amd64/jre/lib/amd64/server/libjvm.so
7faaa3fe5000-7faaa41e5000 ---p 00c54000 08:01 1448250                    /usr/lib/jvm/java-8-openjdk-amd64/jre/lib/amd64/server/libjvm.so
7faaa41e5000-7faaa4278000 r--p 00c54000 08:01 1448250                    /usr/lib/jvm/java-8-openjdk-amd64/jre/lib/amd64/server/libjvm.so
7faaa4278000-7faaa42a1000 rw-p 00ce7000 08:01 1448250                    /usr/lib/jvm/java-8-openjdk-amd64/jre/lib/amd64/server/libjvm.so
7faaa42a1000-7faaa42d1000 rw-p 00000000 00:00 0 
7faaa42d1000-7faaa42e9000 r-xp 00000000 08:01 924248                     /lib/x86_64-linux-gnu/libpthread-2.23.so
7faaa42e9000-7faaa44e8000 ---p 00018000 08:01 924248                     /lib/x86_64-linux-gnu/libpthread-2.23.so
7faaa44e8000-7faaa44e9000 r--p 00017000 08:01 924248                     /lib/x86_64-linux-gnu/libpthread-2.23.so
7faaa44e9000-7faaa44ea000 rw-p 00018000 08:01 924248                     /lib/x86_64-linux-gnu/libpthread-2.23.so
7faaa44ea000-7faaa44ee000 rw-p 00000000 00:00 0 
7faaa44ee000-7faaa44f1000 r-xp 00000000 08:01 961196                     /lib/x86_64-linux-gnu/libdl-2.23.so
7faaa44f1000-7faaa46f0000 ---p 00003000 08:01 961196                     /lib/x86_64-linux-gnu/libdl-2.23.so
7faaa46f0000-7faaa46f1000 r--p 00002000 08:01 961196                     /lib/x86_64-linux-gnu/libdl-2.23.so
7faaa46f1000-7faaa46f2000 rw-p 00003000 08:01 961196                     /lib/x86_64-linux-gnu/libdl-2.23.so
7faaa46f2000-7faaa470b000 r-xp 00000000 08:01 922621                     /lib/x86_64-linux-gnu/libz.so.1.2.8
7faaa470b000-7faaa490a000 ---p 00019000 08:01 922621                     /lib/x86_64-linux-gnu/libz.so.1.2.8
7faaa490a000-7faaa490b000 r--p 00018000 08:01 922621                     /lib/x86_64-linux-gnu/libz.so.1.2.8
7faaa490b000-7faaa490c000 rw-p 00019000 08:01 922621                     /lib/x86_64-linux-gnu/libz.so.1.2.8
7faaa490c000-7faaa4acc000 r-xp 00000000 08:01 964172                     /lib/x86_64-linux-gnu/libc-2.23.so
7faaa4acc000-7faaa4ccc000 ---p 001c0000 08:01 964172                     /lib/x86_64-linux-gnu/libc-2.23.so
7faaa4ccc000-7faaa4cd0000 r--p 001c0000 08:01 964172                     /lib/x86_64-linux-gnu/libc-2.23.so
7faaa4cd0000-7faaa4cd2000 rw-p 001c4000 08:01 964172                     /lib/x86_64-linux-gnu/libc-2.23.so
7faaa4cd2000-7faaa4cd6000 rw-p 00000000 00:00 0 
7faaa4cd6000-7faaa4ce3000 r-xp 00000000 08:01 1448243                    /usr/lib/jvm/java-8-openjdk-amd64/jre/lib/amd64/jli/libjli.so
7faaa4ce3000-7faaa4ee3000 ---p 0000d000 08:01 1448243                    /usr/lib/jvm/java-8-openjdk-amd64/jre/lib/amd64/jli/libjli.so
7faaa4ee3000-7faaa4ee4000 r--p 0000d000 08:01 1448243                    /usr/lib/jvm/java-8-openjdk-amd64/jre/lib/amd64/jli/libjli.so
7faaa4ee4000-7faaa4ee5000 rw-p 0000e000 08:01 1448243                    /usr/lib/jvm/java-8-openjdk-amd64/jre/lib/amd64/jli/libjli.so
7faaa4ee5000-7faaa4f0b000 r-xp 00000000 08:01 924243                     /lib/x86_64-linux-gnu/ld-2.23.so
7faaa4f0b000-7faaa4f0c000 r--s 00000000 08:01 412296                     /var/cache/fontconfig/c277e94e32b20404286a1ddafa5a80f0-le64.cache-6
7faaa4f0c000-7faaa4f11000 r--s 00000000 08:01 394074                     /var/cache/fontconfig/7ef2298fde41cc6eeb7af42e48b7d293-le64.cache-6
7faaa4f11000-7faaa4fe3000 rw-p 00000000 00:00 0 
7faaa4fe3000-7faaa4fe6000 ---p 00000000 00:00 0 
7faaa4fe6000-7faaa50e9000 rw-p 00000000 00:00 0 
7faaa50e9000-7faaa50eb000 r--s 00000000 08:01 406055                     /var/cache/fontconfig/16326683038b281783a0ef8c680e3a10-le64.cache-6
7faaa50eb000-7faaa50ec000 r--s 00000000 08:01 405913                     /var/cache/fontconfig/e0aa53bcfa504e64f87823c16bc01eb6-le64.cache-6
7faaa50ec000-7faaa50ee000 r--s 00008000 08:01 1448237                    /usr/lib/jvm/java-8-openjdk-amd64/jre/lib/ext/sunec.jar
7faaa50ee000-7faaa50ef000 r--s 0000a000 08:01 1448234                    /usr/lib/jvm/java-8-openjdk-amd64/jre/lib/ext/jaccess.jar
7faaa50ef000-7faaa50f2000 r--s 0000f000 08:01 1448236                    /usr/lib/jvm/java-8-openjdk-amd64/jre/lib/ext/icedtea-sound.jar
7faaa50f2000-7faaa50f7000 r--s 0003b000 08:01 1448235                    /usr/lib/jvm/java-8-openjdk-amd64/jre/lib/ext/sunjce_provider.jar
7faaa50f7000-7faaa50fb000 r--s 00037000 08:01 1448232                    /usr/lib/jvm/java-8-openjdk-amd64/jre/lib/ext/sunpkcs11.jar
7faaa50fb000-7faaa50fc000 r--s 00010000 08:01 1448238                    /usr/lib/jvm/java-8-openjdk-amd64/jre/lib/ext/zipfs.jar
7faaa50fc000-7faaa50fe000 r--s 00001000 08:01 1448233                    /usr/lib/jvm/java-8-openjdk-amd64/jre/lib/ext/dnsns.jar
7faaa50fe000-7faaa5106000 rw-s 00000000 08:01 409895                     /tmp/hsperfdata_chetlampron/3305
7faaa5106000-7faaa5107000 rw-p 00000000 00:00 0 
7faaa5107000-7faaa5108000 r--p 00000000 00:00 0 
7faaa5108000-7faaa510a000 rw-p 00000000 00:00 0 
7faaa510a000-7faaa510b000 r--p 00025000 08:01 924243                     /lib/x86_64-linux-gnu/ld-2.23.so
7faaa510b000-7faaa510c000 rw-p 00026000 08:01 924243                     /lib/x86_64-linux-gnu/ld-2.23.so
7faaa510c000-7faaa510d000 rw-p 00000000 00:00 0 
7ffe9e44b000-7ffe9e46c000 rw-p 00000000 00:00 0                          [stack]
7ffe9e56d000-7ffe9e56f000 r--p 00000000 00:00 0                          [vvar]
7ffe9e56f000-7ffe9e571000 r-xp 00000000 00:00 0                          [vdso]
ffffffffff600000-ffffffffff601000 r-xp 00000000 00:00 0                  [vsyscall]

VM Arguments:
jvm_args: -Djava.library.path=/opt/jocl -Dfile.encoding=UTF-8 
java_command: pink.PipGui
java_class_path (initial): /home/chetlampron/git/CS380-F17-LampronChet/PinksImageProcessing/bin:/home/chetlampron/git/CS380-F17-LampronChet/PinksImageProcessing/jocl-0.1.9.jar
Launcher Type: SUN_STANDARD

Environment Variables:
PATH=/home/chetlampron/bin:/home/chetlampron/.local/bin:/usr/local/sbin:/usr/local/bin:/usr/sbin:/usr/bin:/sbin:/bin:/usr/games:/usr/local/games:/snap/bin
SHELL=/bin/bash
DISPLAY=:1

Signal Handlers:
SIGSEGV: [libjvm.so+0xa6ad10], sa_mask[0]=11111111011111111101111111111110, sa_flags=SA_RESTART|SA_SIGINFO
SIGBUS: [libjvm.so+0xa6ad10], sa_mask[0]=11111111011111111101111111111110, sa_flags=SA_RESTART|SA_SIGINFO
SIGFPE: [libjvm.so+0x8b3bc0], sa_mask[0]=11111111011111111101111111111110, sa_flags=SA_RESTART|SA_SIGINFO
SIGPIPE: [libjvm.so+0x8b3bc0], sa_mask[0]=11111111011111111101111111111110, sa_flags=SA_RESTART|SA_SIGINFO
SIGXFSZ: [libjvm.so+0x8b3bc0], sa_mask[0]=11111111011111111101111111111110, sa_flags=SA_RESTART|SA_SIGINFO
SIGILL: [libjvm.so+0x8b3bc0], sa_mask[0]=11111111011111111101111111111110, sa_flags=SA_RESTART|SA_SIGINFO
SIGUSR1: SIG_DFL, sa_mask[0]=00000000000000000000000000000000, sa_flags=none
SIGUSR2: [libjvm.so+0x8b3a70], sa_mask[0]=00100000000000000000000000000000, sa_flags=SA_RESTART|SA_SIGINFO
SIGHUP: [libjvm.so+0x8b3f40], sa_mask[0]=11111111011111111101111111111110, sa_flags=SA_RESTART|SA_SIGINFO
SIGINT: [libjvm.so+0x8b3f40], sa_mask[0]=11111111011111111101111111111110, sa_flags=SA_RESTART|SA_SIGINFO
SIGTERM: [libjvm.so+0x8b3f40], sa_mask[0]=11111111011111111101111111111110, sa_flags=SA_RESTART|SA_SIGINFO
SIGQUIT: [libjvm.so+0x8b3f40], sa_mask[0]=11111111011111111101111111111110, sa_flags=SA_RESTART|SA_SIGINFO


---------------  S Y S T E M  ---------------

OS:DISTRIB_ID=Ubuntu
DISTRIB_RELEASE=16.04
DISTRIB_CODENAME=xenial
DISTRIB_DESCRIPTION="Ubuntu 16.04.3 LTS"

uname:Linux 4.4.0-93-generic #116-Ubuntu SMP Fri Aug 11 21:17:51 UTC 2017 x86_64
libc:glibc 2.23 NPTL 2.23 
rlimit: STACK 8192k, CORE 0k, NPROC 63759, NOFILE 1048576, AS infinity
load average:0.27 0.36 0.27

/proc/meminfo:
MemTotal:       16369796 kB
MemFree:        10294260 kB
MemAvailable:   12283684 kB
Buffers:          316564 kB
Cached:          1929428 kB
SwapCached:            0 kB
Active:          4883964 kB
Inactive:         674388 kB
Active(anon):    3313764 kB
Inactive(anon):   109188 kB
Active(file):    1570200 kB
Inactive(file):   565200 kB
Unevictable:          32 kB
Mlocked:              32 kB
SwapTotal:       1046524 kB
SwapFree:        1046524 kB
Dirty:               480 kB
Writeback:             0 kB
AnonPages:       3312264 kB
Mapped:           508952 kB
Shmem:            110596 kB
Slab:             254436 kB
SReclaimable:     195772 kB
SUnreclaim:        58664 kB
KernelStack:       17120 kB
PageTables:        63376 kB
NFS_Unstable:          0 kB
Bounce:                0 kB
WritebackTmp:          0 kB
CommitLimit:     9231420 kB
Committed_AS:   11093864 kB
VmallocTotal:   34359738367 kB
VmallocUsed:           0 kB
VmallocChunk:          0 kB
HardwareCorrupted:     0 kB
AnonHugePages:   2019328 kB
CmaTotal:              0 kB
CmaFree:               0 kB
HugePages_Total:       0
HugePages_Free:        0
HugePages_Rsvd:        0
HugePages_Surp:        0
Hugepagesize:       2048 kB
DirectMap4k:      308456 kB
DirectMap2M:     8017920 kB
DirectMap1G:     8388608 kB


CPU:total 8 (initial active 8) (4 cores per cpu, 2 threads per core) family 6 model 94 stepping 3, cmov, cx8, fxsr, mmx, sse, sse2, sse3, ssse3, sse4.1, sse4.2, popcnt, avx, avx2, aes, clmul, erms, rtm, 3dnowpref, lzcnt, ht, tsc, tscinvbit, bmi1, bmi2, adx

/proc/cpuinfo:
processor	: 0
vendor_id	: GenuineIntel
cpu family	: 6
model		: 94
model name	: Intel(R) Core(TM) i7-6700 CPU @ 3.40GHz
stepping	: 3
microcode	: 0xba
cpu MHz		: 903.390
cache size	: 8192 KB
physical id	: 0
siblings	: 8
core id		: 0
cpu cores	: 4
apicid		: 0
initial apicid	: 0
fpu		: yes
fpu_exception	: yes
cpuid level	: 22
wp		: yes
flags		: fpu vme de pse tsc msr pae mce cx8 apic sep mtrr pge mca cmov pat pse36 clflush dts acpi mmx fxsr sse sse2 ss ht tm pbe syscall nx pdpe1gb rdtscp lm constant_tsc art arch_perfmon pebs bts rep_good nopl xtopology nonstop_tsc aperfmperf eagerfpu pni pclmulqdq dtes64 monitor ds_cpl vmx smx est tm2 ssse3 sdbg fma cx16 xtpr pdcm pcid sse4_1 sse4_2 x2apic movbe popcnt tsc_deadline_timer aes xsave avx f16c rdrand lahf_lm abm 3dnowprefetch epb intel_pt tpr_shadow vnmi flexpriority ept vpid fsgsbase tsc_adjust bmi1 hle avx2 smep bmi2 erms invpcid rtm mpx rdseed adx smap clflushopt xsaveopt xsavec xgetbv1 dtherm ida arat pln pts hwp hwp_notify hwp_act_window hwp_epp
bugs		:
bogomips	: 6816.00
clflush size	: 64
cache_alignment	: 64
address sizes	: 39 bits physical, 48 bits virtual
power management:

processor	: 1
vendor_id	: GenuineIntel
cpu family	: 6
model		: 94
model name	: Intel(R) Core(TM) i7-6700 CPU @ 3.40GHz
stepping	: 3
microcode	: 0xba
cpu MHz		: 3246.070
cache size	: 8192 KB
physical id	: 0
siblings	: 8
core id		: 1
cpu cores	: 4
apicid		: 2
initial apicid	: 2
fpu		: yes
fpu_exception	: yes
cpuid level	: 22
wp		: yes
flags		: fpu vme de pse tsc msr pae mce cx8 apic sep mtrr pge mca cmov pat pse36 clflush dts acpi mmx fxsr sse sse2 ss ht tm pbe syscall nx pdpe1gb rdtscp lm constant_tsc art arch_perfmon pebs bts rep_good nopl xtopology nonstop_tsc aperfmperf eagerfpu pni pclmulqdq dtes64 monitor ds_cpl vmx smx est tm2 ssse3 sdbg fma cx16 xtpr pdcm pcid sse4_1 sse4_2 x2apic movbe popcnt tsc_deadline_timer aes xsave avx f16c rdrand lahf_lm abm 3dnowprefetch epb intel_pt tpr_shadow vnmi flexpriority ept vpid fsgsbase tsc_adjust bmi1 hle avx2 smep bmi2 erms invpcid rtm mpx rdseed adx smap clflushopt xsaveopt xsavec xgetbv1 dtherm ida arat pln pts hwp hwp_notify hwp_act_window hwp_epp
bugs		:
bogomips	: 6816.00
clflush size	: 64
cache_alignment	: 64
address sizes	: 39 bits physical, 48 bits virtual
power management:

processor	: 2
vendor_id	: GenuineIntel
cpu family	: 6
model		: 94
model name	: Intel(R) Core(TM) i7-6700 CPU @ 3.40GHz
stepping	: 3
microcode	: 0xba
cpu MHz		: 899.539
cache size	: 8192 KB
physical id	: 0
siblings	: 8
core id		: 2
cpu cores	: 4
apicid		: 4
initial apicid	: 4
fpu		: yes
fpu_exception	: yes
cpuid level	: 22
wp		: yes
flags		: fpu vme de pse tsc msr pae mce cx8 apic sep mtrr pge mca cmov pat pse36 clflush dts acpi mmx fxsr sse sse2 ss ht tm pbe syscall nx pdpe1gb rdtscp lm constant_tsc art arch_perfmon pebs bts rep_good nopl xtopology nonstop_tsc aperfmperf eagerfpu pni pclmulqdq dtes64 monitor ds_cpl vmx smx est tm2 ssse3 sdbg fma cx16 xtpr pdcm pcid sse4_1 sse4_2 x2apic movbe popcnt tsc_deadline_timer aes xsave avx f16c rdrand lahf_lm abm 3dnowprefetch epb intel_pt tpr_shadow vnmi flexpriority ept vpid fsgsbase tsc_adjust bmi1 hle avx2 smep bmi2 erms invpcid rtm mpx rdseed adx smap clflushopt xsaveopt xsavec xgetbv1 dtherm ida arat pln pts hwp hwp_notify hwp_act_window hwp_epp
bugs		:
bogomips	: 6816.00
clflush size	: 64
cache_alignment	: 64
address sizes	: 39 bits physical, 48 bits virtual
power management:

processor	: 3
vendor_id	: GenuineIntel
cpu family	: 6
model		: 94
model name	: Intel(R) Core(TM) i7-6700 CPU @ 3.40GHz
stepping	: 3
microcode	: 0xba
cpu MHz		: 955.453
cache size	: 8192 KB
physical id	: 0
siblings	: 8
core id		: 3
cpu cores	: 4
apicid		: 6
initial apicid	: 6
fpu		: yes
fpu_exception	: yes
cpuid level	: 22
wp		: yes
flags		: fpu vme de pse tsc msr pae mce cx8 apic sep mtrr pge mca cmov pat pse36 clflush dts acpi mmx fxsr sse sse2 ss ht tm pbe syscall nx pdpe1gb rdtscp lm constant_tsc art arch_perfmon pebs bts rep_good nopl xtopology nonstop_tsc aperfmperf eagerfpu pni pclmulqdq dtes64 monitor ds_cpl vmx smx est tm2 ssse3 sdbg fma cx16 xtpr pdcm pcid sse4_1 sse4_2 x2apic movbe popcnt tsc_deadline_timer aes xsave avx f16c rdrand lahf_lm abm 3dnowprefetch epb intel_pt tpr_shadow vnmi flexpriority ept vpid fsgsbase tsc_adjust bmi1 hle avx2 smep bmi2 erms invpcid rtm mpx rdseed adx smap clflushopt xsaveopt xsavec xgetbv1 dtherm ida arat pln pts hwp hwp_notify hwp_act_window hwp_epp
bugs		:
bogomips	: 6816.00
clflush size	: 64
cache_alignment	: 64
address sizes	: 39 bits physical, 48 bits virtual
power management:

processor	: 4
vendor_id	: GenuineIntel
cpu family	: 6
model		: 94
model name	: Intel(R) Core(TM) i7-6700 CPU @ 3.40GHz
stepping	: 3
microcode	: 0xba
cpu MHz		: 903.921
cache size	: 8192 KB
physical id	: 0
siblings	: 8
core id		: 0
cpu cores	: 4
apicid		: 1
initial apicid	: 1
fpu		: yes
fpu_exception	: yes
cpuid level	: 22
wp		: yes
flags		: fpu vme de pse tsc msr pae mce cx8 apic sep mtrr pge mca cmov pat pse36 clflush dts acpi mmx fxsr sse sse2 ss ht tm pbe syscall nx pdpe1gb rdtscp lm constant_tsc art arch_perfmon pebs bts rep_good nopl xtopology nonstop_tsc aperfmperf eagerfpu pni pclmulqdq dtes64 monitor ds_cpl vmx smx est tm2 ssse3 sdbg fma cx16 xtpr pdcm pcid sse4_1 sse4_2 x2apic movbe popcnt tsc_deadline_timer aes xsave avx f16c rdrand lahf_lm abm 3dnowprefetch epb intel_pt tpr_shadow vnmi flexpriority ept vpid fsgsbase tsc_adjust bmi1 hle avx2 smep bmi2 erms invpcid rtm mpx rdseed adx smap clflushopt xsaveopt xsavec xgetbv1 dtherm ida arat pln pts hwp hwp_notify hwp_act_window hwp_epp
bugs		:
bogomips	: 6816.00
clflush size	: 64
cache_alignment	: 64
address sizes	: 39 bits physical, 48 bits virtual
power management:

processor	: 5
vendor_id	: GenuineIntel
cpu family	: 6
model		: 94
model name	: Intel(R) Core(TM) i7-6700 CPU @ 3.40GHz
stepping	: 3
microcode	: 0xba
cpu MHz		: 899.937
cache size	: 8192 KB
physical id	: 0
siblings	: 8
core id		: 1
cpu cores	: 4
apicid		: 3
initial apicid	: 3
fpu		: yes
fpu_exception	: yes
cpuid level	: 22
wp		: yes
flags		: fpu vme de pse tsc msr pae mce cx8 apic sep mtrr pge mca cmov pat pse36 clflush dts acpi mmx fxsr sse sse2 ss ht tm pbe syscall nx pdpe1gb rdtscp lm constant_tsc art arch_perfmon pebs bts rep_good nopl xtopology nonstop_tsc aperfmperf eagerfpu pni pclmulqdq dtes64 monitor ds_cpl vmx smx est tm2 ssse3 sdbg fma cx16 xtpr pdcm pcid sse4_1 sse4_2 x2apic movbe popcnt tsc_deadline_timer aes xsave avx f16c rdrand lahf_lm abm 3dnowprefetch epb intel_pt tpr_shadow vnmi flexpriority ept vpid fsgsbase tsc_adjust bmi1 hle avx2 smep bmi2 erms invpcid rtm mpx rdseed adx smap clflushopt xsaveopt xsavec xgetbv1 dtherm ida arat pln pts hwp hwp_notify hwp_act_window hwp_epp
bugs		:
bogomips	: 6816.00
clflush size	: 64
cache_alignment	: 64
address sizes	: 39 bits physical, 48 bits virtual
power management:

processor	: 6
vendor_id	: GenuineIntel
cpu family	: 6
model		: 94
model name	: Intel(R) Core(TM) i7-6700 CPU @ 3.40GHz
stepping	: 3
microcode	: 0xba
cpu MHz		: 1284.296
cache size	: 8192 KB
physical id	: 0
siblings	: 8
core id		: 2
cpu cores	: 4
apicid		: 5
initial apicid	: 5
fpu		: yes
fpu_exception	: yes
cpuid level	: 22
wp		: yes
flags		: fpu vme de pse tsc msr pae mce cx8 apic sep mtrr pge mca cmov pat pse36 clflush dts acpi mmx fxsr sse sse2 ss ht tm pbe syscall nx pdpe1gb rdtscp lm constant_tsc art arch_perfmon pebs bts rep_good nopl xtopology nonstop_tsc aperfmperf eagerfpu pni pclmulqdq dtes64 monitor ds_cpl vmx smx est tm2 ssse3 sdbg fma cx16 xtpr pdcm pcid sse4_1 sse4_2 x2apic movbe popcnt tsc_deadline_timer aes xsave avx f16c rdrand lahf_lm abm 3dnowprefetch epb intel_pt tpr_shadow vnmi flexpriority ept vpid fsgsbase tsc_adjust bmi1 hle avx2 smep bmi2 erms invpcid rtm mpx rdseed adx smap clflushopt xsaveopt xsavec xgetbv1 dtherm ida arat pln pts hwp hwp_notify hwp_act_window hwp_epp
bugs		:
bogomips	: 6816.00
clflush size	: 64
cache_alignment	: 64
address sizes	: 39 bits physical, 48 bits virtual
power management:

processor	: 7
vendor_id	: GenuineIntel
cpu family	: 6
model		: 94
model name	: Intel(R) Core(TM) i7-6700 CPU @ 3.40GHz
stepping	: 3
microcode	: 0xba
cpu MHz		: 2604.851
cache size	: 8192 KB
physical id	: 0
siblings	: 8
core id		: 3
cpu cores	: 4
apicid		: 7
initial apicid	: 7
fpu		: yes
fpu_exception	: yes
cpuid level	: 22
wp		: yes
flags		: fpu vme de pse tsc msr pae mce cx8 apic sep mtrr pge mca cmov pat pse36 clflush dts acpi mmx fxsr sse sse2 ss ht tm pbe syscall nx pdpe1gb rdtscp lm constant_tsc art arch_perfmon pebs bts rep_good nopl xtopology nonstop_tsc aperfmperf eagerfpu pni pclmulqdq dtes64 monitor ds_cpl vmx smx est tm2 ssse3 sdbg fma cx16 xtpr pdcm pcid sse4_1 sse4_2 x2apic movbe popcnt tsc_deadline_timer aes xsave avx f16c rdrand lahf_lm abm 3dnowprefetch epb intel_pt tpr_shadow vnmi flexpriority ept vpid fsgsbase tsc_adjust bmi1 hle avx2 smep bmi2 erms invpcid rtm mpx rdseed adx smap clflushopt xsaveopt xsavec xgetbv1 dtherm ida arat pln pts hwp hwp_notify hwp_act_window hwp_epp
bugs		:
bogomips	: 6816.00
clflush size	: 64
cache_alignment	: 64
address sizes	: 39 bits physical, 48 bits virtual
power management:



Memory: 4k page, physical 16369796k(10294260k free), swap 1046524k(1046524k free)

vm_info: OpenJDK 64-Bit Server VM (25.131-b11) for linux-amd64 JRE (1.8.0_131-8u131-b11-2ubuntu1.16.04.3-b11), built on Jul 28 2017 01:23:32 by "buildd" with gcc 5.4.0 20160609

time: Wed Sep 13 21:13:43 2017
elapsed time: 20 seconds (0d 0h 0m 20s)

